TpTrace Verbose: 0 : 19848, 1, 2023/09/09, 15:13:52.134, 8411566895374, vstest.console.dll, Version: 17.6.3-release-20230616-01 Current process architecture: X64
TpTrace Verbose: 0 : 19848, 1, 2023/09/09, 15:13:52.135, 8411566911151, vstest.console.dll, Runtime location: C:\Program Files\dotnet\shared\Microsoft.NETCore.App\7.0.9
TpTrace Verbose: 0 : 19848, 1, 2023/09/09, 15:13:52.138, 8411566934512, vstest.console.dll, ArtifactProcessingPostProcessModeProcessorExecutor.Initialize: ArtifactProcessingMode.Collect
TpTrace Verbose: 0 : 19848, 1, 2023/09/09, 15:13:52.138, 8411566936832, vstest.console.dll, TestSessionCorrelationIdProcessorModeProcessorExecutor.Initialize: TestSessionCorrelationId '20564_44a785e2-9fca-4da0-84ec-5c71996a3aec'
TpTrace Information: 0 : 19848, 1, 2023/09/09, 15:13:52.145, 8411567012022, vstest.console.dll, FilePatternParser: The given file C:\Users\Deca\Desktop\week-4-task-Innochu\BrinelleBankApp\BrinelleBankTest\bin\Debug\net6.0\fine-code-coverage\build-output\BrinelleBankTest.dll is a full path.
TpTrace Verbose: 0 : 19848, 1, 2023/09/09, 15:13:52.151, 8411567065458, vstest.console.dll, TestPluginCache.DiscoverTestExtensions: finding test extensions in assemblies ends with: RuntimeProvider.dll TPluginInfo: Microsoft.VisualStudio.TestPlatform.Common.ExtensionFramework.Utilities.TestRuntimePluginInformation TExtension: Microsoft.VisualStudio.TestPlatform.ObjectModel.Host.ITestRuntimeProvider
TpTrace Verbose: 0 : 19848, 1, 2023/09/09, 15:13:52.151, 8411567069822, vstest.console.dll, TestPluginCache.GetExtensionPaths: Filtered extension paths: 
TpTrace Verbose: 0 : 19848, 1, 2023/09/09, 15:13:52.151, 8411567070520, vstest.console.dll, TestPluginCache.GetExtensionPaths: Added default extension paths: C:\Program Files\dotnet\sdk\7.0.306\Extensions\Microsoft.Diagnostics.NETCore.Client.dll
C:\Program Files\dotnet\sdk\7.0.306\Extensions\Microsoft.TestPlatform.Extensions.BlameDataCollector.dll
C:\Program Files\dotnet\sdk\7.0.306\Extensions\Microsoft.TestPlatform.Extensions.EventLogCollector.dll
C:\Program Files\dotnet\sdk\7.0.306\Extensions\Microsoft.TestPlatform.TestHostRuntimeProvider.dll
C:\Program Files\dotnet\sdk\7.0.306\Extensions\Microsoft.VisualStudio.TestPlatform.Extensions.Html.TestLogger.dll
C:\Program Files\dotnet\sdk\7.0.306\Extensions\Microsoft.VisualStudio.TestPlatform.Extensions.Trx.TestLogger.dll
TpTrace Verbose: 0 : 19848, 1, 2023/09/09, 15:13:52.151, 8411567070794, vstest.console.dll, TestPluginCache.GetExtensionPaths: Added unfilterableExtensionPaths: 
TpTrace Information: 0 : 19848, 1, 2023/09/09, 15:13:52.152, 8411567076001, vstest.console.dll, AssemblyResolver.ctor: Creating AssemblyResolver with searchDirectories C:\Program Files\dotnet\sdk\7.0.306\Extensions,C:\Program Files\dotnet\sdk\7.0.306
TpTrace Verbose: 0 : 19848, 1, 2023/09/09, 15:13:52.153, 8411567085431, vstest.console.dll, TestPluginCache.DiscoverTestExtensions: Discovering the extensions using extension path.
TpTrace Verbose: 0 : 19848, 1, 2023/09/09, 15:13:52.153, 8411567086445, vstest.console.dll, TestPluginCache.GetExtensionPaths: Filtered extension paths: 
TpTrace Verbose: 0 : 19848, 1, 2023/09/09, 15:13:52.153, 8411567086798, vstest.console.dll, TestPluginCache.GetExtensionPaths: Added default extension paths: C:\Program Files\dotnet\sdk\7.0.306\Extensions\Microsoft.Diagnostics.NETCore.Client.dll
C:\Program Files\dotnet\sdk\7.0.306\Extensions\Microsoft.TestPlatform.Extensions.BlameDataCollector.dll
C:\Program Files\dotnet\sdk\7.0.306\Extensions\Microsoft.TestPlatform.Extensions.EventLogCollector.dll
C:\Program Files\dotnet\sdk\7.0.306\Extensions\Microsoft.TestPlatform.TestHostRuntimeProvider.dll
C:\Program Files\dotnet\sdk\7.0.306\Extensions\Microsoft.VisualStudio.TestPlatform.Extensions.Html.TestLogger.dll
C:\Program Files\dotnet\sdk\7.0.306\Extensions\Microsoft.VisualStudio.TestPlatform.Extensions.Trx.TestLogger.dll
TpTrace Verbose: 0 : 19848, 1, 2023/09/09, 15:13:52.153, 8411567087017, vstest.console.dll, TestPluginCache.GetExtensionPaths: Added unfilterableExtensionPaths: 
TpTrace Verbose: 0 : 19848, 1, 2023/09/09, 15:13:52.153, 8411567087710, vstest.console.dll, TestPluginCache.DiscoverTestExtensions: Discovering the extensions using allExtensionPaths: C:\Program Files\dotnet\sdk\7.0.306\Extensions\Microsoft.Diagnostics.NETCore.Client.dll
C:\Program Files\dotnet\sdk\7.0.306\Extensions\Microsoft.TestPlatform.Extensions.BlameDataCollector.dll
C:\Program Files\dotnet\sdk\7.0.306\Extensions\Microsoft.TestPlatform.Extensions.EventLogCollector.dll
C:\Program Files\dotnet\sdk\7.0.306\Extensions\Microsoft.TestPlatform.TestHostRuntimeProvider.dll
C:\Program Files\dotnet\sdk\7.0.306\Extensions\Microsoft.VisualStudio.TestPlatform.Extensions.Html.TestLogger.dll
C:\Program Files\dotnet\sdk\7.0.306\Extensions\Microsoft.VisualStudio.TestPlatform.Extensions.Trx.TestLogger.dll
TpTrace Information: 0 : 19848, 1, 2023/09/09, 15:13:52.153, 8411567088932, vstest.console.dll, AssemblyResolver.AddSearchDirectories: Adding more searchDirectories C:\Program Files\dotnet\sdk\7.0.306\Extensions,C:\Program Files\dotnet\sdk\7.0.306
TpTrace Information: 0 : 19848, 1, 2023/09/09, 15:13:52.153, 8411567089490, vstest.console.dll, AssemblyResolver.AddSearchDirectories: Adding more searchDirectories C:\Program Files\dotnet\sdk\7.0.306\Extensions,C:\Program Files\dotnet\sdk\7.0.306
TpTrace Information: 0 : 19848, 1, 2023/09/09, 15:13:52.153, 8411567089764, vstest.console.dll, AssemblyResolver.AddSearchDirectories: Adding more searchDirectories C:\Program Files\dotnet\sdk\7.0.306\Extensions,C:\Program Files\dotnet\sdk\7.0.306
TpTrace Information: 0 : 19848, 1, 2023/09/09, 15:13:52.153, 8411567089980, vstest.console.dll, AssemblyResolver.AddSearchDirectories: Adding more searchDirectories C:\Program Files\dotnet\sdk\7.0.306\Extensions,C:\Program Files\dotnet\sdk\7.0.306
TpTrace Information: 0 : 19848, 1, 2023/09/09, 15:13:52.153, 8411567090186, vstest.console.dll, AssemblyResolver.AddSearchDirectories: Adding more searchDirectories C:\Program Files\dotnet\sdk\7.0.306\Extensions,C:\Program Files\dotnet\sdk\7.0.306
TpTrace Information: 0 : 19848, 1, 2023/09/09, 15:13:52.153, 8411567090426, vstest.console.dll, AssemblyResolver.AddSearchDirectories: Adding more searchDirectories C:\Program Files\dotnet\sdk\7.0.306\Extensions,C:\Program Files\dotnet\sdk\7.0.306
TpTrace Information: 0 : 19848, 1, 2023/09/09, 15:13:52.154, 8411567093651, vstest.console.dll, AssemblyResolver.OnResolve: Microsoft.Diagnostics.NETCore.Client: Resolving assembly.
TpTrace Information: 0 : 19848, 1, 2023/09/09, 15:13:52.154, 8411567094282, vstest.console.dll, AssemblyResolver.OnResolve: Microsoft.Diagnostics.NETCore.Client: Searching in: 'C:\Program Files\dotnet\sdk\7.0.306\Extensions'.
TpTrace Information: 0 : 19848, 1, 2023/09/09, 15:13:52.160, 8411567156216, vstest.console.dll, AssemblyResolver.OnResolve: Microsoft.Diagnostics.NETCore.Client: Loading assembly 'C:\Program Files\dotnet\sdk\7.0.306\Extensions\Microsoft.Diagnostics.NETCore.Client.dll'.
TpTrace Information: 0 : 19848, 1, 2023/09/09, 15:13:52.160, 8411567161668, vstest.console.dll, AssemblyResolver.OnResolve: Resolved assembly: Microsoft.Diagnostics.NETCore.Client, from path: C:\Program Files\dotnet\sdk\7.0.306\Extensions\Microsoft.Diagnostics.NETCore.Client.dll
TpTrace Verbose: 0 : 19848, 1, 2023/09/09, 15:13:52.161, 8411567171547, vstest.console.dll, MetadataReaderExtensionsHelper: Discovering extensions inside assembly 'Microsoft.Diagnostics.NETCore.Client, Version=0.2.6.42401, Culture=neutral, PublicKeyToken=31bf3856ad364e35' file path 'C:\Program Files\dotnet\sdk\7.0.306\Extensions\Microsoft.Diagnostics.NETCore.Client.dll'
TpTrace Information: 0 : 19848, 1, 2023/09/09, 15:13:52.166, 8411567217320, vstest.console.dll, AssemblyResolver.OnResolve: Microsoft.Bcl.AsyncInterfaces: Resolving assembly.
TpTrace Information: 0 : 19848, 1, 2023/09/09, 15:13:52.166, 8411567218253, vstest.console.dll, AssemblyResolver.OnResolve: Microsoft.Bcl.AsyncInterfaces: Searching in: 'C:\Program Files\dotnet\sdk\7.0.306\Extensions'.
TpTrace Information: 0 : 19848, 1, 2023/09/09, 15:13:52.166, 8411567218968, vstest.console.dll, AssemblyResolver.OnResolve: Microsoft.Bcl.AsyncInterfaces: Assembly path does not exist: 'C:\Program Files\dotnet\sdk\7.0.306\Extensions\Microsoft.Bcl.AsyncInterfaces.dll', returning.
TpTrace Information: 0 : 19848, 1, 2023/09/09, 15:13:52.166, 8411567219754, vstest.console.dll, AssemblyResolver.OnResolve: Microsoft.Bcl.AsyncInterfaces: Assembly path does not exist: 'C:\Program Files\dotnet\sdk\7.0.306\Extensions\Microsoft.Bcl.AsyncInterfaces.exe', returning.
TpTrace Information: 0 : 19848, 1, 2023/09/09, 15:13:52.166, 8411567220020, vstest.console.dll, AssemblyResolver.OnResolve: Microsoft.Bcl.AsyncInterfaces: Searching in: 'C:\Program Files\dotnet\sdk\7.0.306'.
TpTrace Information: 0 : 19848, 1, 2023/09/09, 15:13:52.166, 8411567220409, vstest.console.dll, AssemblyResolver.OnResolve: Microsoft.Bcl.AsyncInterfaces: Assembly path does not exist: 'C:\Program Files\dotnet\sdk\7.0.306\Microsoft.Bcl.AsyncInterfaces.dll', returning.
TpTrace Information: 0 : 19848, 1, 2023/09/09, 15:13:52.166, 8411567220778, vstest.console.dll, AssemblyResolver.OnResolve: Microsoft.Bcl.AsyncInterfaces: Assembly path does not exist: 'C:\Program Files\dotnet\sdk\7.0.306\Microsoft.Bcl.AsyncInterfaces.exe', returning.
TpTrace Information: 0 : 19848, 1, 2023/09/09, 15:13:52.166, 8411567221023, vstest.console.dll, AssemblyResolver.OnResolve: Microsoft.Bcl.AsyncInterfaces: Failed to load assembly.
TpTrace Verbose: 0 : 19848, 1, 2023/09/09, 15:13:52.166, 8411567221355, vstest.console.dll, CurrentDomainAssemblyResolve: Resolving assembly 'Microsoft.Bcl.AsyncInterfaces'.
TpTrace Information: 0 : 19848, 1, 2023/09/09, 15:13:52.166, 8411567221902, vstest.console.dll, AssemblyResolver.OnResolve: Microsoft.Bcl.AsyncInterfaces: Resolving assembly.
TpTrace Information: 0 : 19848, 1, 2023/09/09, 15:13:52.166, 8411567222259, vstest.console.dll, AssemblyResolver.OnResolve: Microsoft.Bcl.AsyncInterfaces: Resolved from cache.
TpTrace Verbose: 0 : 19848, 1, 2023/09/09, 15:13:52.166, 8411567222483, vstest.console.dll, CurrentDomainAssemblyResolve: Resolving assembly 'Microsoft.Bcl.AsyncInterfaces'.
TpTrace Verbose: 0 : 19848, 1, 2023/09/09, 15:13:52.166, 8411567222846, vstest.console.dll, CurrentDomainAssemblyResolve: Failed to resolve assembly 'Microsoft.Bcl.AsyncInterfaces'.
TpTrace Verbose: 0 : 19848, 1, 2023/09/09, 15:13:52.167, 8411567227976, vstest.console.dll, CurrentDomainAssemblyResolve: Failed to resolve assembly 'Microsoft.Bcl.AsyncInterfaces'.
TpTrace Warning: 0 : 19848, 1, 2023/09/09, 15:13:52.173, 8411567289515, vstest.console.dll, TestPluginDiscoverer: Failed to get types from assembly 'Microsoft.Diagnostics.NETCore.Client, Version=0.2.6.42401, Culture=neutral, PublicKeyToken=31bf3856ad364e35'. Error: System.Reflection.ReflectionTypeLoadException: Unable to load one or more of the requested types.
Could not load file or assembly 'Microsoft.Bcl.AsyncInterfaces, Version=1.0.0.0, Culture=neutral, PublicKeyToken=cc7b13ffcd2ddd51'. The system cannot find the file specified.
   at System.Reflection.RuntimeModule.GetTypes(RuntimeModule module)
   at System.Reflection.Assembly.GetTypes()
   at Microsoft.VisualStudio.TestPlatform.Common.ExtensionFramework.TestPluginDiscoverer.GetTestExtensionsFromAssembly[TPluginInfo,TExtension](Assembly assembly, Dictionary`2 pluginInfos, String filePath)
System.IO.FileNotFoundException: Could not load file or assembly 'Microsoft.Bcl.AsyncInterfaces, Version=1.0.0.0, Culture=neutral, PublicKeyToken=cc7b13ffcd2ddd51'. The system cannot find the file specified.
File name: 'Microsoft.Bcl.AsyncInterfaces, Version=1.0.0.0, Culture=neutral, PublicKeyToken=cc7b13ffcd2ddd51'
 ---> System.IO.FileNotFoundException: Could not load file or assembly 'Microsoft.Bcl.AsyncInterfaces, Culture=neutral, PublicKeyToken=null'. The system cannot find the file specified.
File name: 'Microsoft.Bcl.AsyncInterfaces, Culture=neutral, PublicKeyToken=null'
   at System.Reflection.RuntimeAssembly.InternalLoad(AssemblyName assemblyName, StackCrawlMark& stackMark, AssemblyLoadContext assemblyLoadContext, RuntimeAssembly requestingAssembly, Boolean throwOnFileNotFound)
   at System.Reflection.Assembly.Load(AssemblyName assemblyRef)
   at Microsoft.VisualStudio.TestPlatform.Common.ExtensionFramework.TestPluginCache.CurrentDomainAssemblyResolve(Object sender, AssemblyResolveEventArgs args)
   at System.Runtime.Loader.AssemblyLoadContext.GetFirstResolvedAssemblyFromResolvingEvent(AssemblyName assemblyName)
   at System.Runtime.Loader.AssemblyLoadContext.ResolveUsingEvent(AssemblyName assemblyName)
   at System.Runtime.Loader.AssemblyLoadContext.ResolveUsingResolvingEvent(IntPtr gchManagedAssemblyLoadContext, AssemblyName assemblyName)
TpTrace Warning: 0 : 19848, 1, 2023/09/09, 15:13:52.173, 8411567292565, vstest.console.dll, LoaderExceptions: System.IO.FileNotFoundException: Could not load file or assembly 'Microsoft.Bcl.AsyncInterfaces, Version=1.0.0.0, Culture=neutral, PublicKeyToken=cc7b13ffcd2ddd51'. The system cannot find the file specified.
File name: 'Microsoft.Bcl.AsyncInterfaces, Version=1.0.0.0, Culture=neutral, PublicKeyToken=cc7b13ffcd2ddd51'
 ---> System.IO.FileNotFoundException: Could not load file or assembly 'Microsoft.Bcl.AsyncInterfaces, Culture=neutral, PublicKeyToken=null'. The system cannot find the file specified.
File name: 'Microsoft.Bcl.AsyncInterfaces, Culture=neutral, PublicKeyToken=null'
   at System.Reflection.RuntimeAssembly.InternalLoad(AssemblyName assemblyName, StackCrawlMark& stackMark, AssemblyLoadContext assemblyLoadContext, RuntimeAssembly requestingAssembly, Boolean throwOnFileNotFound)
   at System.Reflection.Assembly.Load(AssemblyName assemblyRef)
   at Microsoft.VisualStudio.TestPlatform.Common.ExtensionFramework.TestPluginCache.CurrentDomainAssemblyResolve(Object sender, AssemblyResolveEventArgs args)
   at System.Runtime.Loader.AssemblyLoadContext.GetFirstResolvedAssemblyFromResolvingEvent(AssemblyName assemblyName)
   at System.Runtime.Loader.AssemblyLoadContext.ResolveUsingEvent(AssemblyName assemblyName)
   at System.Runtime.Loader.AssemblyLoadContext.ResolveUsingResolvingEvent(IntPtr gchManagedAssemblyLoadContext, AssemblyName assemblyName)
TpTrace Information: 0 : 19848, 1, 2023/09/09, 15:13:52.174, 8411567293987, vstest.console.dll, AssemblyResolver.OnResolve: Microsoft.TestPlatform.Extensions.BlameDataCollector: Resolving assembly.
TpTrace Information: 0 : 19848, 1, 2023/09/09, 15:13:52.174, 8411567294322, vstest.console.dll, AssemblyResolver.OnResolve: Microsoft.TestPlatform.Extensions.BlameDataCollector: Searching in: 'C:\Program Files\dotnet\sdk\7.0.306\Extensions'.
TpTrace Information: 0 : 19848, 1, 2023/09/09, 15:13:52.174, 8411567296613, vstest.console.dll, AssemblyResolver.OnResolve: Microsoft.TestPlatform.Extensions.BlameDataCollector: Loading assembly 'C:\Program Files\dotnet\sdk\7.0.306\Extensions\Microsoft.TestPlatform.Extensions.BlameDataCollector.dll'.
TpTrace Information: 0 : 19848, 1, 2023/09/09, 15:13:52.174, 8411567301078, vstest.console.dll, AssemblyResolver.OnResolve: Resolved assembly: Microsoft.TestPlatform.Extensions.BlameDataCollector, from path: C:\Program Files\dotnet\sdk\7.0.306\Extensions\Microsoft.TestPlatform.Extensions.BlameDataCollector.dll
TpTrace Verbose: 0 : 19848, 1, 2023/09/09, 15:13:52.174, 8411567301754, vstest.console.dll, MetadataReaderExtensionsHelper: Discovering extensions inside assembly 'Microsoft.TestPlatform.Extensions.BlameDataCollector, Version=15.0.0.0, Culture=neutral, PublicKeyToken=b03f5f7f11d50a3a' file path 'C:\Program Files\dotnet\sdk\7.0.306\Extensions\Microsoft.TestPlatform.Extensions.BlameDataCollector.dll'
TpTrace Information: 0 : 19848, 1, 2023/09/09, 15:13:52.175, 8411567312417, vstest.console.dll, AssemblyResolver.OnResolve: Microsoft.TestPlatform.Extensions.EventLogCollector: Resolving assembly.
TpTrace Information: 0 : 19848, 1, 2023/09/09, 15:13:52.175, 8411567312970, vstest.console.dll, AssemblyResolver.OnResolve: Microsoft.TestPlatform.Extensions.EventLogCollector: Searching in: 'C:\Program Files\dotnet\sdk\7.0.306\Extensions'.
TpTrace Information: 0 : 19848, 1, 2023/09/09, 15:13:52.176, 8411567314654, vstest.console.dll, AssemblyResolver.OnResolve: Microsoft.TestPlatform.Extensions.EventLogCollector: Loading assembly 'C:\Program Files\dotnet\sdk\7.0.306\Extensions\Microsoft.TestPlatform.Extensions.EventLogCollector.dll'.
TpTrace Information: 0 : 19848, 1, 2023/09/09, 15:13:52.176, 8411567317921, vstest.console.dll, AssemblyResolver.OnResolve: Resolved assembly: Microsoft.TestPlatform.Extensions.EventLogCollector, from path: C:\Program Files\dotnet\sdk\7.0.306\Extensions\Microsoft.TestPlatform.Extensions.EventLogCollector.dll
TpTrace Verbose: 0 : 19848, 1, 2023/09/09, 15:13:52.176, 8411567318424, vstest.console.dll, MetadataReaderExtensionsHelper: Discovering extensions inside assembly 'Microsoft.TestPlatform.Extensions.EventLogCollector, Version=15.0.0.0, Culture=neutral, PublicKeyToken=b03f5f7f11d50a3a' file path 'C:\Program Files\dotnet\sdk\7.0.306\Extensions\Microsoft.TestPlatform.Extensions.EventLogCollector.dll'
TpTrace Information: 0 : 19848, 1, 2023/09/09, 15:13:52.177, 8411567331957, vstest.console.dll, AssemblyResolver.OnResolve: Microsoft.TestPlatform.TestHostRuntimeProvider: Resolving assembly.
TpTrace Information: 0 : 19848, 1, 2023/09/09, 15:13:52.177, 8411567332434, vstest.console.dll, AssemblyResolver.OnResolve: Microsoft.TestPlatform.TestHostRuntimeProvider: Searching in: 'C:\Program Files\dotnet\sdk\7.0.306\Extensions'.
TpTrace Information: 0 : 19848, 1, 2023/09/09, 15:13:52.178, 8411567334047, vstest.console.dll, AssemblyResolver.OnResolve: Microsoft.TestPlatform.TestHostRuntimeProvider: Loading assembly 'C:\Program Files\dotnet\sdk\7.0.306\Extensions\Microsoft.TestPlatform.TestHostRuntimeProvider.dll'.
TpTrace Information: 0 : 19848, 1, 2023/09/09, 15:13:52.178, 8411567337401, vstest.console.dll, AssemblyResolver.OnResolve: Resolved assembly: Microsoft.TestPlatform.TestHostRuntimeProvider, from path: C:\Program Files\dotnet\sdk\7.0.306\Extensions\Microsoft.TestPlatform.TestHostRuntimeProvider.dll
TpTrace Verbose: 0 : 19848, 1, 2023/09/09, 15:13:52.178, 8411567337860, vstest.console.dll, MetadataReaderExtensionsHelper: Discovering extensions inside assembly 'Microsoft.TestPlatform.TestHostRuntimeProvider, Version=15.0.0.0, Culture=neutral, PublicKeyToken=b03f5f7f11d50a3a' file path 'C:\Program Files\dotnet\sdk\7.0.306\Extensions\Microsoft.TestPlatform.TestHostRuntimeProvider.dll'
TpTrace Information: 0 : 19848, 1, 2023/09/09, 15:13:52.179, 8411567350493, vstest.console.dll, GetTestExtensionFromType: Register extension with identifier data 'HostProvider://DefaultTestHost' and type 'Microsoft.VisualStudio.TestPlatform.CrossPlatEngine.Hosting.DefaultTestHostManager, Microsoft.TestPlatform.TestHostRuntimeProvider, Version=15.0.0.0, Culture=neutral, PublicKeyToken=b03f5f7f11d50a3a' inside file 'C:\Program Files\dotnet\sdk\7.0.306\Extensions\Microsoft.TestPlatform.TestHostRuntimeProvider.dll'
TpTrace Information: 0 : 19848, 1, 2023/09/09, 15:13:52.179, 8411567352512, vstest.console.dll, GetTestExtensionFromType: Register extension with identifier data 'HostProvider://DotnetTestHost' and type 'Microsoft.VisualStudio.TestPlatform.CrossPlatEngine.Hosting.DotnetTestHostManager, Microsoft.TestPlatform.TestHostRuntimeProvider, Version=15.0.0.0, Culture=neutral, PublicKeyToken=b03f5f7f11d50a3a' inside file 'C:\Program Files\dotnet\sdk\7.0.306\Extensions\Microsoft.TestPlatform.TestHostRuntimeProvider.dll'
TpTrace Information: 0 : 19848, 1, 2023/09/09, 15:13:52.180, 8411567355827, vstest.console.dll, AssemblyResolver.OnResolve: Microsoft.VisualStudio.TestPlatform.Extensions.Html.TestLogger: Resolving assembly.
TpTrace Information: 0 : 19848, 1, 2023/09/09, 15:13:52.180, 8411567356403, vstest.console.dll, AssemblyResolver.OnResolve: Microsoft.VisualStudio.TestPlatform.Extensions.Html.TestLogger: Searching in: 'C:\Program Files\dotnet\sdk\7.0.306\Extensions'.
TpTrace Information: 0 : 19848, 1, 2023/09/09, 15:13:52.180, 8411567359634, vstest.console.dll, AssemblyResolver.OnResolve: Microsoft.VisualStudio.TestPlatform.Extensions.Html.TestLogger: Loading assembly 'C:\Program Files\dotnet\sdk\7.0.306\Extensions\Microsoft.VisualStudio.TestPlatform.Extensions.Html.TestLogger.dll'.
TpTrace Information: 0 : 19848, 1, 2023/09/09, 15:13:52.181, 8411567366710, vstest.console.dll, AssemblyResolver.OnResolve: Resolved assembly: Microsoft.VisualStudio.TestPlatform.Extensions.Html.TestLogger, from path: C:\Program Files\dotnet\sdk\7.0.306\Extensions\Microsoft.VisualStudio.TestPlatform.Extensions.Html.TestLogger.dll
TpTrace Verbose: 0 : 19848, 1, 2023/09/09, 15:13:52.181, 8411567368291, vstest.console.dll, MetadataReaderExtensionsHelper: Discovering extensions inside assembly 'Microsoft.VisualStudio.TestPlatform.Extensions.Html.TestLogger, Version=15.0.0.0, Culture=neutral, PublicKeyToken=b03f5f7f11d50a3a' file path 'C:\Program Files\dotnet\sdk\7.0.306\Extensions\Microsoft.VisualStudio.TestPlatform.Extensions.Html.TestLogger.dll'
TpTrace Information: 0 : 19848, 1, 2023/09/09, 15:13:52.182, 8411567375744, vstest.console.dll, AssemblyResolver.OnResolve: Microsoft.VisualStudio.TestPlatform.Extensions.Trx.TestLogger: Resolving assembly.
TpTrace Information: 0 : 19848, 1, 2023/09/09, 15:13:52.182, 8411567376822, vstest.console.dll, AssemblyResolver.OnResolve: Microsoft.VisualStudio.TestPlatform.Extensions.Trx.TestLogger: Searching in: 'C:\Program Files\dotnet\sdk\7.0.306\Extensions'.
TpTrace Information: 0 : 19848, 1, 2023/09/09, 15:13:52.182, 8411567379519, vstest.console.dll, AssemblyResolver.OnResolve: Microsoft.VisualStudio.TestPlatform.Extensions.Trx.TestLogger: Loading assembly 'C:\Program Files\dotnet\sdk\7.0.306\Extensions\Microsoft.VisualStudio.TestPlatform.Extensions.Trx.TestLogger.dll'.
TpTrace Information: 0 : 19848, 1, 2023/09/09, 15:13:52.183, 8411567384894, vstest.console.dll, AssemblyResolver.OnResolve: Resolved assembly: Microsoft.VisualStudio.TestPlatform.Extensions.Trx.TestLogger, from path: C:\Program Files\dotnet\sdk\7.0.306\Extensions\Microsoft.VisualStudio.TestPlatform.Extensions.Trx.TestLogger.dll
TpTrace Verbose: 0 : 19848, 1, 2023/09/09, 15:13:52.183, 8411567385665, vstest.console.dll, MetadataReaderExtensionsHelper: Discovering extensions inside assembly 'Microsoft.VisualStudio.TestPlatform.Extensions.Trx.TestLogger, Version=15.0.0.0, Culture=neutral, PublicKeyToken=b03f5f7f11d50a3a' file path 'C:\Program Files\dotnet\sdk\7.0.306\Extensions\Microsoft.VisualStudio.TestPlatform.Extensions.Trx.TestLogger.dll'
TpTrace Verbose: 0 : 19848, 1, 2023/09/09, 15:13:52.184, 8411567398738, vstest.console.dll, TestPluginCache: Discovered the extensions using extension path ''.
TpTrace Verbose: 0 : 19848, 1, 2023/09/09, 15:13:52.184, 8411567400287, vstest.console.dll, TestPluginCache: Discoverers are ''.
TpTrace Verbose: 0 : 19848, 1, 2023/09/09, 15:13:52.184, 8411567400601, vstest.console.dll, TestPluginCache: Executors are ''.
TpTrace Verbose: 0 : 19848, 1, 2023/09/09, 15:13:52.184, 8411567400834, vstest.console.dll, TestPluginCache: Executors2 are ''.
TpTrace Verbose: 0 : 19848, 1, 2023/09/09, 15:13:52.184, 8411567401060, vstest.console.dll, TestPluginCache: Setting providers are ''.
TpTrace Verbose: 0 : 19848, 1, 2023/09/09, 15:13:52.184, 8411567401289, vstest.console.dll, TestPluginCache: Loggers are ''.
TpTrace Verbose: 0 : 19848, 1, 2023/09/09, 15:13:52.184, 8411567402184, vstest.console.dll, TestPluginCache: TestHosts are 'HostProvider://DefaultTestHost,HostProvider://DotnetTestHost'.
TpTrace Verbose: 0 : 19848, 1, 2023/09/09, 15:13:52.184, 8411567402513, vstest.console.dll, TestPluginCache: DataCollectors are ''.
TpTrace Information: 0 : 19848, 1, 2023/09/09, 15:13:52.194, 8411567501217, vstest.console.dll, RunTestsArgumentProcessor:Execute: Test run is starting.
TpTrace Verbose: 0 : 19848, 1, 2023/09/09, 15:13:52.194, 8411567502370, vstest.console.dll, RunTestsArgumentProcessor:Execute: Queuing Test run.
TpTrace Information: 0 : 19848, 1, 2023/09/09, 15:13:52.195, 8411567504521, vstest.console.dll, TestRequestManager.RunTests: run tests started.
TpTrace Information: 0 : 19848, 1, 2023/09/09, 15:13:52.196, 8411567517377, vstest.console.dll, AssemblyMetadataProvider.GetFrameworkName: Determined framework:'.NETCoreApp,Version=v6.0' for source: 'C:\Users\Deca\Desktop\week-4-task-Innochu\BrinelleBankApp\BrinelleBankTest\bin\Debug\net6.0\fine-code-coverage\build-output\BrinelleBankTest.dll'
TpTrace Information: 0 : 19848, 1, 2023/09/09, 15:13:52.196, 8411567519714, vstest.console.dll, Determined framework for all sources: .NETCoreApp,Version=v6.0
TpTrace Verbose: 0 : 19848, 1, 2023/09/09, 15:13:52.196, 8411567523204, vstest.console.dll, TestRequestManager.UpdateRunSettingsIfRequired: Default architecture: X64 IsDefaultTargetArchitecture: True, Current process architecture: X64 OperatingSystem: Windows.
TpTrace Information: 0 : 19848, 1, 2023/09/09, 15:13:52.198, 8411567539774, vstest.console.dll, AssemblyMetadataProvider.GetArchitecture: Determined architecture:AnyCPU info for assembly: C:\Users\Deca\Desktop\week-4-task-Innochu\BrinelleBankApp\BrinelleBankTest\bin\Debug\net6.0\fine-code-coverage\build-output\BrinelleBankTest.dll
TpTrace Information: 0 : 19848, 1, 2023/09/09, 15:13:52.198, 8411567540265, vstest.console.dll, Determined platform for source 'C:\Users\Deca\Desktop\week-4-task-Innochu\BrinelleBankApp\BrinelleBankTest\bin\Debug\net6.0\fine-code-coverage\build-output\BrinelleBankTest.dll' was AnyCPU and it will use the default plaform X64.
TpTrace Information: 0 : 19848, 1, 2023/09/09, 15:13:52.198, 8411567540520, vstest.console.dll, None of the sources provided any runnable platform, using the default platform: X64
TpTrace Information: 0 : 19848, 1, 2023/09/09, 15:13:52.198, 8411567541299, vstest.console.dll, Platform was updated to 'X64'.
TpTrace Information: 0 : 19848, 1, 2023/09/09, 15:13:52.201, 8411567571307, vstest.console.dll, InferRunSettingsHelper.IsTestSettingsEnabled: Unable to navigate to RunSettings/MSTest. Current node: RunSettings
TpTrace Information: 0 : 19848, 1, 2023/09/09, 15:13:52.202, 8411567576803, vstest.console.dll, AssemblyResolver.OnResolve: Microsoft.VisualStudio.TestPlatform.Fakes: Resolving assembly.
TpTrace Information: 0 : 19848, 1, 2023/09/09, 15:13:52.202, 8411567577294, vstest.console.dll, AssemblyResolver.OnResolve: Microsoft.VisualStudio.TestPlatform.Fakes: Searching in: 'C:\Program Files\dotnet\sdk\7.0.306\Extensions'.
TpTrace Information: 0 : 19848, 1, 2023/09/09, 15:13:52.202, 8411567577998, vstest.console.dll, AssemblyResolver.OnResolve: Microsoft.VisualStudio.TestPlatform.Fakes: Assembly path does not exist: 'C:\Program Files\dotnet\sdk\7.0.306\Extensions\Microsoft.VisualStudio.TestPlatform.Fakes.dll', returning.
TpTrace Information: 0 : 19848, 1, 2023/09/09, 15:13:52.202, 8411567578503, vstest.console.dll, AssemblyResolver.OnResolve: Microsoft.VisualStudio.TestPlatform.Fakes: Assembly path does not exist: 'C:\Program Files\dotnet\sdk\7.0.306\Extensions\Microsoft.VisualStudio.TestPlatform.Fakes.exe', returning.
TpTrace Information: 0 : 19848, 1, 2023/09/09, 15:13:52.202, 8411567578805, vstest.console.dll, AssemblyResolver.OnResolve: Microsoft.VisualStudio.TestPlatform.Fakes: Searching in: 'C:\Program Files\dotnet\sdk\7.0.306'.
TpTrace Information: 0 : 19848, 1, 2023/09/09, 15:13:52.202, 8411567579265, vstest.console.dll, AssemblyResolver.OnResolve: Microsoft.VisualStudio.TestPlatform.Fakes: Assembly path does not exist: 'C:\Program Files\dotnet\sdk\7.0.306\Microsoft.VisualStudio.TestPlatform.Fakes.dll', returning.
TpTrace Information: 0 : 19848, 1, 2023/09/09, 15:13:52.202, 8411567579726, vstest.console.dll, AssemblyResolver.OnResolve: Microsoft.VisualStudio.TestPlatform.Fakes: Assembly path does not exist: 'C:\Program Files\dotnet\sdk\7.0.306\Microsoft.VisualStudio.TestPlatform.Fakes.exe', returning.
TpTrace Information: 0 : 19848, 1, 2023/09/09, 15:13:52.202, 8411567579984, vstest.console.dll, AssemblyResolver.OnResolve: Microsoft.VisualStudio.TestPlatform.Fakes: Failed to load assembly.
TpTrace Information: 0 : 19848, 1, 2023/09/09, 15:13:52.202, 8411567582304, vstest.console.dll, Failed to load assembly Microsoft.VisualStudio.TestPlatform.Fakes, Version=17.0.0.0, Culture=neutral. Reason:System.IO.FileNotFoundException: Could not load file or assembly 'Microsoft.VisualStudio.TestPlatform.Fakes, Version=17.0.0.0, Culture=neutral, PublicKeyToken=null'. The system cannot find the file specified.
File name: 'Microsoft.VisualStudio.TestPlatform.Fakes, Version=17.0.0.0, Culture=neutral, PublicKeyToken=null'
   at System.Reflection.RuntimeAssembly.InternalLoad(AssemblyName assemblyName, StackCrawlMark& stackMark, AssemblyLoadContext assemblyLoadContext, RuntimeAssembly requestingAssembly, Boolean throwOnFileNotFound)
   at System.Reflection.Assembly.Load(AssemblyName assemblyRef)
   at Microsoft.VisualStudio.TestPlatform.Common.Utilities.FakesUtilities.LoadTestPlatformAssembly()
TpTrace Verbose: 0 : 19848, 1, 2023/09/09, 15:13:52.207, 8411567627599, vstest.console.dll, TestPluginCache.DiscoverTestExtensions: finding test extensions in assemblies ends with: TestLogger.dll TPluginInfo: Microsoft.VisualStudio.TestPlatform.Common.ExtensionFramework.Utilities.TestLoggerPluginInformation TExtension: Microsoft.VisualStudio.TestPlatform.ObjectModel.Client.ITestLogger
TpTrace Verbose: 0 : 19848, 1, 2023/09/09, 15:13:52.207, 8411567628664, vstest.console.dll, TestPluginCache.GetExtensionPaths: Filtered extension paths: 
TpTrace Verbose: 0 : 19848, 1, 2023/09/09, 15:13:52.207, 8411567628998, vstest.console.dll, TestPluginCache.GetExtensionPaths: Added default extension paths: C:\Program Files\dotnet\sdk\7.0.306\Extensions\Microsoft.Diagnostics.NETCore.Client.dll
C:\Program Files\dotnet\sdk\7.0.306\Extensions\Microsoft.TestPlatform.Extensions.BlameDataCollector.dll
C:\Program Files\dotnet\sdk\7.0.306\Extensions\Microsoft.TestPlatform.Extensions.EventLogCollector.dll
C:\Program Files\dotnet\sdk\7.0.306\Extensions\Microsoft.TestPlatform.TestHostRuntimeProvider.dll
C:\Program Files\dotnet\sdk\7.0.306\Extensions\Microsoft.VisualStudio.TestPlatform.Extensions.Html.TestLogger.dll
C:\Program Files\dotnet\sdk\7.0.306\Extensions\Microsoft.VisualStudio.TestPlatform.Extensions.Trx.TestLogger.dll
TpTrace Verbose: 0 : 19848, 1, 2023/09/09, 15:13:52.207, 8411567629273, vstest.console.dll, TestPluginCache.GetExtensionPaths: Added unfilterableExtensionPaths: 
TpTrace Information: 0 : 19848, 1, 2023/09/09, 15:13:52.207, 8411567630371, vstest.console.dll, AssemblyResolver.AddSearchDirectories: Adding more searchDirectories C:\Program Files\dotnet\sdk\7.0.306\Extensions,C:\Program Files\dotnet\sdk\7.0.306
TpTrace Verbose: 0 : 19848, 1, 2023/09/09, 15:13:52.207, 8411567630747, vstest.console.dll, TestPluginCache.DiscoverTestExtensions: Discovering the extensions using extension path.
TpTrace Verbose: 0 : 19848, 1, 2023/09/09, 15:13:52.207, 8411567631071, vstest.console.dll, TestPluginCache.GetExtensionPaths: Filtered extension paths: 
TpTrace Verbose: 0 : 19848, 1, 2023/09/09, 15:13:52.207, 8411567631318, vstest.console.dll, TestPluginCache.GetExtensionPaths: Added default extension paths: C:\Program Files\dotnet\sdk\7.0.306\Extensions\Microsoft.Diagnostics.NETCore.Client.dll
C:\Program Files\dotnet\sdk\7.0.306\Extensions\Microsoft.TestPlatform.Extensions.BlameDataCollector.dll
C:\Program Files\dotnet\sdk\7.0.306\Extensions\Microsoft.TestPlatform.Extensions.EventLogCollector.dll
C:\Program Files\dotnet\sdk\7.0.306\Extensions\Microsoft.TestPlatform.TestHostRuntimeProvider.dll
C:\Program Files\dotnet\sdk\7.0.306\Extensions\Microsoft.VisualStudio.TestPlatform.Extensions.Html.TestLogger.dll
C:\Program Files\dotnet\sdk\7.0.306\Extensions\Microsoft.VisualStudio.TestPlatform.Extensions.Trx.TestLogger.dll
TpTrace Verbose: 0 : 19848, 1, 2023/09/09, 15:13:52.207, 8411567631545, vstest.console.dll, TestPluginCache.GetExtensionPaths: Added unfilterableExtensionPaths: 
TpTrace Verbose: 0 : 19848, 1, 2023/09/09, 15:13:52.207, 8411567631820, vstest.console.dll, TestPluginCache.DiscoverTestExtensions: Discovering the extensions using allExtensionPaths: C:\Program Files\dotnet\sdk\7.0.306\Extensions\Microsoft.Diagnostics.NETCore.Client.dll
C:\Program Files\dotnet\sdk\7.0.306\Extensions\Microsoft.TestPlatform.Extensions.BlameDataCollector.dll
C:\Program Files\dotnet\sdk\7.0.306\Extensions\Microsoft.TestPlatform.Extensions.EventLogCollector.dll
C:\Program Files\dotnet\sdk\7.0.306\Extensions\Microsoft.TestPlatform.TestHostRuntimeProvider.dll
C:\Program Files\dotnet\sdk\7.0.306\Extensions\Microsoft.VisualStudio.TestPlatform.Extensions.Html.TestLogger.dll
C:\Program Files\dotnet\sdk\7.0.306\Extensions\Microsoft.VisualStudio.TestPlatform.Extensions.Trx.TestLogger.dll
TpTrace Information: 0 : 19848, 1, 2023/09/09, 15:13:52.207, 8411567632201, vstest.console.dll, AssemblyResolver.AddSearchDirectories: Adding more searchDirectories C:\Program Files\dotnet\sdk\7.0.306\Extensions,C:\Program Files\dotnet\sdk\7.0.306
TpTrace Information: 0 : 19848, 1, 2023/09/09, 15:13:52.207, 8411567632531, vstest.console.dll, AssemblyResolver.AddSearchDirectories: Adding more searchDirectories C:\Program Files\dotnet\sdk\7.0.306\Extensions,C:\Program Files\dotnet\sdk\7.0.306
TpTrace Information: 0 : 19848, 1, 2023/09/09, 15:13:52.207, 8411567632782, vstest.console.dll, AssemblyResolver.AddSearchDirectories: Adding more searchDirectories C:\Program Files\dotnet\sdk\7.0.306\Extensions,C:\Program Files\dotnet\sdk\7.0.306
TpTrace Information: 0 : 19848, 1, 2023/09/09, 15:13:52.207, 8411567633026, vstest.console.dll, AssemblyResolver.AddSearchDirectories: Adding more searchDirectories C:\Program Files\dotnet\sdk\7.0.306\Extensions,C:\Program Files\dotnet\sdk\7.0.306
TpTrace Information: 0 : 19848, 1, 2023/09/09, 15:13:52.207, 8411567633307, vstest.console.dll, AssemblyResolver.AddSearchDirectories: Adding more searchDirectories C:\Program Files\dotnet\sdk\7.0.306\Extensions,C:\Program Files\dotnet\sdk\7.0.306
TpTrace Information: 0 : 19848, 1, 2023/09/09, 15:13:52.208, 8411567633590, vstest.console.dll, AssemblyResolver.AddSearchDirectories: Adding more searchDirectories C:\Program Files\dotnet\sdk\7.0.306\Extensions,C:\Program Files\dotnet\sdk\7.0.306
TpTrace Verbose: 0 : 19848, 1, 2023/09/09, 15:13:52.208, 8411567634475, vstest.console.dll, MetadataReaderExtensionsHelper: Discovering extensions inside assembly 'Microsoft.Diagnostics.NETCore.Client, Version=0.2.6.42401, Culture=neutral, PublicKeyToken=31bf3856ad364e35' file path 'C:\Program Files\dotnet\sdk\7.0.306\Extensions\Microsoft.Diagnostics.NETCore.Client.dll'
TpTrace Information: 0 : 19848, 1, 2023/09/09, 15:13:52.208, 8411567640003, vstest.console.dll, AssemblyResolver.OnResolve: Microsoft.Bcl.AsyncInterfaces: Resolving assembly.
TpTrace Information: 0 : 19848, 1, 2023/09/09, 15:13:52.208, 8411567640414, vstest.console.dll, AssemblyResolver.OnResolve: Microsoft.Bcl.AsyncInterfaces: Resolved from cache.
TpTrace Verbose: 0 : 19848, 1, 2023/09/09, 15:13:52.208, 8411567640655, vstest.console.dll, CurrentDomainAssemblyResolve: Resolving assembly 'Microsoft.Bcl.AsyncInterfaces'.
TpTrace Information: 0 : 19848, 1, 2023/09/09, 15:13:52.208, 8411567641001, vstest.console.dll, AssemblyResolver.OnResolve: Microsoft.Bcl.AsyncInterfaces: Resolving assembly.
TpTrace Information: 0 : 19848, 1, 2023/09/09, 15:13:52.208, 8411567641229, vstest.console.dll, AssemblyResolver.OnResolve: Microsoft.Bcl.AsyncInterfaces: Resolved from cache.
TpTrace Verbose: 0 : 19848, 1, 2023/09/09, 15:13:52.208, 8411567641538, vstest.console.dll, CurrentDomainAssemblyResolve: Resolving assembly 'Microsoft.Bcl.AsyncInterfaces'.
TpTrace Verbose: 0 : 19848, 1, 2023/09/09, 15:13:52.208, 8411567641746, vstest.console.dll, CurrentDomainAssemblyResolve: Failed to resolve assembly 'Microsoft.Bcl.AsyncInterfaces'.
TpTrace Verbose: 0 : 19848, 1, 2023/09/09, 15:13:52.208, 8411567642990, vstest.console.dll, CurrentDomainAssemblyResolve: Failed to resolve assembly 'Microsoft.Bcl.AsyncInterfaces'.
TpTrace Warning: 0 : 19848, 1, 2023/09/09, 15:13:52.209, 8411567645866, vstest.console.dll, TestPluginDiscoverer: Failed to get types from assembly 'Microsoft.Diagnostics.NETCore.Client, Version=0.2.6.42401, Culture=neutral, PublicKeyToken=31bf3856ad364e35'. Error: System.Reflection.ReflectionTypeLoadException: Unable to load one or more of the requested types.
Could not load file or assembly 'Microsoft.Bcl.AsyncInterfaces, Version=1.0.0.0, Culture=neutral, PublicKeyToken=cc7b13ffcd2ddd51'. The system cannot find the file specified.
   at System.Reflection.RuntimeModule.GetTypes(RuntimeModule module)
   at System.Reflection.Assembly.GetTypes()
   at Microsoft.VisualStudio.TestPlatform.Common.ExtensionFramework.TestPluginDiscoverer.GetTestExtensionsFromAssembly[TPluginInfo,TExtension](Assembly assembly, Dictionary`2 pluginInfos, String filePath)
System.IO.FileNotFoundException: Could not load file or assembly 'Microsoft.Bcl.AsyncInterfaces, Version=1.0.0.0, Culture=neutral, PublicKeyToken=cc7b13ffcd2ddd51'. The system cannot find the file specified.
File name: 'Microsoft.Bcl.AsyncInterfaces, Version=1.0.0.0, Culture=neutral, PublicKeyToken=cc7b13ffcd2ddd51'
 ---> System.IO.FileNotFoundException: Could not load file or assembly 'Microsoft.Bcl.AsyncInterfaces, Culture=neutral, PublicKeyToken=null'. The system cannot find the file specified.
File name: 'Microsoft.Bcl.AsyncInterfaces, Culture=neutral, PublicKeyToken=null'
   at System.Reflection.RuntimeAssembly.InternalLoad(AssemblyName assemblyName, StackCrawlMark& stackMark, AssemblyLoadContext assemblyLoadContext, RuntimeAssembly requestingAssembly, Boolean throwOnFileNotFound)
   at System.Reflection.Assembly.Load(AssemblyName assemblyRef)
   at Microsoft.VisualStudio.TestPlatform.Common.ExtensionFramework.TestPluginCache.CurrentDomainAssemblyResolve(Object sender, AssemblyResolveEventArgs args)
   at System.Runtime.Loader.AssemblyLoadContext.GetFirstResolvedAssemblyFromResolvingEvent(AssemblyName assemblyName)
   at System.Runtime.Loader.AssemblyLoadContext.ResolveUsingEvent(AssemblyName assemblyName)
   at System.Runtime.Loader.AssemblyLoadContext.ResolveUsingResolvingEvent(IntPtr gchManagedAssemblyLoadContext, AssemblyName assemblyName)
TpTrace Warning: 0 : 19848, 1, 2023/09/09, 15:13:52.209, 8411567647127, vstest.console.dll, LoaderExceptions: System.IO.FileNotFoundException: Could not load file or assembly 'Microsoft.Bcl.AsyncInterfaces, Version=1.0.0.0, Culture=neutral, PublicKeyToken=cc7b13ffcd2ddd51'. The system cannot find the file specified.
File name: 'Microsoft.Bcl.AsyncInterfaces, Version=1.0.0.0, Culture=neutral, PublicKeyToken=cc7b13ffcd2ddd51'
 ---> System.IO.FileNotFoundException: Could not load file or assembly 'Microsoft.Bcl.AsyncInterfaces, Culture=neutral, PublicKeyToken=null'. The system cannot find the file specified.
File name: 'Microsoft.Bcl.AsyncInterfaces, Culture=neutral, PublicKeyToken=null'
   at System.Reflection.RuntimeAssembly.InternalLoad(AssemblyName assemblyName, StackCrawlMark& stackMark, AssemblyLoadContext assemblyLoadContext, RuntimeAssembly requestingAssembly, Boolean throwOnFileNotFound)
   at System.Reflection.Assembly.Load(AssemblyName assemblyRef)
   at Microsoft.VisualStudio.TestPlatform.Common.ExtensionFramework.TestPluginCache.CurrentDomainAssemblyResolve(Object sender, AssemblyResolveEventArgs args)
   at System.Runtime.Loader.AssemblyLoadContext.GetFirstResolvedAssemblyFromResolvingEvent(AssemblyName assemblyName)
   at System.Runtime.Loader.AssemblyLoadContext.ResolveUsingEvent(AssemblyName assemblyName)
   at System.Runtime.Loader.AssemblyLoadContext.ResolveUsingResolvingEvent(IntPtr gchManagedAssemblyLoadContext, AssemblyName assemblyName)
TpTrace Verbose: 0 : 19848, 1, 2023/09/09, 15:13:52.209, 8411567647960, vstest.console.dll, MetadataReaderExtensionsHelper: Discovering extensions inside assembly 'Microsoft.TestPlatform.Extensions.BlameDataCollector, Version=15.0.0.0, Culture=neutral, PublicKeyToken=b03f5f7f11d50a3a' file path 'C:\Program Files\dotnet\sdk\7.0.306\Extensions\Microsoft.TestPlatform.Extensions.BlameDataCollector.dll'
TpTrace Information: 0 : 19848, 1, 2023/09/09, 15:13:52.212, 8411567676719, vstest.console.dll, GetTestExtensionFromType: Register extension with identifier data 'logger://Microsoft/TestPlatform/Extensions/Blame/v1' and type 'Microsoft.TestPlatform.Extensions.BlameDataCollector.BlameLogger, Microsoft.TestPlatform.Extensions.BlameDataCollector, Version=15.0.0.0, Culture=neutral, PublicKeyToken=b03f5f7f11d50a3a' inside file 'C:\Program Files\dotnet\sdk\7.0.306\Extensions\Microsoft.TestPlatform.Extensions.BlameDataCollector.dll'
TpTrace Verbose: 0 : 19848, 1, 2023/09/09, 15:13:52.212, 8411567678035, vstest.console.dll, MetadataReaderExtensionsHelper: Discovering extensions inside assembly 'Microsoft.TestPlatform.Extensions.EventLogCollector, Version=15.0.0.0, Culture=neutral, PublicKeyToken=b03f5f7f11d50a3a' file path 'C:\Program Files\dotnet\sdk\7.0.306\Extensions\Microsoft.TestPlatform.Extensions.EventLogCollector.dll'
TpTrace Verbose: 0 : 19848, 1, 2023/09/09, 15:13:52.212, 8411567680751, vstest.console.dll, MetadataReaderExtensionsHelper: Discovering extensions inside assembly 'Microsoft.TestPlatform.TestHostRuntimeProvider, Version=15.0.0.0, Culture=neutral, PublicKeyToken=b03f5f7f11d50a3a' file path 'C:\Program Files\dotnet\sdk\7.0.306\Extensions\Microsoft.TestPlatform.TestHostRuntimeProvider.dll'
TpTrace Verbose: 0 : 19848, 1, 2023/09/09, 15:13:52.212, 8411567682591, vstest.console.dll, MetadataReaderExtensionsHelper: Discovering extensions inside assembly 'Microsoft.VisualStudio.TestPlatform.Extensions.Html.TestLogger, Version=15.0.0.0, Culture=neutral, PublicKeyToken=b03f5f7f11d50a3a' file path 'C:\Program Files\dotnet\sdk\7.0.306\Extensions\Microsoft.VisualStudio.TestPlatform.Extensions.Html.TestLogger.dll'
TpTrace Information: 0 : 19848, 1, 2023/09/09, 15:13:52.213, 8411567686805, vstest.console.dll, GetTestExtensionFromType: Register extension with identifier data 'logger://Microsoft/TestPlatform/HtmlLogger/v1' and type 'Microsoft.VisualStudio.TestPlatform.Extensions.HtmlLogger.HtmlLogger, Microsoft.VisualStudio.TestPlatform.Extensions.Html.TestLogger, Version=15.0.0.0, Culture=neutral, PublicKeyToken=b03f5f7f11d50a3a' inside file 'C:\Program Files\dotnet\sdk\7.0.306\Extensions\Microsoft.VisualStudio.TestPlatform.Extensions.Html.TestLogger.dll'
TpTrace Verbose: 0 : 19848, 1, 2023/09/09, 15:13:52.213, 8411567687318, vstest.console.dll, MetadataReaderExtensionsHelper: Discovering extensions inside assembly 'Microsoft.VisualStudio.TestPlatform.Extensions.Trx.TestLogger, Version=15.0.0.0, Culture=neutral, PublicKeyToken=b03f5f7f11d50a3a' file path 'C:\Program Files\dotnet\sdk\7.0.306\Extensions\Microsoft.VisualStudio.TestPlatform.Extensions.Trx.TestLogger.dll'
TpTrace Information: 0 : 19848, 1, 2023/09/09, 15:13:52.213, 8411567689664, vstest.console.dll, GetTestExtensionFromType: Register extension with identifier data 'logger://Microsoft/TestPlatform/TrxLogger/v1' and type 'Microsoft.VisualStudio.TestPlatform.Extensions.TrxLogger.TrxLogger, Microsoft.VisualStudio.TestPlatform.Extensions.Trx.TestLogger, Version=15.0.0.0, Culture=neutral, PublicKeyToken=b03f5f7f11d50a3a' inside file 'C:\Program Files\dotnet\sdk\7.0.306\Extensions\Microsoft.VisualStudio.TestPlatform.Extensions.Trx.TestLogger.dll'
TpTrace Verbose: 0 : 19848, 1, 2023/09/09, 15:13:52.213, 8411567690287, vstest.console.dll, TestPluginCache: Discovered the extensions using extension path ''.
TpTrace Verbose: 0 : 19848, 1, 2023/09/09, 15:13:52.213, 8411567690537, vstest.console.dll, TestPluginCache: Discoverers are ''.
TpTrace Verbose: 0 : 19848, 1, 2023/09/09, 15:13:52.213, 8411567690719, vstest.console.dll, TestPluginCache: Executors are ''.
TpTrace Verbose: 0 : 19848, 1, 2023/09/09, 15:13:52.213, 8411567690892, vstest.console.dll, TestPluginCache: Executors2 are ''.
TpTrace Verbose: 0 : 19848, 1, 2023/09/09, 15:13:52.213, 8411567691063, vstest.console.dll, TestPluginCache: Setting providers are ''.
TpTrace Verbose: 0 : 19848, 1, 2023/09/09, 15:13:52.213, 8411567691547, vstest.console.dll, TestPluginCache: Loggers are 'logger://Microsoft/TestPlatform/Extensions/Blame/v1,logger://Microsoft/TestPlatform/HtmlLogger/v1,logger://Microsoft/TestPlatform/TrxLogger/v1'.
TpTrace Verbose: 0 : 19848, 1, 2023/09/09, 15:13:52.213, 8411567691823, vstest.console.dll, TestPluginCache: TestHosts are 'HostProvider://DefaultTestHost,HostProvider://DotnetTestHost'.
TpTrace Verbose: 0 : 19848, 1, 2023/09/09, 15:13:52.213, 8411567692010, vstest.console.dll, TestPluginCache: DataCollectors are ''.
TpTrace Information: 0 : 19848, 1, 2023/09/09, 15:13:52.214, 8411567698636, vstest.console.dll, TestPluginManager.CreateTestExtension: Attempting to load test extension: Microsoft.TestPlatform.Extensions.BlameDataCollector.BlameLogger
TpTrace Verbose: 0 : 19848, 1, 2023/09/09, 15:13:52.220, 8411567757283, vstest.console.dll, TestEngine: Initializing Parallel Execution as MaxCpuCount is set to: 1
TpTrace Information: 0 : 19848, 1, 2023/09/09, 15:13:52.221, 8411567771154, vstest.console.dll, TestPluginManager.CreateTestExtension: Attempting to load test extension: Microsoft.VisualStudio.TestPlatform.CrossPlatEngine.Hosting.DefaultTestHostManager
TpTrace Information: 0 : 19848, 1, 2023/09/09, 15:13:52.222, 8411567778129, vstest.console.dll, TestPluginManager.CreateTestExtension: Attempting to load test extension: Microsoft.VisualStudio.TestPlatform.CrossPlatEngine.Hosting.DotnetTestHostManager
TpTrace Information: 0 : 19848, 1, 2023/09/09, 15:13:52.223, 8411567783734, vstest.console.dll, InferRunSettingsHelper.IsTestSettingsEnabled: Unable to navigate to RunSettings/MSTest. Current node: RunSettings
TpTrace Verbose: 0 : 19848, 1, 2023/09/09, 15:13:52.226, 8411567821632, vstest.console.dll, TestEngine.GetExecutionManager: Chosen execution manager 'Microsoft.VisualStudio.TestPlatform.CrossPlatEngine.Client.Parallel.ParallelProxyExecutionManager, Microsoft.TestPlatform.CrossPlatEngine, Version=15.0.0.0, Culture=neutral, PublicKeyToken=b03f5f7f11d50a3a' ParallelLevel '1'.
TpTrace Verbose: 0 : 19848, 1, 2023/09/09, 15:13:52.226, 8411567822845, vstest.console.dll, TestRunRequest.ExecuteAsync: Creating test run request.
TpTrace Verbose: 0 : 19848, 1, 2023/09/09, 15:13:52.227, 8411567825781, vstest.console.dll, TestRunRequest.ExecuteAsync: Starting.
TpTrace Information: 0 : 19848, 1, 2023/09/09, 15:13:52.227, 8411567828335, vstest.console.dll, TestRunRequest.ExecuteAsync: Starting run with settings:TestRunCriteria:
   KeepAlive=False,FrequencyOfRunStatsChangeEvent=10,RunStatsChangeEventTimeout=00:00:01.5000000,TestCaseFilter=,TestExecutorLauncher=
   Settingsxml=<RunSettings>
  <RunConfiguration>
    <ResultsDirectory>C:\Users\Deca\Desktop\week-4-task-Innochu\BrinelleBankApp\BrinelleBankTest\bin\Debug\net6.0\fine-code-coverage\coverage-tool-output</ResultsDirectory>
    <TargetPlatform>X64</TargetPlatform>
    <TargetFrameworkVersion>.NETCoreApp,Version=v6.0</TargetFrameworkVersion>
    <DesignMode>False</DesignMode>
    <CollectSourceInformation>False</CollectSourceInformation>
  </RunConfiguration>
  <LoggerRunSettings>
    <Loggers>
      <Logger friendlyName="blame" enabled="True" />
      <Logger friendlyName="Console" uri="logger://microsoft/TestPlatform/ConsoleLogger/v1" assemblyQualifiedName="Microsoft.VisualStudio.TestPlatform.CommandLine.Internal.ConsoleLogger, vstest.console, Version=15.0.0.0, Culture=neutral, PublicKeyToken=b03f5f7f11d50a3a" codeBase="C:\Program Files\dotnet\sdk\7.0.306\vstest.console.dll" enabled="True" />
    </Loggers>
  </LoggerRunSettings>
  <DataCollectionRunSettings>
    <DataCollectors>
      <DataCollector friendlyName="blame" enabled="True">
        <Configuration>
          <ResultsDirectory>C:\Users\Deca\Desktop\week-4-task-Innochu\BrinelleBankApp\BrinelleBankTest\bin\Debug\net6.0\fine-code-coverage\coverage-tool-output</ResultsDirectory>
        </Configuration>
      </DataCollector>
    </DataCollectors>
  </DataCollectionRunSettings>
</RunSettings>

TpTrace Verbose: 0 : 19848, 1, 2023/09/09, 15:13:52.227, 8411567828752, vstest.console.dll, TestRunRequest.ExecuteAsync: Wait for the first run request is over.
TpTrace Verbose: 0 : 19848, 1, 2023/09/09, 15:13:52.227, 8411567831171, vstest.console.dll, MulticastDelegateUtilities.SafeInvoke: TestRun.TestRunStart: Invoking callbacks was skipped because there are no subscribers.
TpTrace Verbose: 0 : 19848, 4, 2023/09/09, 15:13:52.227, 8411567832927, vstest.console.dll, MulticastDelegateUtilities.SafeInvoke: InternalTestLoggerEvents.SendTestRunStart: Invoking callback 1/1 for Microsoft.VisualStudio.TestPlatform.CommandLine.Internal.ConsoleLogger., took 0 ms.
TpTrace Verbose: 0 : 19848, 1, 2023/09/09, 15:13:52.228, 8411567842125, vstest.console.dll, ParallelProxyExecutionManager: Start execution. Total sources: 1
TpTrace Verbose: 0 : 19848, 1, 2023/09/09, 15:13:52.230, 8411567857743, vstest.console.dll, TestRequestSender is acting as server.
TpTrace Verbose: 0 : 19848, 1, 2023/09/09, 15:13:52.232, 8411567878888, vstest.console.dll, ParallelOperationManager.RunWorkInParallel: Started work on a host.
TpTrace Verbose: 0 : 19848, 1, 2023/09/09, 15:13:52.233, 8411567886591, vstest.console.dll, ProxyParallelExecutionManager: No sources available for execution.
TpTrace Information: 0 : 19848, 1, 2023/09/09, 15:13:52.233, 8411567887243, vstest.console.dll, TestRunRequest.ExecuteAsync: Started.
TpTrace Verbose: 0 : 19848, 1, 2023/09/09, 15:13:52.233, 8411567888250, vstest.console.dll, TestRunRequest.WaitForCompletion: Waiting with timeout -1.
TpTrace Verbose: 0 : 19848, 5, 2023/09/09, 15:13:52.233, 8411567889003, vstest.console.dll, DataCollectionRequestSender.InitializeCommunication : Initialize communication. 
TpTrace Information: 0 : 19848, 5, 2023/09/09, 15:13:52.236, 8411567922307, vstest.console.dll, Listening on Endpoint : 127.0.0.1:61631
TpTrace Verbose: 0 : 19848, 5, 2023/09/09, 15:13:52.242, 8411567979553, vstest.console.dll, DotnetDataCollectionLauncher: Adding  --runtimeconfig "C:\Program Files\dotnet\sdk\7.0.306\datacollector.runtimeconfig.json" in args
TpTrace Verbose: 0 : 19848, 5, 2023/09/09, 15:13:52.242, 8411567980508, vstest.console.dll, DotnetDataCollectionLauncher: Adding  --depsfile "C:\Program Files\dotnet\sdk\7.0.306\datacollector.deps.json" in args
TpTrace Verbose: 0 : 19848, 5, 2023/09/09, 15:13:52.242, 8411567981752, vstest.console.dll, DotnetDataCollectionLauncher: Full path of dotnet.exe is C:\Program Files\dotnet\dotnet.exe
TpTrace Information: 0 : 19848, 5, 2023/09/09, 15:13:52.248, 8411568036801, vstest.console.dll, ProxyDataCollectionManager.Initialize: Launched datacollector processId: 50412 port: 61631
TpTrace Information: 0 : 19848, 5, 2023/09/09, 15:13:52.248, 8411568038020, vstest.console.dll, ProxyDataCollectionManager.Initialize: waiting for connection with timeout: 90 seconds
TpTrace Verbose: 0 : 19848, 5, 2023/09/09, 15:13:52.248, 8411568038524, vstest.console.dll, DataCollectionRequestSender.WaitForRequestHandlerConnection : Waiting for connection with timeout: 90000
TpTrace Information: 0 : 19848, 7, 2023/09/09, 15:13:52.378, 8411569334307, vstest.console.dll, Using the buffer size of 16384 bytes
TpTrace Verbose: 0 : 19848, 5, 2023/09/09, 15:13:52.378, 8411569334367, vstest.console.dll, SocketCommunicationManager.WaitForClientConnection took: 129 ms, with 90000 ms timeout, and finished with True.
TpTrace Information: 0 : 19848, 7, 2023/09/09, 15:13:52.378, 8411569335706, vstest.console.dll, Accepted Client request and set the flag
TpTrace Verbose: 0 : 19848, 5, 2023/09/09, 15:13:52.378, 8411569336502, vstest.console.dll, ProxyDataCollectionManager.InvokeDataCollectionServiceAction: Starting.
TpTrace Information: 0 : 19848, 5, 2023/09/09, 15:13:52.378, 8411569337080, vstest.console.dll, ProxyDataCollectionManager.BeforeTestRunStart: Get environment variable and port for datacollector processId: 50412 port: 61631
TpTrace Verbose: 0 : 19848, 5, 2023/09/09, 15:13:52.378, 8411569337826, vstest.console.dll, DataCollectionRequestSender.SendBeforeTestRunStartAndGetResult: Send BeforeTestRunStart message with settingsXml <RunSettings><RunConfiguration><ResultsDirectory>C:\Users\Deca\Desktop\week-4-task-Innochu\BrinelleBankApp\BrinelleBankTest\bin\Debug\net6.0\fine-code-coverage\coverage-tool-output</ResultsDirectory><TargetPlatform>X64</TargetPlatform><TargetFrameworkVersion>.NETCoreApp,Version=v6.0</TargetFrameworkVersion><DesignMode>False</DesignMode><CollectSourceInformation>False</CollectSourceInformation><TestAdaptersPaths>C:\Program Files\dotnet\sdk\7.0.306\Extensions</TestAdaptersPaths></RunConfiguration><LoggerRunSettings><Loggers><Logger friendlyName="blame" enabled="True" /><Logger friendlyName="Console" uri="logger://microsoft/TestPlatform/ConsoleLogger/v1" assemblyQualifiedName="Microsoft.VisualStudio.TestPlatform.CommandLine.Internal.ConsoleLogger, vstest.console, Version=15.0.0.0, Culture=neutral, PublicKeyToken=b03f5f7f11d50a3a" codeBase="C:\Program Files\dotnet\sdk\7.0.306\vstest.console.dll" enabled="True" /></Loggers></LoggerRunSettings><DataCollectionRunSettings><DataCollectors><DataCollector friendlyName="blame" enabled="True"><Configuration><ResultsDirectory>C:\Users\Deca\Desktop\week-4-task-Innochu\BrinelleBankApp\BrinelleBankTest\bin\Debug\net6.0\fine-code-coverage\coverage-tool-output</ResultsDirectory></Configuration></DataCollector></DataCollectors></DataCollectionRunSettings></RunSettings> and sources System.Collections.Generic.List`1[System.String]: 
TpTrace Verbose: 0 : 19848, 5, 2023/09/09, 15:13:52.444, 8411570002359, vstest.console.dll, DataCollectionRequestSender.SendBeforeTestRunStartAndGetResult: Received message: (DataCollection.SendMessage) -> {"MessageType":"DataCollection.SendMessage","Payload":{"FriendlyName":null,"Uri":null,"TestCaseId":"00000000-0000-0000-0000-000000000000","Message":"Logging DataCollector Diagnostics in file: C:\\Users\\Deca\\Desktop\\week-4-task-Innochu\\BrinelleBankApp\\BrinelleBankTest\\bin\\Debug\\net6.0\\fine-code-coverage\\coverage-tool-output\\diagnostics.datacollector.23-09-09_15-13-52_24245_5.log","Level":0}}
TpTrace Verbose: 0 : 19848, 5, 2023/09/09, 15:13:52.510, 8411570655721, vstest.console.dll, DataCollectionRequestSender.SendBeforeTestRunStartAndGetResult: Received message: (DataCollection.BeforeTestRunStartResult) -> {"MessageType":"DataCollection.BeforeTestRunStartResult","Payload":{"EnvironmentVariables":{},"DataCollectionEventsPort":61633}}
TpTrace Information: 0 : 19848, 5, 2023/09/09, 15:13:52.514, 8411570694954, vstest.console.dll, ProxyDataCollectionManager.BeforeTestRunStart: SendBeforeTestRunStartAndGetResult successful, env variable from datacollector:   and testhost port: 61633
TpTrace Information: 0 : 19848, 5, 2023/09/09, 15:13:52.514, 8411570695650, vstest.console.dll, ProxyDataCollectionManager.InvokeDataCollectionServiceAction: Completed.
TpTrace Verbose: 0 : 19848, 5, 2023/09/09, 15:13:52.514, 8411570696345, vstest.console.dll, ProxyExecutionManager: Test host is always Lazy initialize.
TpTrace Verbose: 0 : 19848, 5, 2023/09/09, 15:13:52.514, 8411570698333, vstest.console.dll, TestRequestSender.InitializeCommunication: initialize communication. 
TpTrace Information: 0 : 19848, 5, 2023/09/09, 15:13:52.514, 8411570702674, vstest.console.dll, SocketServer.Start: Listening on endpoint : 127.0.0.1:61634
TpTrace Verbose: 0 : 19848, 5, 2023/09/09, 15:13:52.515, 8411570710238, vstest.console.dll, DotnetTestHostmanager.GetTestHostProcessStartInfo: Platform environment 'X64' target architecture 'X64' framework '.NETCoreApp,Version=v6.0' OS 'Windows'
TpTrace Verbose: 0 : 19848, 5, 2023/09/09, 15:13:52.515, 8411570712128, vstest.console.dll, DotnetTestHostmanager: Adding  --runtimeconfig "C:\Users\Deca\Desktop\week-4-task-Innochu\BrinelleBankApp\BrinelleBankTest\bin\Debug\net6.0\fine-code-coverage\build-output\BrinelleBankTest.runtimeconfig.json" in args
TpTrace Verbose: 0 : 19848, 5, 2023/09/09, 15:13:52.515, 8411570712827, vstest.console.dll, DotnetTestHostmanager: Adding  --depsfile "C:\Users\Deca\Desktop\week-4-task-Innochu\BrinelleBankApp\BrinelleBankTest\bin\Debug\net6.0\fine-code-coverage\build-output\BrinelleBankTest.deps.json" in args
TpTrace Verbose: 0 : 19848, 5, 2023/09/09, 15:13:52.516, 8411570714235, vstest.console.dll, DotnetTestHostmanager.IsWinOnArm: Current PROCESSOR_ARCHITECTURE from environment variable 'AMD64'
TpTrace Verbose: 0 : 19848, 5, 2023/09/09, 15:13:52.516, 8411570714676, vstest.console.dll, DotnetTestHostmanager.IsWinOnArm: Is Windows on ARM 'False'
TpTrace Verbose: 0 : 19848, 5, 2023/09/09, 15:13:52.516, 8411570715288, vstest.console.dll, DotnetTestHostManager: testhost.exe found at path: C:\Users\Deca\Desktop\week-4-task-Innochu\BrinelleBankApp\BrinelleBankTest\bin\Debug\net6.0\fine-code-coverage\build-output\testhost.exe
TpTrace Verbose: 0 : 19848, 5, 2023/09/09, 15:13:52.516, 8411570715628, vstest.console.dll, DotnetTestHostmanager: Full path of host exe is C:\Users\Deca\Desktop\week-4-task-Innochu\BrinelleBankApp\BrinelleBankTest\bin\Debug\net6.0\fine-code-coverage\build-output\testhost.exe
TpTrace Verbose: 0 : 19848, 5, 2023/09/09, 15:13:52.516, 8411570716665, vstest.console.dll, DotnetTestHostmanager.LaunchTestHostAsync: Found 'VSTEST_WINAPPHOST_DOTNET_ROOT' in env variables, value 'C:\Program Files\dotnet', forwarding to 'DOTNET_ROOT'
TpTrace Verbose: 0 : 19848, 5, 2023/09/09, 15:13:52.516, 8411570717998, vstest.console.dll, DotnetTestHostManager: Starting process 'C:\Users\Deca\Desktop\week-4-task-Innochu\BrinelleBankApp\BrinelleBankTest\bin\Debug\net6.0\fine-code-coverage\build-output\testhost.exe' with command line ' --runtimeconfig "C:\Users\Deca\Desktop\week-4-task-Innochu\BrinelleBankApp\BrinelleBankTest\bin\Debug\net6.0\fine-code-coverage\build-output\BrinelleBankTest.runtimeconfig.json" --depsfile "C:\Users\Deca\Desktop\week-4-task-Innochu\BrinelleBankApp\BrinelleBankTest\bin\Debug\net6.0\fine-code-coverage\build-output\BrinelleBankTest.deps.json" --port 61634 --endpoint 127.0.0.1:061634 --role client --parentprocessid 19848 --diag "C:\Users\Deca\Desktop\week-4-task-Innochu\BrinelleBankApp\BrinelleBankTest\bin\Debug\net6.0\fine-code-coverage\coverage-tool-output\diagnostics.host.23-09-09_15-13-52_51531_5.log" --tracelevel 4 --datacollectionport 61633 --telemetryoptedin false'
TpTrace Verbose: 0 : 19848, 5, 2023/09/09, 15:13:52.522, 8411570782283, vstest.console.dll, MulticastDelegateUtilities.SafeInvoke: HostProviderEvents.OnHostLaunched: Invoking callback 1/2 for Microsoft.VisualStudio.TestPlatform.CrossPlatEngine.Client.ProxyExecutionManagerWithDataCollection., took 1 ms.
TpTrace Verbose: 0 : 19848, 5, 2023/09/09, 15:13:52.523, 8411570785974, vstest.console.dll, Test Runtime launched
TpTrace Verbose: 0 : 19848, 5, 2023/09/09, 15:13:52.523, 8411570786816, vstest.console.dll, MulticastDelegateUtilities.SafeInvoke: HostProviderEvents.OnHostLaunched: Invoking callback 2/2 for Microsoft.VisualStudio.TestPlatform.CrossPlatEngine.Client.ProxyOperationManager., took 0 ms.
TpTrace Verbose: 0 : 19848, 5, 2023/09/09, 15:13:52.523, 8411570788838, vstest.console.dll, TestRequestSender.WaitForRequestHandlerConnection: waiting for connection with timeout: 90000.
TpTrace Verbose: 0 : 19848, 5, 2023/09/09, 15:13:52.672, 8411572280768, vstest.console.dll, TestRequestSender.WaitForRequestHandlerConnection: waiting took 149 ms, with timeout 90000 ms, and result 0, which is success.
TpTrace Verbose: 0 : 19848, 12, 2023/09/09, 15:13:52.672, 8411572280670, vstest.console.dll, MulticastDelegateUtilities.SafeInvoke: SocketServer: ClientConnected: Invoking callback 1/1 for Microsoft.VisualStudio.TestPlatform.CommunicationUtilities.TestRequestSender., took 0 ms.
TpTrace Verbose: 0 : 19848, 12, 2023/09/09, 15:13:52.672, 8411572282293, vstest.console.dll, SocketServer.OnClientConnected: Client connected for endPoint: 127.0.0.1:61634, starting MessageLoopAsync:
TpTrace Verbose: 0 : 19848, 7, 2023/09/09, 15:13:52.673, 8411572285417, vstest.console.dll, TcpClientExtensions.MessageLoopAsync: Polling on remoteEndPoint: 127.0.0.1:61635 localEndPoint: 127.0.0.1:61634
TpTrace Verbose: 0 : 19848, 5, 2023/09/09, 15:13:52.673, 8411572290132, vstest.console.dll, TestRequestSender.CheckVersionWithTestHost: Sending check version message: {"MessageType":"ProtocolVersion","Payload":7}
TpTrace Verbose: 0 : 19848, 7, 2023/09/09, 15:13:52.797, 8411573525958, vstest.console.dll, TcpClientExtensions.MessageLoopAsync: NotifyDataAvailable remoteEndPoint: 127.0.0.1:61635 localEndPoint: 127.0.0.1:61634
TpTrace Verbose: 0 : 19848, 7, 2023/09/09, 15:13:52.797, 8411573527825, vstest.console.dll, TestRequestSender.CheckVersionWithTestHost: onMessageReceived received message: (ProtocolVersion) -> {"MessageType":"ProtocolVersion","Payload":7}
TpTrace Verbose: 0 : 19848, 7, 2023/09/09, 15:13:52.798, 8411573533565, vstest.console.dll, MulticastDelegateUtilities.SafeInvoke: LengthPrefixCommunicationChannel: MessageReceived: Invoking callback 1/1 for Microsoft.VisualStudio.TestPlatform.CommunicationUtilities.TestRequestSender+<>c__DisplayClass29_0., took 0 ms.
TpTrace Verbose: 0 : 19848, 7, 2023/09/09, 15:13:52.798, 8411573534515, vstest.console.dll, TcpClientExtensions.MessageLoopAsync: Polling on remoteEndPoint: 127.0.0.1:61635 localEndPoint: 127.0.0.1:61634
TpTrace Verbose: 0 : 19848, 5, 2023/09/09, 15:13:52.798, 8411573534885, vstest.console.dll, TestPluginCache.GetExtensionPaths: Filtered extension paths: 
TpTrace Verbose: 0 : 19848, 5, 2023/09/09, 15:13:52.798, 8411573535425, vstest.console.dll, TestPluginCache.GetExtensionPaths: Added default extension paths: C:\Program Files\dotnet\sdk\7.0.306\Extensions\Microsoft.Diagnostics.NETCore.Client.dll
C:\Program Files\dotnet\sdk\7.0.306\Extensions\Microsoft.TestPlatform.Extensions.BlameDataCollector.dll
C:\Program Files\dotnet\sdk\7.0.306\Extensions\Microsoft.TestPlatform.Extensions.EventLogCollector.dll
C:\Program Files\dotnet\sdk\7.0.306\Extensions\Microsoft.TestPlatform.TestHostRuntimeProvider.dll
C:\Program Files\dotnet\sdk\7.0.306\Extensions\Microsoft.VisualStudio.TestPlatform.Extensions.Html.TestLogger.dll
C:\Program Files\dotnet\sdk\7.0.306\Extensions\Microsoft.VisualStudio.TestPlatform.Extensions.Trx.TestLogger.dll
TpTrace Verbose: 0 : 19848, 5, 2023/09/09, 15:13:52.798, 8411573535733, vstest.console.dll, TestPluginCache.GetExtensionPaths: Added unfilterableExtensionPaths: 
TpTrace Verbose: 0 : 19848, 5, 2023/09/09, 15:13:52.801, 8411573568599, vstest.console.dll, TestRequestSender.InitializeExecution: Sending initialize execution with message: {"Version":7,"MessageType":"TestExecution.Initialize","Payload":["C:\\Users\\Deca\\Desktop\\week-4-task-Innochu\\BrinelleBankApp\\BrinelleBankTest\\bin\\Debug\\net6.0\\fine-code-coverage\\build-output\\xunit.runner.visualstudio.dotnetcore.testadapter.dll"]}
TpTrace Verbose: 0 : 19848, 5, 2023/09/09, 15:13:52.801, 8411573570578, vstest.console.dll, ParallelProxyExecutionManager: Execution started. Started clients: 1
TpTrace Verbose: 0 : 19848, 5, 2023/09/09, 15:13:52.801, 8411573573012, vstest.console.dll, TestRunRequest:SendTestRunMessage: Starting.
TpTrace Verbose: 0 : 19848, 7, 2023/09/09, 15:13:52.801, 8411573573302, vstest.console.dll, TcpClientExtensions.MessageLoopAsync: NotifyDataAvailable remoteEndPoint: 127.0.0.1:61635 localEndPoint: 127.0.0.1:61634
TpTrace Verbose: 0 : 19848, 5, 2023/09/09, 15:13:52.802, 8411573575702, vstest.console.dll, MulticastDelegateUtilities.SafeInvoke: TestRun.LogMessages: Invoking callback 1/1 for Microsoft.VisualStudio.TestPlatform.CommandLine.TestRunResultAggregator., took 0 ms.
TpTrace Verbose: 0 : 19848, 7, 2023/09/09, 15:13:52.802, 8411573575826, vstest.console.dll, LengthPrefixCommunicationChannel.NotifyDataAvailable: New data are waiting to be received, but there is no subscriber to be notified. Not reading them from the stream.
TpTrace Verbose: 0 : 19848, 7, 2023/09/09, 15:13:52.802, 8411573576274, vstest.console.dll, TcpClientExtensions.MessageLoopAsync: Polling on remoteEndPoint: 127.0.0.1:61635 localEndPoint: 127.0.0.1:61634
TpTrace Verbose: 0 : 19848, 7, 2023/09/09, 15:13:52.802, 8411573576608, vstest.console.dll, TcpClientExtensions.MessageLoopAsync: NotifyDataAvailable remoteEndPoint: 127.0.0.1:61635 localEndPoint: 127.0.0.1:61634
TpTrace Verbose: 0 : 19848, 7, 2023/09/09, 15:13:52.802, 8411573576851, vstest.console.dll, LengthPrefixCommunicationChannel.NotifyDataAvailable: New data are waiting to be received, but there is no subscriber to be notified. Not reading them from the stream.
TpTrace Information: 0 : 19848, 5, 2023/09/09, 15:13:52.802, 8411573576922, vstest.console.dll, TestRunRequest:SendTestRunMessage: Completed.
TpTrace Verbose: 0 : 19848, 4, 2023/09/09, 15:13:52.802, 8411573577515, vstest.console.dll, MulticastDelegateUtilities.SafeInvoke: InternalTestLoggerEvents.SendTestRunMessage: Invoking callback 1/1 for Microsoft.VisualStudio.TestPlatform.CommandLine.Internal.ConsoleLogger., took 0 ms.
TpTrace Verbose: 0 : 19848, 7, 2023/09/09, 15:13:52.802, 8411573578459, vstest.console.dll, TcpClientExtensions.MessageLoopAsync: Polling on remoteEndPoint: 127.0.0.1:61635 localEndPoint: 127.0.0.1:61634
TpTrace Verbose: 0 : 19848, 7, 2023/09/09, 15:13:52.802, 8411573578980, vstest.console.dll, TcpClientExtensions.MessageLoopAsync: NotifyDataAvailable remoteEndPoint: 127.0.0.1:61635 localEndPoint: 127.0.0.1:61634
TpTrace Verbose: 0 : 19848, 7, 2023/09/09, 15:13:52.802, 8411573579243, vstest.console.dll, LengthPrefixCommunicationChannel.NotifyDataAvailable: New data are waiting to be received, but there is no subscriber to be notified. Not reading them from the stream.
TpTrace Verbose: 0 : 19848, 7, 2023/09/09, 15:13:52.802, 8411573579472, vstest.console.dll, TcpClientExtensions.MessageLoopAsync: Polling on remoteEndPoint: 127.0.0.1:61635 localEndPoint: 127.0.0.1:61634
TpTrace Verbose: 0 : 19848, 7, 2023/09/09, 15:13:52.802, 8411573579708, vstest.console.dll, TcpClientExtensions.MessageLoopAsync: NotifyDataAvailable remoteEndPoint: 127.0.0.1:61635 localEndPoint: 127.0.0.1:61634
TpTrace Verbose: 0 : 19848, 7, 2023/09/09, 15:13:52.802, 8411573579913, vstest.console.dll, LengthPrefixCommunicationChannel.NotifyDataAvailable: New data are waiting to be received, but there is no subscriber to be notified. Not reading them from the stream.
TpTrace Verbose: 0 : 19848, 7, 2023/09/09, 15:13:52.802, 8411573580145, vstest.console.dll, TcpClientExtensions.MessageLoopAsync: Polling on remoteEndPoint: 127.0.0.1:61635 localEndPoint: 127.0.0.1:61634
TpTrace Verbose: 0 : 19848, 7, 2023/09/09, 15:13:52.802, 8411573580527, vstest.console.dll, TcpClientExtensions.MessageLoopAsync: NotifyDataAvailable remoteEndPoint: 127.0.0.1:61635 localEndPoint: 127.0.0.1:61634
TpTrace Warning: 0 : 19848, 5, 2023/09/09, 15:13:52.802, 8411573580665, vstest.console.dll, InferRunSettingsHelper.MakeRunsettingsCompatible: Removing the following settings: TargetPlatform from RunSettings file. To use those settings please move to latest version of Microsoft.NET.Test.Sdk
TpTrace Verbose: 0 : 19848, 7, 2023/09/09, 15:13:52.802, 8411573580735, vstest.console.dll, LengthPrefixCommunicationChannel.NotifyDataAvailable: New data are waiting to be received, but there is no subscriber to be notified. Not reading them from the stream.
TpTrace Verbose: 0 : 19848, 7, 2023/09/09, 15:13:52.802, 8411573581799, vstest.console.dll, TcpClientExtensions.MessageLoopAsync: Polling on remoteEndPoint: 127.0.0.1:61635 localEndPoint: 127.0.0.1:61634
TpTrace Verbose: 0 : 19848, 7, 2023/09/09, 15:13:52.802, 8411573582111, vstest.console.dll, TcpClientExtensions.MessageLoopAsync: NotifyDataAvailable remoteEndPoint: 127.0.0.1:61635 localEndPoint: 127.0.0.1:61634
TpTrace Verbose: 0 : 19848, 7, 2023/09/09, 15:13:52.802, 8411573582334, vstest.console.dll, LengthPrefixCommunicationChannel.NotifyDataAvailable: New data are waiting to be received, but there is no subscriber to be notified. Not reading them from the stream.
TpTrace Verbose: 0 : 19848, 7, 2023/09/09, 15:13:52.802, 8411573582543, vstest.console.dll, TcpClientExtensions.MessageLoopAsync: Polling on remoteEndPoint: 127.0.0.1:61635 localEndPoint: 127.0.0.1:61634
TpTrace Verbose: 0 : 19848, 7, 2023/09/09, 15:13:52.802, 8411573582793, vstest.console.dll, TcpClientExtensions.MessageLoopAsync: NotifyDataAvailable remoteEndPoint: 127.0.0.1:61635 localEndPoint: 127.0.0.1:61634
TpTrace Verbose: 0 : 19848, 7, 2023/09/09, 15:13:52.802, 8411573583012, vstest.console.dll, LengthPrefixCommunicationChannel.NotifyDataAvailable: New data are waiting to be received, but there is no subscriber to be notified. Not reading them from the stream.
TpTrace Verbose: 0 : 19848, 7, 2023/09/09, 15:13:52.802, 8411573583235, vstest.console.dll, TcpClientExtensions.MessageLoopAsync: Polling on remoteEndPoint: 127.0.0.1:61635 localEndPoint: 127.0.0.1:61634
TpTrace Verbose: 0 : 19848, 7, 2023/09/09, 15:13:52.803, 8411573583469, vstest.console.dll, TcpClientExtensions.MessageLoopAsync: NotifyDataAvailable remoteEndPoint: 127.0.0.1:61635 localEndPoint: 127.0.0.1:61634
TpTrace Verbose: 0 : 19848, 7, 2023/09/09, 15:13:52.803, 8411573583693, vstest.console.dll, LengthPrefixCommunicationChannel.NotifyDataAvailable: New data are waiting to be received, but there is no subscriber to be notified. Not reading them from the stream.
TpTrace Verbose: 0 : 19848, 7, 2023/09/09, 15:13:52.803, 8411573583909, vstest.console.dll, TcpClientExtensions.MessageLoopAsync: Polling on remoteEndPoint: 127.0.0.1:61635 localEndPoint: 127.0.0.1:61634
TpTrace Verbose: 0 : 19848, 7, 2023/09/09, 15:13:52.803, 8411573584148, vstest.console.dll, TcpClientExtensions.MessageLoopAsync: NotifyDataAvailable remoteEndPoint: 127.0.0.1:61635 localEndPoint: 127.0.0.1:61634
TpTrace Verbose: 0 : 19848, 7, 2023/09/09, 15:13:52.803, 8411573584372, vstest.console.dll, LengthPrefixCommunicationChannel.NotifyDataAvailable: New data are waiting to be received, but there is no subscriber to be notified. Not reading them from the stream.
TpTrace Verbose: 0 : 19848, 7, 2023/09/09, 15:13:52.803, 8411573584592, vstest.console.dll, TcpClientExtensions.MessageLoopAsync: Polling on remoteEndPoint: 127.0.0.1:61635 localEndPoint: 127.0.0.1:61634
TpTrace Verbose: 0 : 19848, 7, 2023/09/09, 15:13:52.803, 8411573584839, vstest.console.dll, TcpClientExtensions.MessageLoopAsync: NotifyDataAvailable remoteEndPoint: 127.0.0.1:61635 localEndPoint: 127.0.0.1:61634
TpTrace Verbose: 0 : 19848, 7, 2023/09/09, 15:13:52.803, 8411573587103, vstest.console.dll, TestRequestSender.OnExecutionMessageReceived: Received message: {"Version":7,"MessageType":"TestSession.Message","Payload":{"MessageLevel":0,"Message":"Logging TestHost Diagnostics in file: C:\\Users\\Deca\\Desktop\\week-4-task-Innochu\\BrinelleBankApp\\BrinelleBankTest\\bin\\Debug\\net6.0\\fine-code-coverage\\coverage-tool-output\\diagnostics.host.23-09-09_15-13-52_51531_5.log"}}
TpTrace Verbose: 0 : 19848, 7, 2023/09/09, 15:13:52.805, 8411573608028, vstest.console.dll, TestRunRequest:SendTestRunMessage: Starting.
TpTrace Verbose: 0 : 19848, 7, 2023/09/09, 15:13:52.805, 8411573609535, vstest.console.dll, MulticastDelegateUtilities.SafeInvoke: TestRun.LogMessages: Invoking callback 1/1 for Microsoft.VisualStudio.TestPlatform.CommandLine.TestRunResultAggregator., took 0 ms.
TpTrace Information: 0 : 19848, 7, 2023/09/09, 15:13:52.805, 8411573609913, vstest.console.dll, TestRunRequest:SendTestRunMessage: Completed.
TpTrace Verbose: 0 : 19848, 4, 2023/09/09, 15:13:52.805, 8411573609999, vstest.console.dll, MulticastDelegateUtilities.SafeInvoke: InternalTestLoggerEvents.SendTestRunMessage: Invoking callback 1/1 for Microsoft.VisualStudio.TestPlatform.CommandLine.Internal.ConsoleLogger., took 0 ms.
TpTrace Verbose: 0 : 19848, 7, 2023/09/09, 15:13:52.805, 8411573610964, vstest.console.dll, MulticastDelegateUtilities.SafeInvoke: LengthPrefixCommunicationChannel: MessageReceived: Invoking callback 1/1 for Microsoft.VisualStudio.TestPlatform.CommunicationUtilities.TestRequestSender+<>c__DisplayClass34_0., took 2 ms.
TpTrace Verbose: 0 : 19848, 7, 2023/09/09, 15:13:52.805, 8411573611419, vstest.console.dll, TcpClientExtensions.MessageLoopAsync: Polling on remoteEndPoint: 127.0.0.1:61635 localEndPoint: 127.0.0.1:61634
TpTrace Verbose: 0 : 19848, 5, 2023/09/09, 15:13:52.809, 8411573644987, vstest.console.dll, TestRequestSender.StartTestRun: Sending test run with message: {"Version":7,"MessageType":"TestExecution.StartWithSources","Payload":{"AdapterSourceMap":{"_none_":["C:\\Users\\Deca\\Desktop\\week-4-task-Innochu\\BrinelleBankApp\\BrinelleBankTest\\bin\\Debug\\net6.0\\fine-code-coverage\\build-output\\BrinelleBankTest.dll"]},"RunSettings":"<RunSettings>\r\n  <RunConfiguration>\r\n    <ResultsDirectory>C:\\Users\\Deca\\Desktop\\week-4-task-Innochu\\BrinelleBankApp\\BrinelleBankTest\\bin\\Debug\\net6.0\\fine-code-coverage\\coverage-tool-output</ResultsDirectory>\r\n    <TargetFrameworkVersion>.NETCoreApp,Version=v6.0</TargetFrameworkVersion>\r\n    <DesignMode>False</DesignMode>\r\n    <CollectSourceInformation>False</CollectSourceInformation>\r\n  </RunConfiguration>\r\n  <LoggerRunSettings>\r\n    <Loggers>\r\n      <Logger friendlyName=\"blame\" enabled=\"True\" />\r\n      <Logger friendlyName=\"Console\" uri=\"logger://microsoft/TestPlatform/ConsoleLogger/v1\" assemblyQualifiedName=\"Microsoft.VisualStudio.TestPlatform.CommandLine.Internal.ConsoleLogger, vstest.console, Version=15.0.0.0, Culture=neutral, PublicKeyToken=b03f5f7f11d50a3a\" codeBase=\"C:\\Program Files\\dotnet\\sdk\\7.0.306\\vstest.console.dll\" enabled=\"True\" />\r\n    </Loggers>\r\n  </LoggerRunSettings>\r\n  <DataCollectionRunSettings>\r\n    <DataCollectors>\r\n      <DataCollector friendlyName=\"blame\" enabled=\"True\">\r\n        <Configuration>\r\n          <ResultsDirectory>C:\\Users\\Deca\\Desktop\\week-4-task-Innochu\\BrinelleBankApp\\BrinelleBankTest\\bin\\Debug\\net6.0\\fine-code-coverage\\coverage-tool-output</ResultsDirectory>\r\n        </Configuration>\r\n      </DataCollector>\r\n    </DataCollectors>\r\n  </DataCollectionRunSettings>\r\n</RunSettings>","TestExecutionContext":{"FrequencyOfRunStatsChangeEvent":10,"RunStatsChangeEventTimeout":"00:00:01.5000000","InIsolation":false,"KeepAlive":false,"AreTestCaseLevelEventsRequired":false,"IsDebug":false,"TestCaseFilter":null,"FilterOptions":null},"Package":null}}
TpTrace Verbose: 0 : 19848, 7, 2023/09/09, 15:13:52.968, 8411575241824, vstest.console.dll, TcpClientExtensions.MessageLoopAsync: NotifyDataAvailable remoteEndPoint: 127.0.0.1:61635 localEndPoint: 127.0.0.1:61634
TpTrace Verbose: 0 : 19848, 7, 2023/09/09, 15:13:52.968, 8411575243231, vstest.console.dll, TestRequestSender.OnExecutionMessageReceived: Received message: {"Version":7,"MessageType":"TestSession.Message","Payload":{"MessageLevel":0,"Message":"[xUnit.net 00:00:00.00] xUnit.net VSTest Adapter v2.5.0.1+5ebf84cd75 (64-bit .NET 6.0.21)"}}
TpTrace Verbose: 0 : 19848, 7, 2023/09/09, 15:13:52.969, 8411575245766, vstest.console.dll, TestRunRequest:SendTestRunMessage: Starting.
TpTrace Verbose: 0 : 19848, 7, 2023/09/09, 15:13:52.969, 8411575246979, vstest.console.dll, MulticastDelegateUtilities.SafeInvoke: TestRun.LogMessages: Invoking callback 1/1 for Microsoft.VisualStudio.TestPlatform.CommandLine.TestRunResultAggregator., took 0 ms.
TpTrace Verbose: 0 : 19848, 4, 2023/09/09, 15:13:52.969, 8411575247156, vstest.console.dll, MulticastDelegateUtilities.SafeInvoke: InternalTestLoggerEvents.SendTestRunMessage: Invoking callback 1/1 for Microsoft.VisualStudio.TestPlatform.CommandLine.Internal.ConsoleLogger., took 0 ms.
TpTrace Information: 0 : 19848, 7, 2023/09/09, 15:13:52.969, 8411575248073, vstest.console.dll, TestRunRequest:SendTestRunMessage: Completed.
TpTrace Verbose: 0 : 19848, 7, 2023/09/09, 15:13:52.969, 8411575248745, vstest.console.dll, MulticastDelegateUtilities.SafeInvoke: LengthPrefixCommunicationChannel: MessageReceived: Invoking callback 1/1 for Microsoft.VisualStudio.TestPlatform.CommunicationUtilities.TestRequestSender+<>c__DisplayClass34_0., took 0 ms.
TpTrace Verbose: 0 : 19848, 7, 2023/09/09, 15:13:52.969, 8411575249165, vstest.console.dll, TcpClientExtensions.MessageLoopAsync: Polling on remoteEndPoint: 127.0.0.1:61635 localEndPoint: 127.0.0.1:61634
TpTrace Verbose: 0 : 19848, 7, 2023/09/09, 15:13:53.480, 8411580358672, vstest.console.dll, TcpClientExtensions.MessageLoopAsync: NotifyDataAvailable remoteEndPoint: 127.0.0.1:61635 localEndPoint: 127.0.0.1:61634
TpTrace Verbose: 0 : 19848, 7, 2023/09/09, 15:13:53.480, 8411580360021, vstest.console.dll, TestRequestSender.OnExecutionMessageReceived: Received message: {"Version":7,"MessageType":"TestSession.Message","Payload":{"MessageLevel":0,"Message":"[xUnit.net 00:00:00.51]   Discovering: BrinelleBankTest"}}
TpTrace Verbose: 0 : 19848, 7, 2023/09/09, 15:13:53.480, 8411580361365, vstest.console.dll, TestRunRequest:SendTestRunMessage: Starting.
TpTrace Verbose: 0 : 19848, 7, 2023/09/09, 15:13:53.480, 8411580362155, vstest.console.dll, MulticastDelegateUtilities.SafeInvoke: TestRun.LogMessages: Invoking callback 1/1 for Microsoft.VisualStudio.TestPlatform.CommandLine.TestRunResultAggregator., took 0 ms.
TpTrace Verbose: 0 : 19848, 4, 2023/09/09, 15:13:53.480, 8411580362403, vstest.console.dll, MulticastDelegateUtilities.SafeInvoke: InternalTestLoggerEvents.SendTestRunMessage: Invoking callback 1/1 for Microsoft.VisualStudio.TestPlatform.CommandLine.Internal.ConsoleLogger., took 0 ms.
TpTrace Information: 0 : 19848, 7, 2023/09/09, 15:13:53.480, 8411580362541, vstest.console.dll, TestRunRequest:SendTestRunMessage: Completed.
TpTrace Verbose: 0 : 19848, 7, 2023/09/09, 15:13:53.480, 8411580363305, vstest.console.dll, MulticastDelegateUtilities.SafeInvoke: LengthPrefixCommunicationChannel: MessageReceived: Invoking callback 1/1 for Microsoft.VisualStudio.TestPlatform.CommunicationUtilities.TestRequestSender+<>c__DisplayClass34_0., took 0 ms.
TpTrace Verbose: 0 : 19848, 7, 2023/09/09, 15:13:53.481, 8411580363560, vstest.console.dll, TcpClientExtensions.MessageLoopAsync: Polling on remoteEndPoint: 127.0.0.1:61635 localEndPoint: 127.0.0.1:61634
TpTrace Verbose: 0 : 19848, 7, 2023/09/09, 15:13:53.540, 8411580953794, vstest.console.dll, TcpClientExtensions.MessageLoopAsync: NotifyDataAvailable remoteEndPoint: 127.0.0.1:61635 localEndPoint: 127.0.0.1:61634
TpTrace Verbose: 0 : 19848, 7, 2023/09/09, 15:13:53.540, 8411580954780, vstest.console.dll, TestRequestSender.OnExecutionMessageReceived: Received message: {"Version":7,"MessageType":"TestSession.Message","Payload":{"MessageLevel":0,"Message":"[xUnit.net 00:00:00.57]   Discovered:  BrinelleBankTest"}}
TpTrace Verbose: 0 : 19848, 7, 2023/09/09, 15:13:53.540, 8411580955975, vstest.console.dll, TestRunRequest:SendTestRunMessage: Starting.
TpTrace Verbose: 0 : 19848, 7, 2023/09/09, 15:13:53.540, 8411580956536, vstest.console.dll, MulticastDelegateUtilities.SafeInvoke: TestRun.LogMessages: Invoking callback 1/1 for Microsoft.VisualStudio.TestPlatform.CommandLine.TestRunResultAggregator., took 0 ms.
TpTrace Information: 0 : 19848, 7, 2023/09/09, 15:13:53.540, 8411580956718, vstest.console.dll, TestRunRequest:SendTestRunMessage: Completed.
TpTrace Verbose: 0 : 19848, 4, 2023/09/09, 15:13:53.540, 8411580956794, vstest.console.dll, MulticastDelegateUtilities.SafeInvoke: InternalTestLoggerEvents.SendTestRunMessage: Invoking callback 1/1 for Microsoft.VisualStudio.TestPlatform.CommandLine.Internal.ConsoleLogger., took 0 ms.
TpTrace Verbose: 0 : 19848, 7, 2023/09/09, 15:13:53.540, 8411580956877, vstest.console.dll, MulticastDelegateUtilities.SafeInvoke: LengthPrefixCommunicationChannel: MessageReceived: Invoking callback 1/1 for Microsoft.VisualStudio.TestPlatform.CommunicationUtilities.TestRequestSender+<>c__DisplayClass34_0., took 0 ms.
TpTrace Verbose: 0 : 19848, 7, 2023/09/09, 15:13:53.540, 8411580958141, vstest.console.dll, TcpClientExtensions.MessageLoopAsync: Polling on remoteEndPoint: 127.0.0.1:61635 localEndPoint: 127.0.0.1:61634
TpTrace Verbose: 0 : 19848, 7, 2023/09/09, 15:13:53.542, 8411580974180, vstest.console.dll, TcpClientExtensions.MessageLoopAsync: NotifyDataAvailable remoteEndPoint: 127.0.0.1:61635 localEndPoint: 127.0.0.1:61634
TpTrace Verbose: 0 : 19848, 7, 2023/09/09, 15:13:53.542, 8411580974720, vstest.console.dll, TestRequestSender.OnExecutionMessageReceived: Received message: {"Version":7,"MessageType":"TestSession.Message","Payload":{"MessageLevel":0,"Message":"[xUnit.net 00:00:00.57]   Starting:    BrinelleBankTest"}}
TpTrace Verbose: 0 : 19848, 7, 2023/09/09, 15:13:53.542, 8411580975269, vstest.console.dll, TestRunRequest:SendTestRunMessage: Starting.
TpTrace Verbose: 0 : 19848, 7, 2023/09/09, 15:13:53.542, 8411580975746, vstest.console.dll, MulticastDelegateUtilities.SafeInvoke: TestRun.LogMessages: Invoking callback 1/1 for Microsoft.VisualStudio.TestPlatform.CommandLine.TestRunResultAggregator., took 0 ms.
TpTrace Information: 0 : 19848, 7, 2023/09/09, 15:13:53.542, 8411580975916, vstest.console.dll, TestRunRequest:SendTestRunMessage: Completed.
TpTrace Verbose: 0 : 19848, 4, 2023/09/09, 15:13:53.542, 8411580976006, vstest.console.dll, MulticastDelegateUtilities.SafeInvoke: InternalTestLoggerEvents.SendTestRunMessage: Invoking callback 1/1 for Microsoft.VisualStudio.TestPlatform.CommandLine.Internal.ConsoleLogger., took 0 ms.
TpTrace Verbose: 0 : 19848, 7, 2023/09/09, 15:13:53.542, 8411580976074, vstest.console.dll, MulticastDelegateUtilities.SafeInvoke: LengthPrefixCommunicationChannel: MessageReceived: Invoking callback 1/1 for Microsoft.VisualStudio.TestPlatform.CommunicationUtilities.TestRequestSender+<>c__DisplayClass34_0., took 0 ms.
TpTrace Verbose: 0 : 19848, 7, 2023/09/09, 15:13:53.542, 8411580977362, vstest.console.dll, TcpClientExtensions.MessageLoopAsync: Polling on remoteEndPoint: 127.0.0.1:61635 localEndPoint: 127.0.0.1:61634
TpTrace Verbose: 0 : 19848, 7, 2023/09/09, 15:13:54.124, 8411586800204, vstest.console.dll, TcpClientExtensions.MessageLoopAsync: NotifyDataAvailable remoteEndPoint: 127.0.0.1:61635 localEndPoint: 127.0.0.1:61634
TpTrace Verbose: 0 : 19848, 7, 2023/09/09, 15:13:54.124, 8411586802829, vstest.console.dll, TestRequestSender.OnExecutionMessageReceived: Received message: {"Version":7,"MessageType":"TestExecution.StatsChange","Payload":{"NewTestResults":[{"TestCase":{"Id":"7478993d-f836-e4f9-f7d7-6d8932f6cbfc","FullyQualifiedName":"BrinelleBankTest.Mytests.AccountTypeValidationTests.IsNameValid_ShouldValidateName","DisplayName":"BrinelleBankTest.Mytests.AccountTypeValidationTests.IsNameValid_ShouldValidateName(name: \"John Doe1\", expected: False)","ExecutorUri":"executor://xunit/VsTestRunner2/netcoreapp","Source":"C:\\Users\\Deca\\Desktop\\week-4-task-Innochu\\BrinelleBankApp\\BrinelleBankTest\\bin\\Debug\\net6.0\\fine-code-coverage\\build-output\\BrinelleBankTest.dll","CodeFilePath":null,"LineNumber":0,"Properties":[]},"Attachments":[],"Outcome":1,"ErrorMessage":null,"ErrorStackTrace":null,"DisplayName":"BrinelleBankTest.Mytests.AccountTypeValidationTests.IsNameValid_ShouldValidateName(name: \"John Doe1\", expected: False)","Messages":[],"ComputerName":"DECAGON-INNOCHU","Duration":"00:00:00.4521660","StartTime":"2023-09-09T14:13:54.0493054+00:00","EndTime":"2023-09-09T14:13:54.0493287+00:00","Properties":[]},{"TestCase":{"Id":"7df84d0b-5643-4aac-d006-952f0814ce2c","FullyQualifiedName":"BrinelleBankTest.Mytests.AccountTypeValidationTests.IsNameValid_ShouldValidateName","DisplayName":"BrinelleBankTest.Mytests.AccountTypeValidationTests.IsNameValid_ShouldValidateName(name: \"J@ck\", expected: False)","ExecutorUri":"executor://xunit/VsTestRunner2/netcoreapp","Source":"C:\\Users\\Deca\\Desktop\\week-4-task-Innochu\\BrinelleBankApp\\BrinelleBankTest\\bin\\Debug\\net6.0\\fine-code-coverage\\build-output\\BrinelleBankTest.dll","CodeFilePath":null,"LineNumber":0,"Properties":[]},"Attachments":[],"Outcome":1,"ErrorMessage":null,"ErrorStackTrace":null,"DisplayName":"BrinelleBankTest.Mytests.AccountTypeValidationTests.IsNameValid_ShouldValidateName(name: \"J@ck\", expected: False)","Messages":[],"ComputerName":"DECAGON-INNOCHU","Duration":"00:00:00.0000471","StartTime":"2023-09-09T14:13:54.0727218+00:00","EndTime":"2023-09-09T14:13:54.0727219+00:00","Properties":[]},{"TestCase":{"Id":"e7b3bf40-cbd1-095b-03d8-1806c07e2ef9","FullyQualifiedName":"BrinelleBankTest.Mytests.AccountTypeValidationTests.IsNameValid_ShouldValidateName","DisplayName":"BrinelleBankTest.Mytests.AccountTypeValidationTests.IsNameValid_ShouldValidateName(name: \"John Doe\", expected: True)","ExecutorUri":"executor://xunit/VsTestRunner2/netcoreapp","Source":"C:\\Users\\Deca\\Desktop\\week-4-task-Innochu\\BrinelleBankApp\\BrinelleBankTest\\bin\\Debug\\net6.0\\fine-code-coverage\\build-output\\BrinelleBankTest.dll","CodeFilePath":null,"LineNumber":0,"Properties":[]},"Attachments":[],"Outcome":1,"ErrorMessage":null,"ErrorStackTrace":null,"DisplayName":"BrinelleBankTest.Mytests.AccountTypeValidationTests.IsNameValid_ShouldValidateName(name: \"John Doe\", expected: True)","Messages":[],"ComputerName":"DECAGON-INNOCHU","Duration":"00:00:00.0000134","StartTime":"2023-09-09T14:13:54.0753022+00:00","EndTime":"2023-09-09T14:13:54.0753022+00:00","Properties":[]},{"TestCase":{"Id":"ec9ff554-32f1-94ac-36df-e2e66a638b8c","FullyQualifiedName":"BrinelleBankTest.Mytests.AccountTypeValidationTests.IsNameValid_ShouldValidateName","DisplayName":"BrinelleBankTest.Mytests.AccountTypeValidationTests.IsNameValid_ShouldValidateName(name: \"12345\", expected: False)","ExecutorUri":"executor://xunit/VsTestRunner2/netcoreapp","Source":"C:\\Users\\Deca\\Desktop\\week-4-task-Innochu\\BrinelleBankApp\\BrinelleBankTest\\bin\\Debug\\net6.0\\fine-code-coverage\\build-output\\BrinelleBankTest.dll","CodeFilePath":null,"LineNumber":0,"Properties":[]},"Attachments":[],"Outcome":1,"ErrorMessage":null,"ErrorStackTrace":null,"DisplayName":"BrinelleBankTest.Mytests.AccountTypeValidationTests.IsNameValid_ShouldValidateName(name: \"12345\", expected: False)","Messages":[],"ComputerName":"DECAGON-INNOCHU","Duration":"00:00:00.0000041","StartTime":"2023-09-09T14:13:54.0771373+00:00","EndTime":"2023-09-09T14:13:54.0771374+00:00","Properties":[]},{"TestCase":{"Id":"fd945a51-9981-1868-44ae-afbcd38c7c76","FullyQualifiedName":"BrinelleBankTest.Mytests.AccountTypeValidationTests.IsNameValid_ShouldValidateName","DisplayName":"BrinelleBankTest.Mytests.AccountTypeValidationTests.IsNameValid_ShouldValidateName(name: \"Alice\", expected: True)","ExecutorUri":"executor://xunit/VsTestRunner2/netcoreapp","Source":"C:\\Users\\Deca\\Desktop\\week-4-task-Innochu\\BrinelleBankApp\\BrinelleBankTest\\bin\\Debug\\net6.0\\fine-code-coverage\\build-output\\BrinelleBankTest.dll","CodeFilePath":null,"LineNumber":0,"Properties":[]},"Attachments":[],"Outcome":1,"ErrorMessage":null,"ErrorStackTrace":null,"DisplayName":"BrinelleBankTest.Mytests.AccountTypeValidationTests.IsNameValid_ShouldValidateName(name: \"Alice\", expected: True)","Messages":[],"ComputerName":"DECAGON-INNOCHU","Duration":"00:00:00.0000053","StartTime":"2023-09-09T14:13:54.0788166+00:00","EndTime":"2023-09-09T14:13:54.0788166+00:00","Properties":[]},{"TestCase":{"Id":"e22f16bb-b505-05f5-0133-d3e7a0a2f301","FullyQualifiedName":"BrinelleBankTest.Mytests.AccountTypeValidationTests.IsPhoneNumberValid_ShouldValidatePhoneNumber","DisplayName":"BrinelleBankTest.Mytests.AccountTypeValidationTests.IsPhoneNumberValid_ShouldValidatePhoneNumber(phoneNumber: \"1234567890123\", expected: False)","ExecutorUri":"executor://xunit/VsTestRunner2/netcoreapp","Source":"C:\\Users\\Deca\\Desktop\\week-4-task-Innochu\\BrinelleBankApp\\BrinelleBankTest\\bin\\Debug\\net6.0\\fine-code-coverage\\build-output\\BrinelleBankTest.dll","CodeFilePath":null,"LineNumber":0,"Properties":[]},"Attachments":[],"Outcome":1,"ErrorMessage":null,"ErrorStackTrace":null,"DisplayName":"BrinelleBankTest.Mytests.AccountTypeValidationTests.IsPhoneNumberValid_ShouldValidatePhoneNumber(phoneNumber: \"1234567890123\", expected: False)","Messages":[],"ComputerName":"DECAGON-INNOCHU","Duration":"00:00:00.0002825","StartTime":"2023-09-09T14:13:54.0803409+00:00","EndTime":"2023-09-09T14:13:54.080341+00:00","Properties":[]},{"TestCase":{"Id":"ed77c916-c71d-e79d-1997-52a43d17405e","FullyQualifiedName":"BrinelleBankTest.Mytests.AccountTypeValidationTests.IsPhoneNumberValid_ShouldValidatePhoneNumber","DisplayName":"BrinelleBankTest.Mytests.AccountTypeValidationTests.IsPhoneNumberValid_ShouldValidatePhoneNumber(phoneNumber: \"1234567890\", expected: False)","ExecutorUri":"executor://xunit/VsTestRunner2/netcoreapp","Source":"C:\\Users\\Deca\\Desktop\\week-4-task-Innochu\\BrinelleBankApp\\BrinelleBankTest\\bin\\Debug\\net6.0\\fine-code-coverage\\build-output\\BrinelleBankTest.dll","CodeFilePath":null,"LineNumber":0,"Properties":[]},"Attachments":[],"Outcome":1,"ErrorMessage":null,"ErrorStackTrace":null,"DisplayName":"BrinelleBankTest.Mytests.AccountTypeValidationTests.IsPhoneNumberValid_ShouldValidatePhoneNumber(phoneNumber: \"1234567890\", expected: False)","Messages":[],"ComputerName":"DECAGON-INNOCHU","Duration":"00:00:00.0000058","StartTime":"2023-09-09T14:13:54.0820188+00:00","EndTime":"2023-09-09T14:13:54.0820188+00:00","Properties":[]},{"TestCase":{"Id":"d35c8ba2-d5d4-1547-cd17-21c3ea8cc4a6","FullyQualifiedName":"BrinelleBankTest.Mytests.AccountTypeValidationTests.IsPhoneNumberValid_ShouldValidatePhoneNumber","DisplayName":"BrinelleBankTest.Mytests.AccountTypeValidationTests.IsPhoneNumberValid_ShouldValidatePhoneNumber(phoneNumber: \"12345678901\", expected: True)","ExecutorUri":"executor://xunit/VsTestRunner2/netcoreapp","Source":"C:\\Users\\Deca\\Desktop\\week-4-task-Innochu\\BrinelleBankApp\\BrinelleBankTest\\bin\\Debug\\net6.0\\fine-code-coverage\\build-output\\BrinelleBankTest.dll","CodeFilePath":null,"LineNumber":0,"Properties":[]},"Attachments":[],"Outcome":1,"ErrorMessage":null,"ErrorStackTrace":null,"DisplayName":"BrinelleBankTest.Mytests.AccountTypeValidationTests.IsPhoneNumberValid_ShouldValidatePhoneNumber(phoneNumber: \"12345678901\", expected: True)","Messages":[],"ComputerName":"DECAGON-INNOCHU","Duration":"00:00:00.0000048","StartTime":"2023-09-09T14:13:54.0838639+00:00","EndTime":"2023-09-09T14:13:54.083864+00:00","Properties":[]},{"TestCase":{"Id":"bdc03a4f-e205-c705-fbaa-cb25f61e41b7","FullyQualifiedName":"BrinelleBankTest.Mytests.AccountTypeValidationTests.IsPhoneNumberValid_ShouldValidatePhoneNumber","DisplayName":"BrinelleBankTest.Mytests.AccountTypeValidationTests.IsPhoneNumberValid_ShouldValidatePhoneNumber(phoneNumber: \"12345abc678\", expected: False)","ExecutorUri":"executor://xunit/VsTestRunner2/netcoreapp","Source":"C:\\Users\\Deca\\Desktop\\week-4-task-Innochu\\BrinelleBankApp\\BrinelleBankTest\\bin\\Debug\\net6.0\\fine-code-coverage\\build-output\\BrinelleBankTest.dll","CodeFilePath":null,"LineNumber":0,"Properties":[]},"Attachments":[],"Outcome":1,"ErrorMessage":null,"ErrorStackTrace":null,"DisplayName":"BrinelleBankTest.Mytests.AccountTypeValidationTests.IsPhoneNumberValid_ShouldValidatePhoneNumber(phoneNumber: \"12345abc678\", expected: False)","Messages":[],"ComputerName":"DECAGON-INNOCHU","Duration":"00:00:00.0000043","StartTime":"2023-09-09T14:13:54.085601+00:00","EndTime":"2023-09-09T14:13:54.0856011+00:00","Properties":[]}],"TestRunStatistics":{"ExecutedTests":9,"Stats":{"Passed":9}},"ActiveTests":[{"Id":"cd316178-c5be-fae0-8a23-ad0616cdd609","FullyQualifiedName":"BrinelleBankTest.Mytests.AccountTypeValidationTests.IsPhoneNumberValid_ShouldValidatePhoneNumber","DisplayName":"BrinelleBankTest.Mytests.AccountTypeValidationTests.IsPhoneNumberValid_ShouldValidatePhoneNumber(phoneNumber: \"123456789012\", expected: False)","ExecutorUri":"executor://xunit/VsTestRunner2/netcoreapp","Source":"C:\\Users\\Deca\\Desktop\\week-4-task-Innochu\\BrinelleBankApp\\BrinelleBankTest\\bin\\Debug\\net6.0\\fine-code-coverage\\build-output\\BrinelleBankTest.dll","CodeFilePath":null,"LineNumber":0,"Properties":[]}]}}
TpTrace Verbose: 0 : 19848, 7, 2023/09/09, 15:13:54.157, 8411587126610, vstest.console.dll, TestRunRequest:SendTestRunStatsChange: Starting.
TpTrace Verbose: 0 : 19848, 7, 2023/09/09, 15:13:54.157, 8411587128651, vstest.console.dll, InProgress is BrinelleBankTest.Mytests.AccountTypeValidationTests.IsPhoneNumberValid_ShouldValidatePhoneNumber(phoneNumber: "123456789012", expected: False)
TpTrace Verbose: 0 : 19848, 7, 2023/09/09, 15:13:54.157, 8411587131262, vstest.console.dll, MulticastDelegateUtilities.SafeInvoke: TestRun.RunStatsChanged: Invoking callbacks was skipped because there are no subscribers.
TpTrace Information: 0 : 19848, 7, 2023/09/09, 15:13:54.157, 8411587131631, vstest.console.dll, TestRunRequest:SendTestRunStatsChange: Completed.
TpTrace Verbose: 0 : 19848, 7, 2023/09/09, 15:13:54.157, 8411587131938, vstest.console.dll, MulticastDelegateUtilities.SafeInvoke: LengthPrefixCommunicationChannel: MessageReceived: Invoking callback 1/1 for Microsoft.VisualStudio.TestPlatform.CommunicationUtilities.TestRequestSender+<>c__DisplayClass34_0., took 32 ms.
TpTrace Verbose: 0 : 19848, 7, 2023/09/09, 15:13:54.157, 8411587132222, vstest.console.dll, TcpClientExtensions.MessageLoopAsync: Polling on remoteEndPoint: 127.0.0.1:61635 localEndPoint: 127.0.0.1:61634
TpTrace Verbose: 0 : 19848, 7, 2023/09/09, 15:13:54.158, 8411587135395, vstest.console.dll, TcpClientExtensions.MessageLoopAsync: NotifyDataAvailable remoteEndPoint: 127.0.0.1:61635 localEndPoint: 127.0.0.1:61634
TpTrace Verbose: 0 : 19848, 7, 2023/09/09, 15:13:54.158, 8411587136987, vstest.console.dll, TestRequestSender.OnExecutionMessageReceived: Received message: {"Version":7,"MessageType":"TestExecution.StatsChange","Payload":{"NewTestResults":[{"TestCase":{"Id":"cd316178-c5be-fae0-8a23-ad0616cdd609","FullyQualifiedName":"BrinelleBankTest.Mytests.AccountTypeValidationTests.IsPhoneNumberValid_ShouldValidatePhoneNumber","DisplayName":"BrinelleBankTest.Mytests.AccountTypeValidationTests.IsPhoneNumberValid_ShouldValidatePhoneNumber(phoneNumber: \"123456789012\", expected: False)","ExecutorUri":"executor://xunit/VsTestRunner2/netcoreapp","Source":"C:\\Users\\Deca\\Desktop\\week-4-task-Innochu\\BrinelleBankApp\\BrinelleBankTest\\bin\\Debug\\net6.0\\fine-code-coverage\\build-output\\BrinelleBankTest.dll","CodeFilePath":null,"LineNumber":0,"Properties":[]},"Attachments":[],"Outcome":1,"ErrorMessage":null,"ErrorStackTrace":null,"DisplayName":"BrinelleBankTest.Mytests.AccountTypeValidationTests.IsPhoneNumberValid_ShouldValidatePhoneNumber(phoneNumber: \"123456789012\", expected: False)","Messages":[],"ComputerName":"DECAGON-INNOCHU","Duration":"00:00:00.0000040","StartTime":"2023-09-09T14:13:54.125995+00:00","EndTime":"2023-09-09T14:13:54.1259951+00:00","Properties":[]},{"TestCase":{"Id":"41e73763-62fe-89dc-5f1e-8bfc2431b380","FullyQualifiedName":"BrinelleBankTest.Mytests.AccountTypeValidationTests.IsEmailValid_ShouldValidateEmail","DisplayName":"BrinelleBankTest.Mytests.AccountTypeValidationTests.IsEmailValid_ShouldValidateEmail(email: \"user@example\", expected: False)","ExecutorUri":"executor://xunit/VsTestRunner2/netcoreapp","Source":"C:\\Users\\Deca\\Desktop\\week-4-task-Innochu\\BrinelleBankApp\\BrinelleBankTest\\bin\\Debug\\net6.0\\fine-code-coverage\\build-output\\BrinelleBankTest.dll","CodeFilePath":null,"LineNumber":0,"Properties":[]},"Attachments":[],"Outcome":1,"ErrorMessage":null,"ErrorStackTrace":null,"DisplayName":"BrinelleBankTest.Mytests.AccountTypeValidationTests.IsEmailValid_ShouldValidateEmail(email: \"user@example\", expected: False)","Messages":[],"ComputerName":"DECAGON-INNOCHU","Duration":"00:00:00.0008970","StartTime":"2023-09-09T14:13:54.1291714+00:00","EndTime":"2023-09-09T14:13:54.1291716+00:00","Properties":[]},{"TestCase":{"Id":"df2d9ce9-eafb-fd94-05be-f7b84dbc261f","FullyQualifiedName":"BrinelleBankTest.Mytests.AccountTypeValidationTests.IsEmailValid_ShouldValidateEmail","DisplayName":"BrinelleBankTest.Mytests.AccountTypeValidationTests.IsEmailValid_ShouldValidateEmail(email: \"user@example.\", expected: False)","ExecutorUri":"executor://xunit/VsTestRunner2/netcoreapp","Source":"C:\\Users\\Deca\\Desktop\\week-4-task-Innochu\\BrinelleBankApp\\BrinelleBankTest\\bin\\Debug\\net6.0\\fine-code-coverage\\build-output\\BrinelleBankTest.dll","CodeFilePath":null,"LineNumber":0,"Properties":[]},"Attachments":[],"Outcome":1,"ErrorMessage":null,"ErrorStackTrace":null,"DisplayName":"BrinelleBankTest.Mytests.AccountTypeValidationTests.IsEmailValid_ShouldValidateEmail(email: \"user@example.\", expected: False)","Messages":[],"ComputerName":"DECAGON-INNOCHU","Duration":"00:00:00.0000095","StartTime":"2023-09-09T14:13:54.1379837+00:00","EndTime":"2023-09-09T14:13:54.1379838+00:00","Properties":[]},{"TestCase":{"Id":"0dcf6005-bf4a-95bd-1f40-6fe3d42959b2","FullyQualifiedName":"BrinelleBankTest.Mytests.AccountTypeValidationTests.IsEmailValid_ShouldValidateEmail","DisplayName":"BrinelleBankTest.Mytests.AccountTypeValidationTests.IsEmailValid_ShouldValidateEmail(email: \"user@sub.-domain.example.com\", expected: True)","ExecutorUri":"executor://xunit/VsTestRunner2/netcoreapp","Source":"C:\\Users\\Deca\\Desktop\\week-4-task-Innochu\\BrinelleBankApp\\BrinelleBankTest\\bin\\Debug\\net6.0\\fine-code-coverage\\build-output\\BrinelleBankTest.dll","CodeFilePath":null,"LineNumber":0,"Properties":[]},"Attachments":[],"Outcome":1,"ErrorMessage":null,"ErrorStackTrace":null,"DisplayName":"BrinelleBankTest.Mytests.AccountTypeValidationTests.IsEmailValid_ShouldValidateEmail(email: \"user@sub.-domain.example.com\", expected: True)","Messages":[],"ComputerName":"DECAGON-INNOCHU","Duration":"00:00:00.0000088","StartTime":"2023-09-09T14:13:54.1401237+00:00","EndTime":"2023-09-09T14:13:54.1401239+00:00","Properties":[]},{"TestCase":{"Id":"ec2b81d4-1ae8-8c63-5914-0e8982589b24","FullyQualifiedName":"BrinelleBankTest.Mytests.AccountTypeValidationTests.IsEmailValid_ShouldValidateEmail","DisplayName":"BrinelleBankTest.Mytests.AccountTypeValidationTests.IsEmailValid_ShouldValidateEmail(email: \"user@example.c\", expected: False)","ExecutorUri":"executor://xunit/VsTestRunner2/netcoreapp","Source":"C:\\Users\\Deca\\Desktop\\week-4-task-Innochu\\BrinelleBankApp\\BrinelleBankTest\\bin\\Debug\\net6.0\\fine-code-coverage\\build-output\\BrinelleBankTest.dll","CodeFilePath":null,"LineNumber":0,"Properties":[]},"Attachments":[],"Outcome":1,"ErrorMessage":null,"ErrorStackTrace":null,"DisplayName":"BrinelleBankTest.Mytests.AccountTypeValidationTests.IsEmailValid_ShouldValidateEmail(email: \"user@example.c\", expected: False)","Messages":[],"ComputerName":"DECAGON-INNOCHU","Duration":"00:00:00.0000059","StartTime":"2023-09-09T14:13:54.1420349+00:00","EndTime":"2023-09-09T14:13:54.142035+00:00","Properties":[]},{"TestCase":{"Id":"308b6d68-2823-7b07-6b8e-54603526f1a7","FullyQualifiedName":"BrinelleBankTest.Mytests.AccountTypeValidationTests.IsEmailValid_ShouldValidateEmail","DisplayName":"BrinelleBankTest.Mytests.AccountTypeValidationTests.IsEmailValid_ShouldValidateEmail(email: \"user@example-.com\", expected: False)","ExecutorUri":"executor://xunit/VsTestRunner2/netcoreapp","Source":"C:\\Users\\Deca\\Desktop\\week-4-task-Innochu\\BrinelleBankApp\\BrinelleBankTest\\bin\\Debug\\net6.0\\fine-code-coverage\\build-output\\BrinelleBankTest.dll","CodeFilePath":null,"LineNumber":0,"Properties":[]},"Attachments":[],"Outcome":1,"ErrorMessage":null,"ErrorStackTrace":null,"DisplayName":"BrinelleBankTest.Mytests.AccountTypeValidationTests.IsEmailValid_ShouldValidateEmail(email: \"user@example-.com\", expected: False)","Messages":[],"ComputerName":"DECAGON-INNOCHU","Duration":"00:00:00.0000056","StartTime":"2023-09-09T14:13:54.1439236+00:00","EndTime":"2023-09-09T14:13:54.1439237+00:00","Properties":[]},{"TestCase":{"Id":"fbe72ff9-dc22-9021-3ff7-1e2f7c2b4cfc","FullyQualifiedName":"BrinelleBankTest.Mytests.AccountTypeValidationTests.IsEmailValid_ShouldValidateEmail","DisplayName":"BrinelleBankTest.Mytests.AccountTypeValidationTests.IsEmailValid_ShouldValidateEmail(email: \"user@subdomain.example.co.uk\", expected: True)","ExecutorUri":"executor://xunit/VsTestRunner2/netcoreapp","Source":"C:\\Users\\Deca\\Desktop\\week-4-task-Innochu\\BrinelleBankApp\\BrinelleBankTest\\bin\\Debug\\net6.0\\fine-code-coverage\\build-output\\BrinelleBankTest.dll","CodeFilePath":null,"LineNumber":0,"Properties":[]},"Attachments":[],"Outcome":1,"ErrorMessage":null,"ErrorStackTrace":null,"DisplayName":"BrinelleBankTest.Mytests.AccountTypeValidationTests.IsEmailValid_ShouldValidateEmail(email: \"user@subdomain.example.co.uk\", expected: True)","Messages":[],"ComputerName":"DECAGON-INNOCHU","Duration":"00:00:00.0000052","StartTime":"2023-09-09T14:13:54.1457943+00:00","EndTime":"2023-09-09T14:13:54.1457944+00:00","Properties":[]},{"TestCase":{"Id":"8f9ea37c-4967-f052-ca67-653fbc803713","FullyQualifiedName":"BrinelleBankTest.Mytests.AccountTypeValidationTests.IsEmailValid_ShouldValidateEmail","DisplayName":"BrinelleBankTest.Mytests.AccountTypeValidationTests.IsEmailValid_ShouldValidateEmail(email: \"invalid-email\", expected: False)","ExecutorUri":"executor://xunit/VsTestRunner2/netcoreapp","Source":"C:\\Users\\Deca\\Desktop\\week-4-task-Innochu\\BrinelleBankApp\\BrinelleBankTest\\bin\\Debug\\net6.0\\fine-code-coverage\\build-output\\BrinelleBankTest.dll","CodeFilePath":null,"LineNumber":0,"Properties":[]},"Attachments":[],"Outcome":1,"ErrorMessage":null,"ErrorStackTrace":null,"DisplayName":"BrinelleBankTest.Mytests.AccountTypeValidationTests.IsEmailValid_ShouldValidateEmail(email: \"invalid-email\", expected: False)","Messages":[],"ComputerName":"DECAGON-INNOCHU","Duration":"00:00:00.0000050","StartTime":"2023-09-09T14:13:54.1518893+00:00","EndTime":"2023-09-09T14:13:54.1518894+00:00","Properties":[]},{"TestCase":{"Id":"dd1dc59d-eec6-9f6b-3467-7ef086c7e8fd","FullyQualifiedName":"BrinelleBankTest.Mytests.AccountTypeValidationTests.IsEmailValid_ShouldValidateEmail","DisplayName":"BrinelleBankTest.Mytests.AccountTypeValidationTests.IsEmailValid_ShouldValidateEmail(email: \"email@example.com\", expected: True)","ExecutorUri":"executor://xunit/VsTestRunner2/netcoreapp","Source":"C:\\Users\\Deca\\Desktop\\week-4-task-Innochu\\BrinelleBankApp\\BrinelleBankTest\\bin\\Debug\\net6.0\\fine-code-coverage\\build-output\\BrinelleBankTest.dll","CodeFilePath":null,"LineNumber":0,"Properties":[]},"Attachments":[],"Outcome":1,"ErrorMessage":null,"ErrorStackTrace":null,"DisplayName":"BrinelleBankTest.Mytests.AccountTypeValidationTests.IsEmailValid_ShouldValidateEmail(email: \"email@example.com\", expected: True)","Messages":[],"ComputerName":"DECAGON-INNOCHU","Duration":"00:00:00.0000044","StartTime":"2023-09-09T14:13:54.1547372+00:00","EndTime":"2023-09-09T14:13:54.1547373+00:00","Properties":[]}],"TestRunStatistics":{"ExecutedTests":18,"Stats":{"Passed":18}},"ActiveTests":[{"Id":"64770c83-efc0-75ac-50f3-bda24fc7e7c5","FullyQualifiedName":"BrinelleBankTest.Mytests.AccountTypeValidationTests.ValidateAccType_ValidInput_ShouldReturnSameInput","DisplayName":"BrinelleBankTest.Mytests.AccountTypeValidationTests.ValidateAccType_ValidInput_ShouldReturnSameInput(input: \"s\", expected: \"s\")","ExecutorUri":"executor://xunit/VsTestRunner2/netcoreapp","Source":"C:\\Users\\Deca\\Desktop\\week-4-task-Innochu\\BrinelleBankApp\\BrinelleBankTest\\bin\\Debug\\net6.0\\fine-code-coverage\\build-output\\BrinelleBankTest.dll","CodeFilePath":null,"LineNumber":0,"Properties":[]}]}}
TpTrace Verbose: 0 : 19848, 7, 2023/09/09, 15:13:54.159, 8411587146590, vstest.console.dll, TestRunRequest:SendTestRunStatsChange: Starting.
TpTrace Verbose: 0 : 19848, 7, 2023/09/09, 15:13:54.159, 8411587147210, vstest.console.dll, InProgress is BrinelleBankTest.Mytests.AccountTypeValidationTests.ValidateAccType_ValidInput_ShouldReturnSameInput(input: "s", expected: "s")
TpTrace Verbose: 0 : 19848, 7, 2023/09/09, 15:13:54.159, 8411587148022, vstest.console.dll, MulticastDelegateUtilities.SafeInvoke: TestRun.RunStatsChanged: Invoking callbacks was skipped because there are no subscribers.
TpTrace Information: 0 : 19848, 7, 2023/09/09, 15:13:54.159, 8411587148262, vstest.console.dll, TestRunRequest:SendTestRunStatsChange: Completed.
TpTrace Verbose: 0 : 19848, 7, 2023/09/09, 15:13:54.159, 8411587148488, vstest.console.dll, MulticastDelegateUtilities.SafeInvoke: LengthPrefixCommunicationChannel: MessageReceived: Invoking callback 1/1 for Microsoft.VisualStudio.TestPlatform.CommunicationUtilities.TestRequestSender+<>c__DisplayClass34_0., took 1 ms.
TpTrace Verbose: 0 : 19848, 7, 2023/09/09, 15:13:54.159, 8411587148743, vstest.console.dll, TcpClientExtensions.MessageLoopAsync: Polling on remoteEndPoint: 127.0.0.1:61635 localEndPoint: 127.0.0.1:61634
TpTrace Verbose: 0 : 19848, 4, 2023/09/09, 15:13:54.161, 8411587168316, vstest.console.dll, MulticastDelegateUtilities.SafeInvoke: InternalTestLoggerEvents.SendTestResult: Invoking callback 1/1 for Microsoft.VisualStudio.TestPlatform.CommandLine.Internal.ConsoleLogger., took 3 ms.
TpTrace Verbose: 0 : 19848, 4, 2023/09/09, 15:13:54.161, 8411587171400, vstest.console.dll, MulticastDelegateUtilities.SafeInvoke: InternalTestLoggerEvents.SendTestResult: Invoking callback 1/1 for Microsoft.VisualStudio.TestPlatform.CommandLine.Internal.ConsoleLogger., took 0 ms.
TpTrace Verbose: 0 : 19848, 4, 2023/09/09, 15:13:54.161, 8411587172120, vstest.console.dll, MulticastDelegateUtilities.SafeInvoke: InternalTestLoggerEvents.SendTestResult: Invoking callback 1/1 for Microsoft.VisualStudio.TestPlatform.CommandLine.Internal.ConsoleLogger., took 0 ms.
TpTrace Verbose: 0 : 19848, 4, 2023/09/09, 15:13:54.161, 8411587172462, vstest.console.dll, MulticastDelegateUtilities.SafeInvoke: InternalTestLoggerEvents.SendTestResult: Invoking callback 1/1 for Microsoft.VisualStudio.TestPlatform.CommandLine.Internal.ConsoleLogger., took 0 ms.
TpTrace Verbose: 0 : 19848, 4, 2023/09/09, 15:13:54.161, 8411587172818, vstest.console.dll, MulticastDelegateUtilities.SafeInvoke: InternalTestLoggerEvents.SendTestResult: Invoking callback 1/1 for Microsoft.VisualStudio.TestPlatform.CommandLine.Internal.ConsoleLogger., took 0 ms.
TpTrace Verbose: 0 : 19848, 4, 2023/09/09, 15:13:54.161, 8411587173362, vstest.console.dll, MulticastDelegateUtilities.SafeInvoke: InternalTestLoggerEvents.SendTestResult: Invoking callback 1/1 for Microsoft.VisualStudio.TestPlatform.CommandLine.Internal.ConsoleLogger., took 0 ms.
TpTrace Verbose: 0 : 19848, 4, 2023/09/09, 15:13:54.162, 8411587173681, vstest.console.dll, MulticastDelegateUtilities.SafeInvoke: InternalTestLoggerEvents.SendTestResult: Invoking callback 1/1 for Microsoft.VisualStudio.TestPlatform.CommandLine.Internal.ConsoleLogger., took 0 ms.
TpTrace Verbose: 0 : 19848, 4, 2023/09/09, 15:13:54.162, 8411587173994, vstest.console.dll, MulticastDelegateUtilities.SafeInvoke: InternalTestLoggerEvents.SendTestResult: Invoking callback 1/1 for Microsoft.VisualStudio.TestPlatform.CommandLine.Internal.ConsoleLogger., took 0 ms.
TpTrace Verbose: 0 : 19848, 4, 2023/09/09, 15:13:54.162, 8411587174357, vstest.console.dll, MulticastDelegateUtilities.SafeInvoke: InternalTestLoggerEvents.SendTestResult: Invoking callback 1/1 for Microsoft.VisualStudio.TestPlatform.CommandLine.Internal.ConsoleLogger., took 0 ms.
TpTrace Verbose: 0 : 19848, 4, 2023/09/09, 15:13:54.162, 8411587174698, vstest.console.dll, MulticastDelegateUtilities.SafeInvoke: InternalTestLoggerEvents.SendTestResult: Invoking callback 1/1 for Microsoft.VisualStudio.TestPlatform.CommandLine.Internal.ConsoleLogger., took 0 ms.
TpTrace Verbose: 0 : 19848, 4, 2023/09/09, 15:13:54.162, 8411587175014, vstest.console.dll, MulticastDelegateUtilities.SafeInvoke: InternalTestLoggerEvents.SendTestResult: Invoking callback 1/1 for Microsoft.VisualStudio.TestPlatform.CommandLine.Internal.ConsoleLogger., took 0 ms.
TpTrace Verbose: 0 : 19848, 4, 2023/09/09, 15:13:54.162, 8411587175318, vstest.console.dll, MulticastDelegateUtilities.SafeInvoke: InternalTestLoggerEvents.SendTestResult: Invoking callback 1/1 for Microsoft.VisualStudio.TestPlatform.CommandLine.Internal.ConsoleLogger., took 0 ms.
TpTrace Verbose: 0 : 19848, 4, 2023/09/09, 15:13:54.162, 8411587175653, vstest.console.dll, MulticastDelegateUtilities.SafeInvoke: InternalTestLoggerEvents.SendTestResult: Invoking callback 1/1 for Microsoft.VisualStudio.TestPlatform.CommandLine.Internal.ConsoleLogger., took 0 ms.
TpTrace Verbose: 0 : 19848, 4, 2023/09/09, 15:13:54.162, 8411587175956, vstest.console.dll, MulticastDelegateUtilities.SafeInvoke: InternalTestLoggerEvents.SendTestResult: Invoking callback 1/1 for Microsoft.VisualStudio.TestPlatform.CommandLine.Internal.ConsoleLogger., took 0 ms.
TpTrace Verbose: 0 : 19848, 4, 2023/09/09, 15:13:54.163, 8411587184894, vstest.console.dll, MulticastDelegateUtilities.SafeInvoke: InternalTestLoggerEvents.SendTestResult: Invoking callback 1/1 for Microsoft.VisualStudio.TestPlatform.CommandLine.Internal.ConsoleLogger., took 0 ms.
TpTrace Verbose: 0 : 19848, 4, 2023/09/09, 15:13:54.163, 8411587185587, vstest.console.dll, MulticastDelegateUtilities.SafeInvoke: InternalTestLoggerEvents.SendTestResult: Invoking callback 1/1 for Microsoft.VisualStudio.TestPlatform.CommandLine.Internal.ConsoleLogger., took 0 ms.
TpTrace Verbose: 0 : 19848, 4, 2023/09/09, 15:13:54.163, 8411587185940, vstest.console.dll, MulticastDelegateUtilities.SafeInvoke: InternalTestLoggerEvents.SendTestResult: Invoking callback 1/1 for Microsoft.VisualStudio.TestPlatform.CommandLine.Internal.ConsoleLogger., took 0 ms.
TpTrace Verbose: 0 : 19848, 4, 2023/09/09, 15:13:54.163, 8411587186285, vstest.console.dll, MulticastDelegateUtilities.SafeInvoke: InternalTestLoggerEvents.SendTestResult: Invoking callback 1/1 for Microsoft.VisualStudio.TestPlatform.CommandLine.Internal.ConsoleLogger., took 0 ms.
TpTrace Verbose: 0 : 19848, 7, 2023/09/09, 15:13:54.433, 8411589887290, vstest.console.dll, TcpClientExtensions.MessageLoopAsync: NotifyDataAvailable remoteEndPoint: 127.0.0.1:61635 localEndPoint: 127.0.0.1:61634
TpTrace Verbose: 0 : 19848, 7, 2023/09/09, 15:13:54.433, 8411589889134, vstest.console.dll, TestRequestSender.OnExecutionMessageReceived: Received message: {"Version":7,"MessageType":"TestExecution.StatsChange","Payload":{"NewTestResults":[{"TestCase":{"Id":"64770c83-efc0-75ac-50f3-bda24fc7e7c5","FullyQualifiedName":"BrinelleBankTest.Mytests.AccountTypeValidationTests.ValidateAccType_ValidInput_ShouldReturnSameInput","DisplayName":"BrinelleBankTest.Mytests.AccountTypeValidationTests.ValidateAccType_ValidInput_ShouldReturnSameInput(input: \"s\", expected: \"s\")","ExecutorUri":"executor://xunit/VsTestRunner2/netcoreapp","Source":"C:\\Users\\Deca\\Desktop\\week-4-task-Innochu\\BrinelleBankApp\\BrinelleBankTest\\bin\\Debug\\net6.0\\fine-code-coverage\\build-output\\BrinelleBankTest.dll","CodeFilePath":null,"LineNumber":0,"Properties":[]},"Attachments":[],"Outcome":1,"ErrorMessage":null,"ErrorStackTrace":null,"DisplayName":"BrinelleBankTest.Mytests.AccountTypeValidationTests.ValidateAccType_ValidInput_ShouldReturnSameInput(input: \"s\", expected: \"s\")","Messages":[],"ComputerName":"DECAGON-INNOCHU","Duration":"00:00:00.3634436","StartTime":"2023-09-09T14:13:54.4139863+00:00","EndTime":"2023-09-09T14:13:54.4139867+00:00","Properties":[]},{"TestCase":{"Id":"e2a1022a-cbb9-7eed-92ff-c789dc945103","FullyQualifiedName":"BrinelleBankTest.Mytests.AccountTypeValidationTests.ValidateAccType_ValidInput_ShouldReturnSameInput","DisplayName":"BrinelleBankTest.Mytests.AccountTypeValidationTests.ValidateAccType_ValidInput_ShouldReturnSameInput(input: \"S\", expected: \"S\")","ExecutorUri":"executor://xunit/VsTestRunner2/netcoreapp","Source":"C:\\Users\\Deca\\Desktop\\week-4-task-Innochu\\BrinelleBankApp\\BrinelleBankTest\\bin\\Debug\\net6.0\\fine-code-coverage\\build-output\\BrinelleBankTest.dll","CodeFilePath":null,"LineNumber":0,"Properties":[]},"Attachments":[],"Outcome":1,"ErrorMessage":null,"ErrorStackTrace":null,"DisplayName":"BrinelleBankTest.Mytests.AccountTypeValidationTests.ValidateAccType_ValidInput_ShouldReturnSameInput(input: \"S\", expected: \"S\")","Messages":[],"ComputerName":"DECAGON-INNOCHU","Duration":"00:00:00.0000110","StartTime":"2023-09-09T14:13:54.416657+00:00","EndTime":"2023-09-09T14:13:54.4166575+00:00","Properties":[]},{"TestCase":{"Id":"e0b240bb-c45d-d407-8fd5-60de0db0f27c","FullyQualifiedName":"BrinelleBankTest.Mytests.AccountTypeValidationTests.ValidateAccType_ValidInput_ShouldReturnSameInput","DisplayName":"BrinelleBankTest.Mytests.AccountTypeValidationTests.ValidateAccType_ValidInput_ShouldReturnSameInput(input: \"C\", expected: \"C\")","ExecutorUri":"executor://xunit/VsTestRunner2/netcoreapp","Source":"C:\\Users\\Deca\\Desktop\\week-4-task-Innochu\\BrinelleBankApp\\BrinelleBankTest\\bin\\Debug\\net6.0\\fine-code-coverage\\build-output\\BrinelleBankTest.dll","CodeFilePath":null,"LineNumber":0,"Properties":[]},"Attachments":[],"Outcome":1,"ErrorMessage":null,"ErrorStackTrace":null,"DisplayName":"BrinelleBankTest.Mytests.AccountTypeValidationTests.ValidateAccType_ValidInput_ShouldReturnSameInput(input: \"C\", expected: \"C\")","Messages":[],"ComputerName":"DECAGON-INNOCHU","Duration":"00:00:00.0000048","StartTime":"2023-09-09T14:13:54.4192655+00:00","EndTime":"2023-09-09T14:13:54.4192657+00:00","Properties":[]},{"TestCase":{"Id":"7ffbf145-3560-5311-e748-ac204a92139e","FullyQualifiedName":"BrinelleBankTest.Mytests.AccountTypeValidationTests.ValidateAccType_ValidInput_ShouldReturnSameInput","DisplayName":"BrinelleBankTest.Mytests.AccountTypeValidationTests.ValidateAccType_ValidInput_ShouldReturnSameInput(input: \"c\", expected: \"c\")","ExecutorUri":"executor://xunit/VsTestRunner2/netcoreapp","Source":"C:\\Users\\Deca\\Desktop\\week-4-task-Innochu\\BrinelleBankApp\\BrinelleBankTest\\bin\\Debug\\net6.0\\fine-code-coverage\\build-output\\BrinelleBankTest.dll","CodeFilePath":null,"LineNumber":0,"Properties":[]},"Attachments":[],"Outcome":1,"ErrorMessage":null,"ErrorStackTrace":null,"DisplayName":"BrinelleBankTest.Mytests.AccountTypeValidationTests.ValidateAccType_ValidInput_ShouldReturnSameInput(input: \"c\", expected: \"c\")","Messages":[],"ComputerName":"DECAGON-INNOCHU","Duration":"00:00:00.0000024","StartTime":"2023-09-09T14:13:54.4213393+00:00","EndTime":"2023-09-09T14:13:54.4213396+00:00","Properties":[]},{"TestCase":{"Id":"d9999756-f02c-9da0-563d-79daa45f9809","FullyQualifiedName":"BrinelleBankTest.Mytests.AccountTypeValidationTests.CustomerConstructor_Initialization","DisplayName":"BrinelleBankTest.Mytests.AccountTypeValidationTests.CustomerConstructor_Initialization","ExecutorUri":"executor://xunit/VsTestRunner2/netcoreapp","Source":"C:\\Users\\Deca\\Desktop\\week-4-task-Innochu\\BrinelleBankApp\\BrinelleBankTest\\bin\\Debug\\net6.0\\fine-code-coverage\\build-output\\BrinelleBankTest.dll","CodeFilePath":null,"LineNumber":0,"Properties":[]},"Attachments":[],"Outcome":1,"ErrorMessage":null,"ErrorStackTrace":null,"DisplayName":"BrinelleBankTest.Mytests.AccountTypeValidationTests.CustomerConstructor_Initialization","Messages":[],"ComputerName":"DECAGON-INNOCHU","Duration":"00:00:00.0040149","StartTime":"2023-09-09T14:13:54.4234446+00:00","EndTime":"2023-09-09T14:13:54.4234448+00:00","Properties":[]},{"TestCase":{"Id":"050faae9-243a-131f-2bd7-62b9c15883a1","FullyQualifiedName":"BrinelleBankTest.Mytests.AccountTypeValidationTests.IsPasswordValid_ShouldValidatePassword","DisplayName":"BrinelleBankTest.Mytests.AccountTypeValidationTests.IsPasswordValid_ShouldValidatePassword(password: \"ValidPassword1!\", expected: True)","ExecutorUri":"executor://xunit/VsTestRunner2/netcoreapp","Source":"C:\\Users\\Deca\\Desktop\\week-4-task-Innochu\\BrinelleBankApp\\BrinelleBankTest\\bin\\Debug\\net6.0\\fine-code-coverage\\build-output\\BrinelleBankTest.dll","CodeFilePath":null,"LineNumber":0,"Properties":[]},"Attachments":[],"Outcome":1,"ErrorMessage":null,"ErrorStackTrace":null,"DisplayName":"BrinelleBankTest.Mytests.AccountTypeValidationTests.IsPasswordValid_ShouldValidatePassword(password: \"ValidPassword1!\", expected: True)","Messages":[],"ComputerName":"DECAGON-INNOCHU","Duration":"00:00:00.0004917","StartTime":"2023-09-09T14:13:54.4249403+00:00","EndTime":"2023-09-09T14:13:54.4249405+00:00","Properties":[]},{"TestCase":{"Id":"7281ef67-a58d-197c-1aef-f661b83695a2","FullyQualifiedName":"BrinelleBankTest.Mytests.AccountTypeValidationTests.IsPasswordValid_ShouldValidatePassword","DisplayName":"BrinelleBankTest.Mytests.AccountTypeValidationTests.IsPasswordValid_ShouldValidatePassword(password: \"AllLowercase\", expected: False)","ExecutorUri":"executor://xunit/VsTestRunner2/netcoreapp","Source":"C:\\Users\\Deca\\Desktop\\week-4-task-Innochu\\BrinelleBankApp\\BrinelleBankTest\\bin\\Debug\\net6.0\\fine-code-coverage\\build-output\\BrinelleBankTest.dll","CodeFilePath":null,"LineNumber":0,"Properties":[]},"Attachments":[],"Outcome":1,"ErrorMessage":null,"ErrorStackTrace":null,"DisplayName":"BrinelleBankTest.Mytests.AccountTypeValidationTests.IsPasswordValid_ShouldValidatePassword(password: \"AllLowercase\", expected: False)","Messages":[],"ComputerName":"DECAGON-INNOCHU","Duration":"00:00:00.0000181","StartTime":"2023-09-09T14:13:54.4265908+00:00","EndTime":"2023-09-09T14:13:54.426591+00:00","Properties":[]},{"TestCase":{"Id":"70cdbab4-4487-a0ad-b7e0-baabca611440","FullyQualifiedName":"BrinelleBankTest.Mytests.AccountTypeValidationTests.IsPasswordValid_ShouldValidatePassword","DisplayName":"BrinelleBankTest.Mytests.AccountTypeValidationTests.IsPasswordValid_ShouldValidatePassword(password: \"1234567890!@#\", expected: False)","ExecutorUri":"executor://xunit/VsTestRunner2/netcoreapp","Source":"C:\\Users\\Deca\\Desktop\\week-4-task-Innochu\\BrinelleBankApp\\BrinelleBankTest\\bin\\Debug\\net6.0\\fine-code-coverage\\build-output\\BrinelleBankTest.dll","CodeFilePath":null,"LineNumber":0,"Properties":[]},"Attachments":[],"Outcome":1,"ErrorMessage":null,"ErrorStackTrace":null,"DisplayName":"BrinelleBankTest.Mytests.AccountTypeValidationTests.IsPasswordValid_ShouldValidatePassword(password: \"1234567890!@#\", expected: False)","Messages":[],"ComputerName":"DECAGON-INNOCHU","Duration":"00:00:00.0000109","StartTime":"2023-09-09T14:13:54.4293425+00:00","EndTime":"2023-09-09T14:13:54.4293428+00:00","Properties":[]},{"TestCase":{"Id":"78e0d8cc-03fb-70cb-affe-d84b39efaa52","FullyQualifiedName":"BrinelleBankTest.Mytests.AccountTypeValidationTests.IsPasswordValid_ShouldValidatePassword","DisplayName":"BrinelleBankTest.Mytests.AccountTypeValidationTests.IsPasswordValid_ShouldValidatePassword(password: \"SpecialCharacters!\", expected: False)","ExecutorUri":"executor://xunit/VsTestRunner2/netcoreapp","Source":"C:\\Users\\Deca\\Desktop\\week-4-task-Innochu\\BrinelleBankApp\\BrinelleBankTest\\bin\\Debug\\net6.0\\fine-code-coverage\\build-output\\BrinelleBankTest.dll","CodeFilePath":null,"LineNumber":0,"Properties":[]},"Attachments":[],"Outcome":1,"ErrorMessage":null,"ErrorStackTrace":null,"DisplayName":"BrinelleBankTest.Mytests.AccountTypeValidationTests.IsPasswordValid_ShouldValidatePassword(password: \"SpecialCharacters!\", expected: False)","Messages":[],"ComputerName":"DECAGON-INNOCHU","Duration":"00:00:00.0000081","StartTime":"2023-09-09T14:13:54.4314777+00:00","EndTime":"2023-09-09T14:13:54.4314779+00:00","Properties":[]}],"TestRunStatistics":{"ExecutedTests":27,"Stats":{"Passed":27}},"ActiveTests":[{"Id":"21cb6531-0548-3688-681b-4d935951b8b8","FullyQualifiedName":"BrinelleBankTest.Mytests.AccountTypeValidationTests.IsBVNValid_ShouldValidateBVN","DisplayName":"BrinelleBankTest.Mytests.AccountTypeValidationTests.IsBVNValid_ShouldValidateBVN(bvn: \"1234567890a\", expected: False)","ExecutorUri":"executor://xunit/VsTestRunner2/netcoreapp","Source":"C:\\Users\\Deca\\Desktop\\week-4-task-Innochu\\BrinelleBankApp\\BrinelleBankTest\\bin\\Debug\\net6.0\\fine-code-coverage\\build-output\\BrinelleBankTest.dll","CodeFilePath":null,"LineNumber":0,"Properties":[]}]}}
TpTrace Verbose: 0 : 19848, 7, 2023/09/09, 15:13:54.434, 8411589894900, vstest.console.dll, TestRunRequest:SendTestRunStatsChange: Starting.
TpTrace Verbose: 0 : 19848, 7, 2023/09/09, 15:13:54.434, 8411589895444, vstest.console.dll, InProgress is BrinelleBankTest.Mytests.AccountTypeValidationTests.IsBVNValid_ShouldValidateBVN(bvn: "1234567890a", expected: False)
TpTrace Verbose: 0 : 19848, 7, 2023/09/09, 15:13:54.434, 8411589895910, vstest.console.dll, MulticastDelegateUtilities.SafeInvoke: TestRun.RunStatsChanged: Invoking callbacks was skipped because there are no subscribers.
TpTrace Information: 0 : 19848, 7, 2023/09/09, 15:13:54.434, 8411589896113, vstest.console.dll, TestRunRequest:SendTestRunStatsChange: Completed.
TpTrace Verbose: 0 : 19848, 7, 2023/09/09, 15:13:54.434, 8411589896334, vstest.console.dll, MulticastDelegateUtilities.SafeInvoke: LengthPrefixCommunicationChannel: MessageReceived: Invoking callback 1/1 for Microsoft.VisualStudio.TestPlatform.CommunicationUtilities.TestRequestSender+<>c__DisplayClass34_0., took 0 ms.
TpTrace Verbose: 0 : 19848, 7, 2023/09/09, 15:13:54.434, 8411589896571, vstest.console.dll, TcpClientExtensions.MessageLoopAsync: Polling on remoteEndPoint: 127.0.0.1:61635 localEndPoint: 127.0.0.1:61634
TpTrace Verbose: 0 : 19848, 4, 2023/09/09, 15:13:54.434, 8411589896563, vstest.console.dll, MulticastDelegateUtilities.SafeInvoke: InternalTestLoggerEvents.SendTestResult: Invoking callback 1/1 for Microsoft.VisualStudio.TestPlatform.CommandLine.Internal.ConsoleLogger., took 0 ms.
TpTrace Verbose: 0 : 19848, 4, 2023/09/09, 15:13:54.434, 8411589897527, vstest.console.dll, MulticastDelegateUtilities.SafeInvoke: InternalTestLoggerEvents.SendTestResult: Invoking callback 1/1 for Microsoft.VisualStudio.TestPlatform.CommandLine.Internal.ConsoleLogger., took 0 ms.
TpTrace Verbose: 0 : 19848, 4, 2023/09/09, 15:13:54.434, 8411589898236, vstest.console.dll, MulticastDelegateUtilities.SafeInvoke: InternalTestLoggerEvents.SendTestResult: Invoking callback 1/1 for Microsoft.VisualStudio.TestPlatform.CommandLine.Internal.ConsoleLogger., took 0 ms.
TpTrace Verbose: 0 : 19848, 4, 2023/09/09, 15:13:54.434, 8411589898743, vstest.console.dll, MulticastDelegateUtilities.SafeInvoke: InternalTestLoggerEvents.SendTestResult: Invoking callback 1/1 for Microsoft.VisualStudio.TestPlatform.CommandLine.Internal.ConsoleLogger., took 0 ms.
TpTrace Verbose: 0 : 19848, 4, 2023/09/09, 15:13:54.434, 8411589899423, vstest.console.dll, MulticastDelegateUtilities.SafeInvoke: InternalTestLoggerEvents.SendTestResult: Invoking callback 1/1 for Microsoft.VisualStudio.TestPlatform.CommandLine.Internal.ConsoleLogger., took 0 ms.
TpTrace Verbose: 0 : 19848, 4, 2023/09/09, 15:13:54.434, 8411589899973, vstest.console.dll, MulticastDelegateUtilities.SafeInvoke: InternalTestLoggerEvents.SendTestResult: Invoking callback 1/1 for Microsoft.VisualStudio.TestPlatform.CommandLine.Internal.ConsoleLogger., took 0 ms.
TpTrace Verbose: 0 : 19848, 4, 2023/09/09, 15:13:54.434, 8411589900457, vstest.console.dll, MulticastDelegateUtilities.SafeInvoke: InternalTestLoggerEvents.SendTestResult: Invoking callback 1/1 for Microsoft.VisualStudio.TestPlatform.CommandLine.Internal.ConsoleLogger., took 0 ms.
TpTrace Verbose: 0 : 19848, 4, 2023/09/09, 15:13:54.434, 8411589900892, vstest.console.dll, MulticastDelegateUtilities.SafeInvoke: InternalTestLoggerEvents.SendTestResult: Invoking callback 1/1 for Microsoft.VisualStudio.TestPlatform.CommandLine.Internal.ConsoleLogger., took 0 ms.
TpTrace Verbose: 0 : 19848, 4, 2023/09/09, 15:13:54.434, 8411589901331, vstest.console.dll, MulticastDelegateUtilities.SafeInvoke: InternalTestLoggerEvents.SendTestResult: Invoking callback 1/1 for Microsoft.VisualStudio.TestPlatform.CommandLine.Internal.ConsoleLogger., took 0 ms.
TpTrace Verbose: 0 : 19848, 7, 2023/09/09, 15:13:54.447, 8411590027592, vstest.console.dll, TcpClientExtensions.MessageLoopAsync: NotifyDataAvailable remoteEndPoint: 127.0.0.1:61635 localEndPoint: 127.0.0.1:61634
TpTrace Verbose: 0 : 19848, 7, 2023/09/09, 15:13:54.447, 8411590028843, vstest.console.dll, TestRequestSender.OnExecutionMessageReceived: Received message: {"Version":7,"MessageType":"TestSession.Message","Payload":{"MessageLevel":0,"Message":"[xUnit.net 00:00:01.48]   Finished:    BrinelleBankTest"}}
TpTrace Verbose: 0 : 19848, 7, 2023/09/09, 15:13:54.447, 8411590030145, vstest.console.dll, TestRunRequest:SendTestRunMessage: Starting.
TpTrace Verbose: 0 : 19848, 7, 2023/09/09, 15:13:54.447, 8411590030894, vstest.console.dll, MulticastDelegateUtilities.SafeInvoke: TestRun.LogMessages: Invoking callback 1/1 for Microsoft.VisualStudio.TestPlatform.CommandLine.TestRunResultAggregator., took 0 ms.
TpTrace Information: 0 : 19848, 7, 2023/09/09, 15:13:54.447, 8411590031240, vstest.console.dll, TestRunRequest:SendTestRunMessage: Completed.
TpTrace Verbose: 0 : 19848, 4, 2023/09/09, 15:13:54.447, 8411590030982, vstest.console.dll, MulticastDelegateUtilities.SafeInvoke: InternalTestLoggerEvents.SendTestRunMessage: Invoking callback 1/1 for Microsoft.VisualStudio.TestPlatform.CommandLine.Internal.ConsoleLogger., took 0 ms.
TpTrace Verbose: 0 : 19848, 7, 2023/09/09, 15:13:54.447, 8411590031561, vstest.console.dll, MulticastDelegateUtilities.SafeInvoke: LengthPrefixCommunicationChannel: MessageReceived: Invoking callback 1/1 for Microsoft.VisualStudio.TestPlatform.CommunicationUtilities.TestRequestSender+<>c__DisplayClass34_0., took 0 ms.
TpTrace Verbose: 0 : 19848, 7, 2023/09/09, 15:13:54.447, 8411590032382, vstest.console.dll, TcpClientExtensions.MessageLoopAsync: Polling on remoteEndPoint: 127.0.0.1:61635 localEndPoint: 127.0.0.1:61634
TpTrace Verbose: 0 : 19848, 7, 2023/09/09, 15:13:54.469, 8411590251302, vstest.console.dll, TcpClientExtensions.MessageLoopAsync: NotifyDataAvailable remoteEndPoint: 127.0.0.1:61635 localEndPoint: 127.0.0.1:61634
TpTrace Verbose: 0 : 19848, 7, 2023/09/09, 15:13:54.469, 8411590252882, vstest.console.dll, TestRequestSender.OnExecutionMessageReceived: Received message: {"Version":7,"MessageType":"TestExecution.Completed","Payload":{"TestRunCompleteArgs":{"TestRunStatistics":{"ExecutedTests":33,"Stats":{"Passed":33}},"IsCanceled":false,"IsAborted":false,"Error":null,"AttachmentSets":[],"InvokedDataCollectors":[],"ElapsedTimeInRunningTests":"00:00:01.4966946","Metrics":{},"DiscoveredExtensions":{"TestDiscoverers":["Xunit.Runner.VisualStudio.VsTestRunner, xunit.runner.visualstudio.dotnetcore.testadapter, Version=2.5.0.0, Culture=neutral, PublicKeyToken=8d05b1bb7a6fdb6c"],"TestExecutors":["executor://xunit/VsTestRunner2/netcoreapp"],"TestExecutors2":[],"TestSettingsProviders":[]}},"LastRunTests":{"NewTestResults":[{"TestCase":{"Id":"21cb6531-0548-3688-681b-4d935951b8b8","FullyQualifiedName":"BrinelleBankTest.Mytests.AccountTypeValidationTests.IsBVNValid_ShouldValidateBVN","DisplayName":"BrinelleBankTest.Mytests.AccountTypeValidationTests.IsBVNValid_ShouldValidateBVN(bvn: \"1234567890a\", expected: False)","ExecutorUri":"executor://xunit/VsTestRunner2/netcoreapp","Source":"C:\\Users\\Deca\\Desktop\\week-4-task-Innochu\\BrinelleBankApp\\BrinelleBankTest\\bin\\Debug\\net6.0\\fine-code-coverage\\build-output\\BrinelleBankTest.dll","CodeFilePath":null,"LineNumber":0,"Properties":[]},"Attachments":[],"Outcome":1,"ErrorMessage":null,"ErrorStackTrace":null,"DisplayName":"BrinelleBankTest.Mytests.AccountTypeValidationTests.IsBVNValid_ShouldValidateBVN(bvn: \"1234567890a\", expected: False)","Messages":[],"ComputerName":"DECAGON-INNOCHU","Duration":"00:00:00.0002896","StartTime":"2023-09-09T14:13:54.434624+00:00","EndTime":"2023-09-09T14:13:54.4346242+00:00","Properties":[]},{"TestCase":{"Id":"02c5f360-7f62-ed58-769a-72bde73778b1","FullyQualifiedName":"BrinelleBankTest.Mytests.AccountTypeValidationTests.IsBVNValid_ShouldValidateBVN","DisplayName":"BrinelleBankTest.Mytests.AccountTypeValidationTests.IsBVNValid_ShouldValidateBVN(bvn: \"1234567890\", expected: False)","ExecutorUri":"executor://xunit/VsTestRunner2/netcoreapp","Source":"C:\\Users\\Deca\\Desktop\\week-4-task-Innochu\\BrinelleBankApp\\BrinelleBankTest\\bin\\Debug\\net6.0\\fine-code-coverage\\build-output\\BrinelleBankTest.dll","CodeFilePath":null,"LineNumber":0,"Properties":[]},"Attachments":[],"Outcome":1,"ErrorMessage":null,"ErrorStackTrace":null,"DisplayName":"BrinelleBankTest.Mytests.AccountTypeValidationTests.IsBVNValid_ShouldValidateBVN(bvn: \"1234567890\", expected: False)","Messages":[],"ComputerName":"DECAGON-INNOCHU","Duration":"00:00:00.0000058","StartTime":"2023-09-09T14:13:54.4366812+00:00","EndTime":"2023-09-09T14:13:54.4366813+00:00","Properties":[]},{"TestCase":{"Id":"64fe58a6-efe3-1ef7-43ff-3c3f291217cb","FullyQualifiedName":"BrinelleBankTest.Mytests.AccountTypeValidationTests.IsBVNValid_ShouldValidateBVN","DisplayName":"BrinelleBankTest.Mytests.AccountTypeValidationTests.IsBVNValid_ShouldValidateBVN(bvn: \"12345abc678\", expected: False)","ExecutorUri":"executor://xunit/VsTestRunner2/netcoreapp","Source":"C:\\Users\\Deca\\Desktop\\week-4-task-Innochu\\BrinelleBankApp\\BrinelleBankTest\\bin\\Debug\\net6.0\\fine-code-coverage\\build-output\\BrinelleBankTest.dll","CodeFilePath":null,"LineNumber":0,"Properties":[]},"Attachments":[],"Outcome":1,"ErrorMessage":null,"ErrorStackTrace":null,"DisplayName":"BrinelleBankTest.Mytests.AccountTypeValidationTests.IsBVNValid_ShouldValidateBVN(bvn: \"12345abc678\", expected: False)","Messages":[],"ComputerName":"DECAGON-INNOCHU","Duration":"00:00:00.0000035","StartTime":"2023-09-09T14:13:54.4389258+00:00","EndTime":"2023-09-09T14:13:54.4389261+00:00","Properties":[]},{"TestCase":{"Id":"3e637bec-36ad-f56f-d055-e586eada963f","FullyQualifiedName":"BrinelleBankTest.Mytests.AccountTypeValidationTests.IsBVNValid_ShouldValidateBVN","DisplayName":"BrinelleBankTest.Mytests.AccountTypeValidationTests.IsBVNValid_ShouldValidateBVN(bvn: \"12345678901a\", expected: False)","ExecutorUri":"executor://xunit/VsTestRunner2/netcoreapp","Source":"C:\\Users\\Deca\\Desktop\\week-4-task-Innochu\\BrinelleBankApp\\BrinelleBankTest\\bin\\Debug\\net6.0\\fine-code-coverage\\build-output\\BrinelleBankTest.dll","CodeFilePath":null,"LineNumber":0,"Properties":[]},"Attachments":[],"Outcome":1,"ErrorMessage":null,"ErrorStackTrace":null,"DisplayName":"BrinelleBankTest.Mytests.AccountTypeValidationTests.IsBVNValid_ShouldValidateBVN(bvn: \"12345678901a\", expected: False)","Messages":[],"ComputerName":"DECAGON-INNOCHU","Duration":"00:00:00.0000076","StartTime":"2023-09-09T14:13:54.4411682+00:00","EndTime":"2023-09-09T14:13:54.4411684+00:00","Properties":[]},{"TestCase":{"Id":"e32f6111-c0f5-1533-7d07-0093960c4e91","FullyQualifiedName":"BrinelleBankTest.Mytests.AccountTypeValidationTests.IsBVNValid_ShouldValidateBVN","DisplayName":"BrinelleBankTest.Mytests.AccountTypeValidationTests.IsBVNValid_ShouldValidateBVN(bvn: \"12345678901\", expected: False)","ExecutorUri":"executor://xunit/VsTestRunner2/netcoreapp","Source":"C:\\Users\\Deca\\Desktop\\week-4-task-Innochu\\BrinelleBankApp\\BrinelleBankTest\\bin\\Debug\\net6.0\\fine-code-coverage\\build-output\\BrinelleBankTest.dll","CodeFilePath":null,"LineNumber":0,"Properties":[]},"Attachments":[],"Outcome":1,"ErrorMessage":null,"ErrorStackTrace":null,"DisplayName":"BrinelleBankTest.Mytests.AccountTypeValidationTests.IsBVNValid_ShouldValidateBVN(bvn: \"12345678901\", expected: False)","Messages":[],"ComputerName":"DECAGON-INNOCHU","Duration":"00:00:00.0000038","StartTime":"2023-09-09T14:13:54.4434413+00:00","EndTime":"2023-09-09T14:13:54.443442+00:00","Properties":[]},{"TestCase":{"Id":"34f47cd6-5aa2-0c72-07d1-83b919c73697","FullyQualifiedName":"BrinelleBankTest.Mytests.AccountTypeValidationTests.CustomerConstructor_Initialization2","DisplayName":"BrinelleBankTest.Mytests.AccountTypeValidationTests.CustomerConstructor_Initialization2","ExecutorUri":"executor://xunit/VsTestRunner2/netcoreapp","Source":"C:\\Users\\Deca\\Desktop\\week-4-task-Innochu\\BrinelleBankApp\\BrinelleBankTest\\bin\\Debug\\net6.0\\fine-code-coverage\\build-output\\BrinelleBankTest.dll","CodeFilePath":null,"LineNumber":0,"Properties":[]},"Attachments":[],"Outcome":1,"ErrorMessage":null,"ErrorStackTrace":null,"DisplayName":"BrinelleBankTest.Mytests.AccountTypeValidationTests.CustomerConstructor_Initialization2","Messages":[],"ComputerName":"DECAGON-INNOCHU","Duration":"00:00:00.0003134","StartTime":"2023-09-09T14:13:54.4452037+00:00","EndTime":"2023-09-09T14:13:54.4452048+00:00","Properties":[]}],"TestRunStatistics":{"ExecutedTests":33,"Stats":{"Passed":33}},"ActiveTests":[]},"RunAttachments":[],"ExecutorUris":["executor://xunit/VsTestRunner2/netcoreapp"]}}
TpTrace Verbose: 0 : 19848, 7, 2023/09/09, 15:13:54.470, 8411590254241, vstest.console.dll, TestRequestSender.EndSession: Sending end session.
TpTrace Verbose: 0 : 19848, 7, 2023/09/09, 15:13:54.470, 8411590255491, vstest.console.dll, ProxyOperationManager.Close: waiting for test host to exit for 100 ms
TpTrace Warning: 0 : 19848, 11, 2023/09/09, 15:13:54.497, 8411590526606, vstest.console.dll, TestHostManagerCallbacks.ErrorReceivedCallback Test host standard error line: 
TpTrace Verbose: 0 : 19848, 11, 2023/09/09, 15:13:54.506, 8411590616531, vstest.console.dll, TestHostProvider.ExitCallBack: Host exited starting callback.
TpTrace Information: 0 : 19848, 11, 2023/09/09, 15:13:54.506, 8411590618249, vstest.console.dll, TestHostManagerCallbacks.ExitCallBack: Testhost processId: 15596 exited with exitcode: 0 error: ''
TpTrace Verbose: 0 : 19848, 11, 2023/09/09, 15:13:54.506, 8411590618619, vstest.console.dll, DotnetTestHostManager.OnHostExited: invoking OnHostExited callback
TpTrace Verbose: 0 : 19848, 11, 2023/09/09, 15:13:54.506, 8411590619022, vstest.console.dll, CrossPlatEngine.TestHostManagerHostExited: calling on client process exit callback.
TpTrace Information: 0 : 19848, 11, 2023/09/09, 15:13:54.506, 8411590619416, vstest.console.dll, TestRequestSender.OnClientProcessExit: Test host process exited. Standard error: 
TpTrace Information: 0 : 19848, 11, 2023/09/09, 15:13:54.506, 8411590619683, vstest.console.dll, SocketServer.Stop: Stop server endPoint: 127.0.0.1:61634
TpTrace Information: 0 : 19848, 11, 2023/09/09, 15:13:54.506, 8411590619891, vstest.console.dll, SocketServer.Stop: Cancellation requested. Stopping message loop.
TpTrace Information: 0 : 19848, 7, 2023/09/09, 15:13:54.506, 8411590620109, vstest.console.dll, SocketServer.Stop: Stop server endPoint: 127.0.0.1:61634
TpTrace Information: 0 : 19848, 7, 2023/09/09, 15:13:54.506, 8411590620528, vstest.console.dll, SocketServer.Stop: Cancellation requested. Stopping message loop.
TpTrace Verbose: 0 : 19848, 11, 2023/09/09, 15:13:54.506, 8411590620580, vstest.console.dll, MulticastDelegateUtilities.SafeInvoke: HostProviderEvents.OnHostExited: Invoking callback 1/1 for Microsoft.VisualStudio.TestPlatform.CrossPlatEngine.Client.ProxyOperationManager., took 0 ms.
TpTrace Information: 0 : 19848, 7, 2023/09/09, 15:13:54.506, 8411590620876, vstest.console.dll, Closing the connection
TpTrace Verbose: 0 : 19848, 7, 2023/09/09, 15:13:54.506, 8411590622871, vstest.console.dll, ProxyDataCollectionManager.InvokeDataCollectionServiceAction: Starting.
TpTrace Information: 0 : 19848, 7, 2023/09/09, 15:13:54.507, 8411590623393, vstest.console.dll, ProxyDataCollectionManager.AfterTestRunEnd: Get attachment set and invoked data collectors processId: 50412 port: 61631
TpTrace Verbose: 0 : 19848, 7, 2023/09/09, 15:13:54.507, 8411590623779, vstest.console.dll, DataCollectionRequestSender.SendAfterTestRunStartAndGetResult: Send AfterTestRunEnd message with isCancelled: False
TpTrace Verbose: 0 : 19848, 7, 2023/09/09, 15:13:54.514, 8411590695852, vstest.console.dll, DataCollectionRequestSender.SendAfterTestRunStartAndGetResult: Received message: (DataCollection.AfterTestRunEndResult) -> {"MessageType":"DataCollection.AfterTestRunEndResult","Payload":{"AttachmentSets":[],"InvokedDataCollectors":[{"Uri":"datacollector://Microsoft/TestPlatform/Extensions/Blame/v1","FriendlyName":"Blame","AssemblyQualifiedName":"Microsoft.TestPlatform.Extensions.BlameDataCollector.BlameCollector, Microsoft.TestPlatform.Extensions.BlameDataCollector, Version=15.0.0.0, Culture=neutral, PublicKeyToken=b03f5f7f11d50a3a","FilePath":"C:\\Program Files\\dotnet\\sdk\\7.0.306\\Extensions\\Microsoft.TestPlatform.Extensions.BlameDataCollector.dll","HasAttachmentProcessor":false}],"Metrics":{}}}
TpTrace Warning: 0 : 19848, 10, 2023/09/09, 15:13:54.519, 8411590744196, vstest.console.dll, DataCollectionLauncher.ErrorReceivedCallback datacollector standard error line: 
TpTrace Information: 0 : 19848, 7, 2023/09/09, 15:13:54.521, 8411590768797, vstest.console.dll, ProxyDataCollectionManager.InvokeDataCollectionServiceAction: Completed.
TpTrace Information: 0 : 19848, 10, 2023/09/09, 15:13:54.530, 8411590854215, vstest.console.dll, DataCollectionLauncher.ExitCallBack: Data collector exited with exitcode: 0 error: ''
TpTrace Verbose: 0 : 19848, 7, 2023/09/09, 15:13:54.564, 8411591195975, vstest.console.dll, TestRunRequest:SendTestRunStatsChange: Starting.
TpTrace Verbose: 0 : 19848, 7, 2023/09/09, 15:13:54.564, 8411591196976, vstest.console.dll, MulticastDelegateUtilities.SafeInvoke: TestRun.RunStatsChanged: Invoking callbacks was skipped because there are no subscribers.
TpTrace Information: 0 : 19848, 7, 2023/09/09, 15:13:54.564, 8411591197226, vstest.console.dll, TestRunRequest:SendTestRunStatsChange: Completed.
TpTrace Verbose: 0 : 19848, 4, 2023/09/09, 15:13:54.564, 8411591197613, vstest.console.dll, MulticastDelegateUtilities.SafeInvoke: InternalTestLoggerEvents.SendTestResult: Invoking callback 1/1 for Microsoft.VisualStudio.TestPlatform.CommandLine.Internal.ConsoleLogger., took 0 ms.
TpTrace Verbose: 0 : 19848, 4, 2023/09/09, 15:13:54.564, 8411591198235, vstest.console.dll, MulticastDelegateUtilities.SafeInvoke: InternalTestLoggerEvents.SendTestResult: Invoking callback 1/1 for Microsoft.VisualStudio.TestPlatform.CommandLine.Internal.ConsoleLogger., took 0 ms.
TpTrace Verbose: 0 : 19848, 4, 2023/09/09, 15:13:54.564, 8411591198659, vstest.console.dll, MulticastDelegateUtilities.SafeInvoke: InternalTestLoggerEvents.SendTestResult: Invoking callback 1/1 for Microsoft.VisualStudio.TestPlatform.CommandLine.Internal.ConsoleLogger., took 0 ms.
TpTrace Verbose: 0 : 19848, 4, 2023/09/09, 15:13:54.564, 8411591198955, vstest.console.dll, MulticastDelegateUtilities.SafeInvoke: InternalTestLoggerEvents.SendTestResult: Invoking callback 1/1 for Microsoft.VisualStudio.TestPlatform.CommandLine.Internal.ConsoleLogger., took 0 ms.
TpTrace Verbose: 0 : 19848, 4, 2023/09/09, 15:13:54.564, 8411591199325, vstest.console.dll, MulticastDelegateUtilities.SafeInvoke: InternalTestLoggerEvents.SendTestResult: Invoking callback 1/1 for Microsoft.VisualStudio.TestPlatform.CommandLine.Internal.ConsoleLogger., took 0 ms.
TpTrace Verbose: 0 : 19848, 4, 2023/09/09, 15:13:54.564, 8411591199709, vstest.console.dll, MulticastDelegateUtilities.SafeInvoke: InternalTestLoggerEvents.SendTestResult: Invoking callback 1/1 for Microsoft.VisualStudio.TestPlatform.CommandLine.Internal.ConsoleLogger., took 0 ms.
TpTrace Verbose: 0 : 19848, 7, 2023/09/09, 15:13:54.564, 8411591201104, vstest.console.dll, ParallelProxyExecutionManager: HandlePartialRunComplete: Total completed clients = 1, Run complete = True, Run canceled: False.
TpTrace Verbose: 0 : 19848, 4, 2023/09/09, 15:13:54.574, 8411591296324, vstest.console.dll, MulticastDelegateUtilities.SafeInvoke: InternalTestLoggerEvents.SendTestRunComplete: Invoking callback 1/2 for Microsoft.TestPlatform.Extensions.BlameDataCollector.BlameLogger., took 0 ms.
TpTrace Verbose: 0 : 19848, 4, 2023/09/09, 15:13:54.580, 8411591355415, vstest.console.dll, MulticastDelegateUtilities.SafeInvoke: InternalTestLoggerEvents.SendTestRunComplete: Invoking callback 2/2 for Microsoft.VisualStudio.TestPlatform.CommandLine.Internal.ConsoleLogger., took 5 ms.
TpTrace Verbose: 0 : 19848, 7, 2023/09/09, 15:13:54.580, 8411591359047, vstest.console.dll, TestRunRequest:TestRunComplete: Starting. IsAborted:False IsCanceled:False.
TpTrace Verbose: 0 : 19848, 7, 2023/09/09, 15:13:54.581, 8411591373229, vstest.console.dll, TestLoggerManager.HandleTestRunComplete: Ignoring as the object is disposed.
TpTrace Verbose: 0 : 19848, 7, 2023/09/09, 15:13:54.582, 8411591376212, vstest.console.dll, MulticastDelegateUtilities.SafeInvoke: TestRun.TestRunComplete: Invoking callback 1/2 for Microsoft.VisualStudio.TestPlatform.CommandLine.TestRunResultAggregator., took 0 ms.
TpTrace Verbose: 0 : 19848, 7, 2023/09/09, 15:13:54.582, 8411591377949, vstest.console.dll, MulticastDelegateUtilities.SafeInvoke: TestRun.TestRunComplete: Invoking callback 2/2 for Microsoft.VisualStudio.TestPlatform.CommandLine.Processors.RunTestsArgumentExecutor+TestRunRequestEventsRegistrar., took 0 ms.
TpTrace Information: 0 : 19848, 7, 2023/09/09, 15:13:54.582, 8411591379243, vstest.console.dll, TestRunRequest:TestRunComplete: Completed.
TpTrace Verbose: 0 : 19848, 7, 2023/09/09, 15:13:54.582, 8411591379810, vstest.console.dll, TestRequestSender.SetOperationComplete: Setting operation complete.
TpTrace Verbose: 0 : 19848, 1, 2023/09/09, 15:13:54.582, 8411591379877, vstest.console.dll, TestRunRequest.Dispose: Starting.
TpTrace Information: 0 : 19848, 1, 2023/09/09, 15:13:54.582, 8411591380946, vstest.console.dll, TestRunRequest.Dispose: Completed.
TpTrace Information: 0 : 19848, 7, 2023/09/09, 15:13:54.582, 8411591380274, vstest.console.dll, SocketServer.Stop: Stop server endPoint: 127.0.0.1:61634
TpTrace Information: 0 : 19848, 1, 2023/09/09, 15:13:54.582, 8411591381468, vstest.console.dll, TestRequestManager.RunTests: run tests completed.
TpTrace Information: 0 : 19848, 7, 2023/09/09, 15:13:54.582, 8411591381718, vstest.console.dll, SocketServer.Stop: Cancellation requested. Stopping message loop.
TpTrace Verbose: 0 : 19848, 7, 2023/09/09, 15:13:54.582, 8411591382921, vstest.console.dll, MulticastDelegateUtilities.SafeInvoke: LengthPrefixCommunicationChannel: MessageReceived: Invoking callback 1/1 for Microsoft.VisualStudio.TestPlatform.CommunicationUtilities.TestRequestSender+<>c__DisplayClass34_0., took 113 ms.
TpTrace Information: 0 : 19848, 1, 2023/09/09, 15:13:54.582, 8411591383033, vstest.console.dll, RunTestsArgumentProcessor:Execute: Test run is completed.
TpTrace Information: 0 : 19848, 7, 2023/09/09, 15:13:54.582, 8411591383332, vstest.console.dll, SocketServer.PrivateStop: Stopping server endPoint: 127.0.0.1:61634 error: 
TpTrace Verbose: 0 : 19848, 1, 2023/09/09, 15:13:54.583, 8411591385505, vstest.console.dll, Executor.Execute: Exiting with exit code of 0
TpTrace Verbose: 0 : 19848, 7, 2023/09/09, 15:13:54.583, 8411591388189, vstest.console.dll, LengthPrefixCommunicationChannel.Dispose: Dispose reader and writer.
TpTrace Information: 0 : 19848, 7, 2023/09/09, 15:13:54.583, 8411591389135, vstest.console.dll, SocketServer.Stop: Raise disconnected event endPoint: 127.0.0.1:61634 error: 
TpTrace Verbose: 0 : 19848, 7, 2023/09/09, 15:13:54.583, 8411591390127, vstest.console.dll, TestRequestSender: OnTestRunAbort: Operation is already complete. Skip error message.
TpTrace Verbose: 0 : 19848, 7, 2023/09/09, 15:13:54.583, 8411591390616, vstest.console.dll, MulticastDelegateUtilities.SafeInvoke: SocketServer: ClientDisconnected: Invoking callback 1/1 for Microsoft.VisualStudio.TestPlatform.CommunicationUtilities.TestRequestSender., took 0 ms.
TpTrace Verbose: 0 : 19848, 7, 2023/09/09, 15:13:54.583, 8411591390963, vstest.console.dll, TcpClientExtensions.MessageLoopAsync: exiting MessageLoopAsync remoteEndPoint: 127.0.0.1:61635 localEndPoint: 127.0.0.1:61634
