TpTrace Verbose: 0 : 6492, 1, 2023/09/09, 00:13:25.357, 7871307130464, vstest.console.dll, Version: 17.6.3-release-20230616-01 Current process architecture: X64
TpTrace Verbose: 0 : 6492, 1, 2023/09/09, 00:13:25.359, 7871307155167, vstest.console.dll, Runtime location: C:\Program Files\dotnet\shared\Microsoft.NETCore.App\7.0.9
TpTrace Verbose: 0 : 6492, 1, 2023/09/09, 00:13:25.362, 7871307185955, vstest.console.dll, ArtifactProcessingPostProcessModeProcessorExecutor.Initialize: ArtifactProcessingMode.Collect
TpTrace Verbose: 0 : 6492, 1, 2023/09/09, 00:13:25.363, 7871307187353, vstest.console.dll, TestSessionCorrelationIdProcessorModeProcessorExecutor.Initialize: TestSessionCorrelationId '23752_0eeab69c-15b7-4380-9a8e-17a3c0237d56'
TpTrace Information: 0 : 6492, 1, 2023/09/09, 00:13:25.372, 7871307283954, vstest.console.dll, FilePatternParser: The given file C:\Users\Deca\Desktop\week 3 innocent\week-3-task-Innocent\BrinelleBankApp\CustomerTest\bin\Debug\net6.0\fine-code-coverage\build-output\CustomerTest.dll is a full path.
TpTrace Verbose: 0 : 6492, 1, 2023/09/09, 00:13:25.377, 7871307334620, vstest.console.dll, TestPluginCache.DiscoverTestExtensions: finding test extensions in assemblies ends with: RuntimeProvider.dll TPluginInfo: Microsoft.VisualStudio.TestPlatform.Common.ExtensionFramework.Utilities.TestRuntimePluginInformation TExtension: Microsoft.VisualStudio.TestPlatform.ObjectModel.Host.ITestRuntimeProvider
TpTrace Verbose: 0 : 6492, 1, 2023/09/09, 00:13:25.378, 7871307338411, vstest.console.dll, TestPluginCache.GetExtensionPaths: Filtered extension paths: 
TpTrace Verbose: 0 : 6492, 1, 2023/09/09, 00:13:25.378, 7871307339236, vstest.console.dll, TestPluginCache.GetExtensionPaths: Added default extension paths: C:\Program Files\dotnet\sdk\7.0.306\Extensions\Microsoft.Diagnostics.NETCore.Client.dll
C:\Program Files\dotnet\sdk\7.0.306\Extensions\Microsoft.TestPlatform.Extensions.BlameDataCollector.dll
C:\Program Files\dotnet\sdk\7.0.306\Extensions\Microsoft.TestPlatform.Extensions.EventLogCollector.dll
C:\Program Files\dotnet\sdk\7.0.306\Extensions\Microsoft.TestPlatform.TestHostRuntimeProvider.dll
C:\Program Files\dotnet\sdk\7.0.306\Extensions\Microsoft.VisualStudio.TestPlatform.Extensions.Html.TestLogger.dll
C:\Program Files\dotnet\sdk\7.0.306\Extensions\Microsoft.VisualStudio.TestPlatform.Extensions.Trx.TestLogger.dll
TpTrace Verbose: 0 : 6492, 1, 2023/09/09, 00:13:25.378, 7871307339589, vstest.console.dll, TestPluginCache.GetExtensionPaths: Added unfilterableExtensionPaths: 
TpTrace Information: 0 : 6492, 1, 2023/09/09, 00:13:25.378, 7871307345980, vstest.console.dll, AssemblyResolver.ctor: Creating AssemblyResolver with searchDirectories C:\Program Files\dotnet\sdk\7.0.306\Extensions,C:\Program Files\dotnet\sdk\7.0.306
TpTrace Verbose: 0 : 6492, 1, 2023/09/09, 00:13:25.379, 7871307356855, vstest.console.dll, TestPluginCache.DiscoverTestExtensions: Discovering the extensions using extension path.
TpTrace Verbose: 0 : 6492, 1, 2023/09/09, 00:13:25.380, 7871307357941, vstest.console.dll, TestPluginCache.GetExtensionPaths: Filtered extension paths: 
TpTrace Verbose: 0 : 6492, 1, 2023/09/09, 00:13:25.380, 7871307358294, vstest.console.dll, TestPluginCache.GetExtensionPaths: Added default extension paths: C:\Program Files\dotnet\sdk\7.0.306\Extensions\Microsoft.Diagnostics.NETCore.Client.dll
C:\Program Files\dotnet\sdk\7.0.306\Extensions\Microsoft.TestPlatform.Extensions.BlameDataCollector.dll
C:\Program Files\dotnet\sdk\7.0.306\Extensions\Microsoft.TestPlatform.Extensions.EventLogCollector.dll
C:\Program Files\dotnet\sdk\7.0.306\Extensions\Microsoft.TestPlatform.TestHostRuntimeProvider.dll
C:\Program Files\dotnet\sdk\7.0.306\Extensions\Microsoft.VisualStudio.TestPlatform.Extensions.Html.TestLogger.dll
C:\Program Files\dotnet\sdk\7.0.306\Extensions\Microsoft.VisualStudio.TestPlatform.Extensions.Trx.TestLogger.dll
TpTrace Verbose: 0 : 6492, 1, 2023/09/09, 00:13:25.380, 7871307358590, vstest.console.dll, TestPluginCache.GetExtensionPaths: Added unfilterableExtensionPaths: 
TpTrace Verbose: 0 : 6492, 1, 2023/09/09, 00:13:25.380, 7871307359413, vstest.console.dll, TestPluginCache.DiscoverTestExtensions: Discovering the extensions using allExtensionPaths: C:\Program Files\dotnet\sdk\7.0.306\Extensions\Microsoft.Diagnostics.NETCore.Client.dll
C:\Program Files\dotnet\sdk\7.0.306\Extensions\Microsoft.TestPlatform.Extensions.BlameDataCollector.dll
C:\Program Files\dotnet\sdk\7.0.306\Extensions\Microsoft.TestPlatform.Extensions.EventLogCollector.dll
C:\Program Files\dotnet\sdk\7.0.306\Extensions\Microsoft.TestPlatform.TestHostRuntimeProvider.dll
C:\Program Files\dotnet\sdk\7.0.306\Extensions\Microsoft.VisualStudio.TestPlatform.Extensions.Html.TestLogger.dll
C:\Program Files\dotnet\sdk\7.0.306\Extensions\Microsoft.VisualStudio.TestPlatform.Extensions.Trx.TestLogger.dll
TpTrace Information: 0 : 6492, 1, 2023/09/09, 00:13:25.380, 7871307360766, vstest.console.dll, AssemblyResolver.AddSearchDirectories: Adding more searchDirectories C:\Program Files\dotnet\sdk\7.0.306\Extensions,C:\Program Files\dotnet\sdk\7.0.306
TpTrace Information: 0 : 6492, 1, 2023/09/09, 00:13:25.380, 7871307361373, vstest.console.dll, AssemblyResolver.AddSearchDirectories: Adding more searchDirectories C:\Program Files\dotnet\sdk\7.0.306\Extensions,C:\Program Files\dotnet\sdk\7.0.306
TpTrace Information: 0 : 6492, 1, 2023/09/09, 00:13:25.380, 7871307361717, vstest.console.dll, AssemblyResolver.AddSearchDirectories: Adding more searchDirectories C:\Program Files\dotnet\sdk\7.0.306\Extensions,C:\Program Files\dotnet\sdk\7.0.306
TpTrace Information: 0 : 6492, 1, 2023/09/09, 00:13:25.380, 7871307361977, vstest.console.dll, AssemblyResolver.AddSearchDirectories: Adding more searchDirectories C:\Program Files\dotnet\sdk\7.0.306\Extensions,C:\Program Files\dotnet\sdk\7.0.306
TpTrace Information: 0 : 6492, 1, 2023/09/09, 00:13:25.380, 7871307362221, vstest.console.dll, AssemblyResolver.AddSearchDirectories: Adding more searchDirectories C:\Program Files\dotnet\sdk\7.0.306\Extensions,C:\Program Files\dotnet\sdk\7.0.306
TpTrace Information: 0 : 6492, 1, 2023/09/09, 00:13:25.380, 7871307362461, vstest.console.dll, AssemblyResolver.AddSearchDirectories: Adding more searchDirectories C:\Program Files\dotnet\sdk\7.0.306\Extensions,C:\Program Files\dotnet\sdk\7.0.306
TpTrace Information: 0 : 6492, 1, 2023/09/09, 00:13:25.380, 7871307366372, vstest.console.dll, AssemblyResolver.OnResolve: Microsoft.Diagnostics.NETCore.Client: Resolving assembly.
TpTrace Information: 0 : 6492, 1, 2023/09/09, 00:13:25.380, 7871307367025, vstest.console.dll, AssemblyResolver.OnResolve: Microsoft.Diagnostics.NETCore.Client: Searching in: 'C:\Program Files\dotnet\sdk\7.0.306\Extensions'.
TpTrace Information: 0 : 6492, 1, 2023/09/09, 00:13:25.387, 7871307429332, vstest.console.dll, AssemblyResolver.OnResolve: Microsoft.Diagnostics.NETCore.Client: Loading assembly 'C:\Program Files\dotnet\sdk\7.0.306\Extensions\Microsoft.Diagnostics.NETCore.Client.dll'.
TpTrace Information: 0 : 6492, 1, 2023/09/09, 00:13:25.387, 7871307434572, vstest.console.dll, AssemblyResolver.OnResolve: Resolved assembly: Microsoft.Diagnostics.NETCore.Client, from path: C:\Program Files\dotnet\sdk\7.0.306\Extensions\Microsoft.Diagnostics.NETCore.Client.dll
TpTrace Verbose: 0 : 6492, 1, 2023/09/09, 00:13:25.388, 7871307445368, vstest.console.dll, MetadataReaderExtensionsHelper: Discovering extensions inside assembly 'Microsoft.Diagnostics.NETCore.Client, Version=0.2.6.42401, Culture=neutral, PublicKeyToken=31bf3856ad364e35' file path 'C:\Program Files\dotnet\sdk\7.0.306\Extensions\Microsoft.Diagnostics.NETCore.Client.dll'
TpTrace Information: 0 : 6492, 1, 2023/09/09, 00:13:25.392, 7871307484563, vstest.console.dll, AssemblyResolver.OnResolve: Microsoft.Bcl.AsyncInterfaces: Resolving assembly.
TpTrace Information: 0 : 6492, 1, 2023/09/09, 00:13:25.392, 7871307485419, vstest.console.dll, AssemblyResolver.OnResolve: Microsoft.Bcl.AsyncInterfaces: Searching in: 'C:\Program Files\dotnet\sdk\7.0.306\Extensions'.
TpTrace Information: 0 : 6492, 1, 2023/09/09, 00:13:25.392, 7871307486046, vstest.console.dll, AssemblyResolver.OnResolve: Microsoft.Bcl.AsyncInterfaces: Assembly path does not exist: 'C:\Program Files\dotnet\sdk\7.0.306\Extensions\Microsoft.Bcl.AsyncInterfaces.dll', returning.
TpTrace Information: 0 : 6492, 1, 2023/09/09, 00:13:25.392, 7871307486816, vstest.console.dll, AssemblyResolver.OnResolve: Microsoft.Bcl.AsyncInterfaces: Assembly path does not exist: 'C:\Program Files\dotnet\sdk\7.0.306\Extensions\Microsoft.Bcl.AsyncInterfaces.exe', returning.
TpTrace Information: 0 : 6492, 1, 2023/09/09, 00:13:25.393, 7871307487155, vstest.console.dll, AssemblyResolver.OnResolve: Microsoft.Bcl.AsyncInterfaces: Searching in: 'C:\Program Files\dotnet\sdk\7.0.306'.
TpTrace Information: 0 : 6492, 1, 2023/09/09, 00:13:25.393, 7871307487601, vstest.console.dll, AssemblyResolver.OnResolve: Microsoft.Bcl.AsyncInterfaces: Assembly path does not exist: 'C:\Program Files\dotnet\sdk\7.0.306\Microsoft.Bcl.AsyncInterfaces.dll', returning.
TpTrace Information: 0 : 6492, 1, 2023/09/09, 00:13:25.393, 7871307488010, vstest.console.dll, AssemblyResolver.OnResolve: Microsoft.Bcl.AsyncInterfaces: Assembly path does not exist: 'C:\Program Files\dotnet\sdk\7.0.306\Microsoft.Bcl.AsyncInterfaces.exe', returning.
TpTrace Information: 0 : 6492, 1, 2023/09/09, 00:13:25.393, 7871307488249, vstest.console.dll, AssemblyResolver.OnResolve: Microsoft.Bcl.AsyncInterfaces: Failed to load assembly.
TpTrace Verbose: 0 : 6492, 1, 2023/09/09, 00:13:25.393, 7871307488654, vstest.console.dll, CurrentDomainAssemblyResolve: Resolving assembly 'Microsoft.Bcl.AsyncInterfaces'.
TpTrace Information: 0 : 6492, 1, 2023/09/09, 00:13:25.393, 7871307489225, vstest.console.dll, AssemblyResolver.OnResolve: Microsoft.Bcl.AsyncInterfaces: Resolving assembly.
TpTrace Information: 0 : 6492, 1, 2023/09/09, 00:13:25.393, 7871307489546, vstest.console.dll, AssemblyResolver.OnResolve: Microsoft.Bcl.AsyncInterfaces: Resolved from cache.
TpTrace Verbose: 0 : 6492, 1, 2023/09/09, 00:13:25.393, 7871307489773, vstest.console.dll, CurrentDomainAssemblyResolve: Resolving assembly 'Microsoft.Bcl.AsyncInterfaces'.
TpTrace Verbose: 0 : 6492, 1, 2023/09/09, 00:13:25.393, 7871307490100, vstest.console.dll, CurrentDomainAssemblyResolve: Failed to resolve assembly 'Microsoft.Bcl.AsyncInterfaces'.
TpTrace Verbose: 0 : 6492, 1, 2023/09/09, 00:13:25.393, 7871307495507, vstest.console.dll, CurrentDomainAssemblyResolve: Failed to resolve assembly 'Microsoft.Bcl.AsyncInterfaces'.
TpTrace Warning: 0 : 6492, 1, 2023/09/09, 00:13:25.399, 7871307555366, vstest.console.dll, TestPluginDiscoverer: Failed to get types from assembly 'Microsoft.Diagnostics.NETCore.Client, Version=0.2.6.42401, Culture=neutral, PublicKeyToken=31bf3856ad364e35'. Error: System.Reflection.ReflectionTypeLoadException: Unable to load one or more of the requested types.
Could not load file or assembly 'Microsoft.Bcl.AsyncInterfaces, Version=1.0.0.0, Culture=neutral, PublicKeyToken=cc7b13ffcd2ddd51'. The system cannot find the file specified.
   at System.Reflection.RuntimeModule.GetTypes(RuntimeModule module)
   at System.Reflection.Assembly.GetTypes()
   at Microsoft.VisualStudio.TestPlatform.Common.ExtensionFramework.TestPluginDiscoverer.GetTestExtensionsFromAssembly[TPluginInfo,TExtension](Assembly assembly, Dictionary`2 pluginInfos, String filePath)
System.IO.FileNotFoundException: Could not load file or assembly 'Microsoft.Bcl.AsyncInterfaces, Version=1.0.0.0, Culture=neutral, PublicKeyToken=cc7b13ffcd2ddd51'. The system cannot find the file specified.
File name: 'Microsoft.Bcl.AsyncInterfaces, Version=1.0.0.0, Culture=neutral, PublicKeyToken=cc7b13ffcd2ddd51'
 ---> System.IO.FileNotFoundException: Could not load file or assembly 'Microsoft.Bcl.AsyncInterfaces, Culture=neutral, PublicKeyToken=null'. The system cannot find the file specified.
File name: 'Microsoft.Bcl.AsyncInterfaces, Culture=neutral, PublicKeyToken=null'
   at System.Reflection.RuntimeAssembly.InternalLoad(AssemblyName assemblyName, StackCrawlMark& stackMark, AssemblyLoadContext assemblyLoadContext, RuntimeAssembly requestingAssembly, Boolean throwOnFileNotFound)
   at System.Reflection.Assembly.Load(AssemblyName assemblyRef)
   at Microsoft.VisualStudio.TestPlatform.Common.ExtensionFramework.TestPluginCache.CurrentDomainAssemblyResolve(Object sender, AssemblyResolveEventArgs args)
   at System.Runtime.Loader.AssemblyLoadContext.GetFirstResolvedAssemblyFromResolvingEvent(AssemblyName assemblyName)
   at System.Runtime.Loader.AssemblyLoadContext.ResolveUsingEvent(AssemblyName assemblyName)
   at System.Runtime.Loader.AssemblyLoadContext.ResolveUsingResolvingEvent(IntPtr gchManagedAssemblyLoadContext, AssemblyName assemblyName)
TpTrace Warning: 0 : 6492, 1, 2023/09/09, 00:13:25.400, 7871307558881, vstest.console.dll, LoaderExceptions: System.IO.FileNotFoundException: Could not load file or assembly 'Microsoft.Bcl.AsyncInterfaces, Version=1.0.0.0, Culture=neutral, PublicKeyToken=cc7b13ffcd2ddd51'. The system cannot find the file specified.
File name: 'Microsoft.Bcl.AsyncInterfaces, Version=1.0.0.0, Culture=neutral, PublicKeyToken=cc7b13ffcd2ddd51'
 ---> System.IO.FileNotFoundException: Could not load file or assembly 'Microsoft.Bcl.AsyncInterfaces, Culture=neutral, PublicKeyToken=null'. The system cannot find the file specified.
File name: 'Microsoft.Bcl.AsyncInterfaces, Culture=neutral, PublicKeyToken=null'
   at System.Reflection.RuntimeAssembly.InternalLoad(AssemblyName assemblyName, StackCrawlMark& stackMark, AssemblyLoadContext assemblyLoadContext, RuntimeAssembly requestingAssembly, Boolean throwOnFileNotFound)
   at System.Reflection.Assembly.Load(AssemblyName assemblyRef)
   at Microsoft.VisualStudio.TestPlatform.Common.ExtensionFramework.TestPluginCache.CurrentDomainAssemblyResolve(Object sender, AssemblyResolveEventArgs args)
   at System.Runtime.Loader.AssemblyLoadContext.GetFirstResolvedAssemblyFromResolvingEvent(AssemblyName assemblyName)
   at System.Runtime.Loader.AssemblyLoadContext.ResolveUsingEvent(AssemblyName assemblyName)
   at System.Runtime.Loader.AssemblyLoadContext.ResolveUsingResolvingEvent(IntPtr gchManagedAssemblyLoadContext, AssemblyName assemblyName)
TpTrace Information: 0 : 6492, 1, 2023/09/09, 00:13:25.400, 7871307560314, vstest.console.dll, AssemblyResolver.OnResolve: Microsoft.TestPlatform.Extensions.BlameDataCollector: Resolving assembly.
TpTrace Information: 0 : 6492, 1, 2023/09/09, 00:13:25.400, 7871307560722, vstest.console.dll, AssemblyResolver.OnResolve: Microsoft.TestPlatform.Extensions.BlameDataCollector: Searching in: 'C:\Program Files\dotnet\sdk\7.0.306\Extensions'.
TpTrace Information: 0 : 6492, 1, 2023/09/09, 00:13:25.400, 7871307563106, vstest.console.dll, AssemblyResolver.OnResolve: Microsoft.TestPlatform.Extensions.BlameDataCollector: Loading assembly 'C:\Program Files\dotnet\sdk\7.0.306\Extensions\Microsoft.TestPlatform.Extensions.BlameDataCollector.dll'.
TpTrace Information: 0 : 6492, 1, 2023/09/09, 00:13:25.401, 7871307567341, vstest.console.dll, AssemblyResolver.OnResolve: Resolved assembly: Microsoft.TestPlatform.Extensions.BlameDataCollector, from path: C:\Program Files\dotnet\sdk\7.0.306\Extensions\Microsoft.TestPlatform.Extensions.BlameDataCollector.dll
TpTrace Verbose: 0 : 6492, 1, 2023/09/09, 00:13:25.401, 7871307567961, vstest.console.dll, MetadataReaderExtensionsHelper: Discovering extensions inside assembly 'Microsoft.TestPlatform.Extensions.BlameDataCollector, Version=15.0.0.0, Culture=neutral, PublicKeyToken=b03f5f7f11d50a3a' file path 'C:\Program Files\dotnet\sdk\7.0.306\Extensions\Microsoft.TestPlatform.Extensions.BlameDataCollector.dll'
TpTrace Information: 0 : 6492, 1, 2023/09/09, 00:13:25.402, 7871307579721, vstest.console.dll, AssemblyResolver.OnResolve: Microsoft.TestPlatform.Extensions.EventLogCollector: Resolving assembly.
TpTrace Information: 0 : 6492, 1, 2023/09/09, 00:13:25.402, 7871307580300, vstest.console.dll, AssemblyResolver.OnResolve: Microsoft.TestPlatform.Extensions.EventLogCollector: Searching in: 'C:\Program Files\dotnet\sdk\7.0.306\Extensions'.
TpTrace Information: 0 : 6492, 1, 2023/09/09, 00:13:25.402, 7871307582056, vstest.console.dll, AssemblyResolver.OnResolve: Microsoft.TestPlatform.Extensions.EventLogCollector: Loading assembly 'C:\Program Files\dotnet\sdk\7.0.306\Extensions\Microsoft.TestPlatform.Extensions.EventLogCollector.dll'.
TpTrace Information: 0 : 6492, 1, 2023/09/09, 00:13:25.402, 7871307585675, vstest.console.dll, AssemblyResolver.OnResolve: Resolved assembly: Microsoft.TestPlatform.Extensions.EventLogCollector, from path: C:\Program Files\dotnet\sdk\7.0.306\Extensions\Microsoft.TestPlatform.Extensions.EventLogCollector.dll
TpTrace Verbose: 0 : 6492, 1, 2023/09/09, 00:13:25.402, 7871307586231, vstest.console.dll, MetadataReaderExtensionsHelper: Discovering extensions inside assembly 'Microsoft.TestPlatform.Extensions.EventLogCollector, Version=15.0.0.0, Culture=neutral, PublicKeyToken=b03f5f7f11d50a3a' file path 'C:\Program Files\dotnet\sdk\7.0.306\Extensions\Microsoft.TestPlatform.Extensions.EventLogCollector.dll'
TpTrace Information: 0 : 6492, 1, 2023/09/09, 00:13:25.404, 7871307600940, vstest.console.dll, AssemblyResolver.OnResolve: Microsoft.TestPlatform.TestHostRuntimeProvider: Resolving assembly.
TpTrace Information: 0 : 6492, 1, 2023/09/09, 00:13:25.404, 7871307601444, vstest.console.dll, AssemblyResolver.OnResolve: Microsoft.TestPlatform.TestHostRuntimeProvider: Searching in: 'C:\Program Files\dotnet\sdk\7.0.306\Extensions'.
TpTrace Information: 0 : 6492, 1, 2023/09/09, 00:13:25.404, 7871307603265, vstest.console.dll, AssemblyResolver.OnResolve: Microsoft.TestPlatform.TestHostRuntimeProvider: Loading assembly 'C:\Program Files\dotnet\sdk\7.0.306\Extensions\Microsoft.TestPlatform.TestHostRuntimeProvider.dll'.
TpTrace Information: 0 : 6492, 1, 2023/09/09, 00:13:25.404, 7871307606607, vstest.console.dll, AssemblyResolver.OnResolve: Resolved assembly: Microsoft.TestPlatform.TestHostRuntimeProvider, from path: C:\Program Files\dotnet\sdk\7.0.306\Extensions\Microsoft.TestPlatform.TestHostRuntimeProvider.dll
TpTrace Verbose: 0 : 6492, 1, 2023/09/09, 00:13:25.405, 7871307607167, vstest.console.dll, MetadataReaderExtensionsHelper: Discovering extensions inside assembly 'Microsoft.TestPlatform.TestHostRuntimeProvider, Version=15.0.0.0, Culture=neutral, PublicKeyToken=b03f5f7f11d50a3a' file path 'C:\Program Files\dotnet\sdk\7.0.306\Extensions\Microsoft.TestPlatform.TestHostRuntimeProvider.dll'
TpTrace Information: 0 : 6492, 1, 2023/09/09, 00:13:25.406, 7871307623640, vstest.console.dll, GetTestExtensionFromType: Register extension with identifier data 'HostProvider://DefaultTestHost' and type 'Microsoft.VisualStudio.TestPlatform.CrossPlatEngine.Hosting.DefaultTestHostManager, Microsoft.TestPlatform.TestHostRuntimeProvider, Version=15.0.0.0, Culture=neutral, PublicKeyToken=b03f5f7f11d50a3a' inside file 'C:\Program Files\dotnet\sdk\7.0.306\Extensions\Microsoft.TestPlatform.TestHostRuntimeProvider.dll'
TpTrace Information: 0 : 6492, 1, 2023/09/09, 00:13:25.406, 7871307626044, vstest.console.dll, GetTestExtensionFromType: Register extension with identifier data 'HostProvider://DotnetTestHost' and type 'Microsoft.VisualStudio.TestPlatform.CrossPlatEngine.Hosting.DotnetTestHostManager, Microsoft.TestPlatform.TestHostRuntimeProvider, Version=15.0.0.0, Culture=neutral, PublicKeyToken=b03f5f7f11d50a3a' inside file 'C:\Program Files\dotnet\sdk\7.0.306\Extensions\Microsoft.TestPlatform.TestHostRuntimeProvider.dll'
TpTrace Information: 0 : 6492, 1, 2023/09/09, 00:13:25.406, 7871307626770, vstest.console.dll, AssemblyResolver.OnResolve: Microsoft.VisualStudio.TestPlatform.Extensions.Html.TestLogger: Resolving assembly.
TpTrace Information: 0 : 6492, 1, 2023/09/09, 00:13:25.407, 7871307627133, vstest.console.dll, AssemblyResolver.OnResolve: Microsoft.VisualStudio.TestPlatform.Extensions.Html.TestLogger: Searching in: 'C:\Program Files\dotnet\sdk\7.0.306\Extensions'.
TpTrace Information: 0 : 6492, 1, 2023/09/09, 00:13:25.407, 7871307629708, vstest.console.dll, AssemblyResolver.OnResolve: Microsoft.VisualStudio.TestPlatform.Extensions.Html.TestLogger: Loading assembly 'C:\Program Files\dotnet\sdk\7.0.306\Extensions\Microsoft.VisualStudio.TestPlatform.Extensions.Html.TestLogger.dll'.
TpTrace Information: 0 : 6492, 1, 2023/09/09, 00:13:25.407, 7871307633925, vstest.console.dll, AssemblyResolver.OnResolve: Resolved assembly: Microsoft.VisualStudio.TestPlatform.Extensions.Html.TestLogger, from path: C:\Program Files\dotnet\sdk\7.0.306\Extensions\Microsoft.VisualStudio.TestPlatform.Extensions.Html.TestLogger.dll
TpTrace Verbose: 0 : 6492, 1, 2023/09/09, 00:13:25.407, 7871307634515, vstest.console.dll, MetadataReaderExtensionsHelper: Discovering extensions inside assembly 'Microsoft.VisualStudio.TestPlatform.Extensions.Html.TestLogger, Version=15.0.0.0, Culture=neutral, PublicKeyToken=b03f5f7f11d50a3a' file path 'C:\Program Files\dotnet\sdk\7.0.306\Extensions\Microsoft.VisualStudio.TestPlatform.Extensions.Html.TestLogger.dll'
TpTrace Information: 0 : 6492, 1, 2023/09/09, 00:13:25.408, 7871307640655, vstest.console.dll, AssemblyResolver.OnResolve: Microsoft.VisualStudio.TestPlatform.Extensions.Trx.TestLogger: Resolving assembly.
TpTrace Information: 0 : 6492, 1, 2023/09/09, 00:13:25.408, 7871307641177, vstest.console.dll, AssemblyResolver.OnResolve: Microsoft.VisualStudio.TestPlatform.Extensions.Trx.TestLogger: Searching in: 'C:\Program Files\dotnet\sdk\7.0.306\Extensions'.
TpTrace Information: 0 : 6492, 1, 2023/09/09, 00:13:25.408, 7871307643164, vstest.console.dll, AssemblyResolver.OnResolve: Microsoft.VisualStudio.TestPlatform.Extensions.Trx.TestLogger: Loading assembly 'C:\Program Files\dotnet\sdk\7.0.306\Extensions\Microsoft.VisualStudio.TestPlatform.Extensions.Trx.TestLogger.dll'.
TpTrace Information: 0 : 6492, 1, 2023/09/09, 00:13:25.409, 7871307648459, vstest.console.dll, AssemblyResolver.OnResolve: Resolved assembly: Microsoft.VisualStudio.TestPlatform.Extensions.Trx.TestLogger, from path: C:\Program Files\dotnet\sdk\7.0.306\Extensions\Microsoft.VisualStudio.TestPlatform.Extensions.Trx.TestLogger.dll
TpTrace Verbose: 0 : 6492, 1, 2023/09/09, 00:13:25.409, 7871307649217, vstest.console.dll, MetadataReaderExtensionsHelper: Discovering extensions inside assembly 'Microsoft.VisualStudio.TestPlatform.Extensions.Trx.TestLogger, Version=15.0.0.0, Culture=neutral, PublicKeyToken=b03f5f7f11d50a3a' file path 'C:\Program Files\dotnet\sdk\7.0.306\Extensions\Microsoft.VisualStudio.TestPlatform.Extensions.Trx.TestLogger.dll'
TpTrace Verbose: 0 : 6492, 1, 2023/09/09, 00:13:25.410, 7871307658998, vstest.console.dll, TestPluginCache: Discovered the extensions using extension path ''.
TpTrace Verbose: 0 : 6492, 1, 2023/09/09, 00:13:25.410, 7871307659776, vstest.console.dll, TestPluginCache: Discoverers are ''.
TpTrace Verbose: 0 : 6492, 1, 2023/09/09, 00:13:25.410, 7871307660015, vstest.console.dll, TestPluginCache: Executors are ''.
TpTrace Verbose: 0 : 6492, 1, 2023/09/09, 00:13:25.410, 7871307660221, vstest.console.dll, TestPluginCache: Executors2 are ''.
TpTrace Verbose: 0 : 6492, 1, 2023/09/09, 00:13:25.410, 7871307660415, vstest.console.dll, TestPluginCache: Setting providers are ''.
TpTrace Verbose: 0 : 6492, 1, 2023/09/09, 00:13:25.410, 7871307660609, vstest.console.dll, TestPluginCache: Loggers are ''.
TpTrace Verbose: 0 : 6492, 1, 2023/09/09, 00:13:25.410, 7871307661790, vstest.console.dll, TestPluginCache: TestHosts are 'HostProvider://DefaultTestHost,HostProvider://DotnetTestHost'.
TpTrace Verbose: 0 : 6492, 1, 2023/09/09, 00:13:25.410, 7871307662103, vstest.console.dll, TestPluginCache: DataCollectors are ''.
TpTrace Information: 0 : 6492, 1, 2023/09/09, 00:13:25.418, 7871307742988, vstest.console.dll, RunTestsArgumentProcessor:Execute: Test run is starting.
TpTrace Verbose: 0 : 6492, 1, 2023/09/09, 00:13:25.418, 7871307743765, vstest.console.dll, RunTestsArgumentProcessor:Execute: Queuing Test run.
TpTrace Information: 0 : 6492, 1, 2023/09/09, 00:13:25.418, 7871307745803, vstest.console.dll, TestRequestManager.RunTests: run tests started.
TpTrace Information: 0 : 6492, 1, 2023/09/09, 00:13:25.419, 7871307756032, vstest.console.dll, AssemblyMetadataProvider.GetFrameworkName: Determined framework:'.NETCoreApp,Version=v6.0' for source: 'C:\Users\Deca\Desktop\week 3 innocent\week-3-task-Innocent\BrinelleBankApp\CustomerTest\bin\Debug\net6.0\fine-code-coverage\build-output\CustomerTest.dll'
TpTrace Information: 0 : 6492, 1, 2023/09/09, 00:13:25.420, 7871307757696, vstest.console.dll, Determined framework for all sources: .NETCoreApp,Version=v6.0
TpTrace Verbose: 0 : 6492, 1, 2023/09/09, 00:13:25.420, 7871307760998, vstest.console.dll, TestRequestManager.UpdateRunSettingsIfRequired: Default architecture: X64 IsDefaultTargetArchitecture: True, Current process architecture: X64 OperatingSystem: Windows.
TpTrace Information: 0 : 6492, 1, 2023/09/09, 00:13:25.422, 7871307777679, vstest.console.dll, AssemblyMetadataProvider.GetArchitecture: Determined architecture:AnyCPU info for assembly: C:\Users\Deca\Desktop\week 3 innocent\week-3-task-Innocent\BrinelleBankApp\CustomerTest\bin\Debug\net6.0\fine-code-coverage\build-output\CustomerTest.dll
TpTrace Information: 0 : 6492, 1, 2023/09/09, 00:13:25.422, 7871307778237, vstest.console.dll, Determined platform for source 'C:\Users\Deca\Desktop\week 3 innocent\week-3-task-Innocent\BrinelleBankApp\CustomerTest\bin\Debug\net6.0\fine-code-coverage\build-output\CustomerTest.dll' was AnyCPU and it will use the default plaform X64.
TpTrace Information: 0 : 6492, 1, 2023/09/09, 00:13:25.422, 7871307778506, vstest.console.dll, None of the sources provided any runnable platform, using the default platform: X64
TpTrace Information: 0 : 6492, 1, 2023/09/09, 00:13:25.422, 7871307779430, vstest.console.dll, Platform was updated to 'X64'.
TpTrace Information: 0 : 6492, 1, 2023/09/09, 00:13:25.425, 7871307812458, vstest.console.dll, InferRunSettingsHelper.IsTestSettingsEnabled: Unable to navigate to RunSettings/MSTest. Current node: RunSettings
TpTrace Information: 0 : 6492, 1, 2023/09/09, 00:13:25.426, 7871307818467, vstest.console.dll, AssemblyResolver.OnResolve: Microsoft.VisualStudio.TestPlatform.Fakes: Resolving assembly.
TpTrace Information: 0 : 6492, 1, 2023/09/09, 00:13:25.426, 7871307818976, vstest.console.dll, AssemblyResolver.OnResolve: Microsoft.VisualStudio.TestPlatform.Fakes: Searching in: 'C:\Program Files\dotnet\sdk\7.0.306\Extensions'.
TpTrace Information: 0 : 6492, 1, 2023/09/09, 00:13:25.426, 7871307819750, vstest.console.dll, AssemblyResolver.OnResolve: Microsoft.VisualStudio.TestPlatform.Fakes: Assembly path does not exist: 'C:\Program Files\dotnet\sdk\7.0.306\Extensions\Microsoft.VisualStudio.TestPlatform.Fakes.dll', returning.
TpTrace Information: 0 : 6492, 1, 2023/09/09, 00:13:25.426, 7871307820297, vstest.console.dll, AssemblyResolver.OnResolve: Microsoft.VisualStudio.TestPlatform.Fakes: Assembly path does not exist: 'C:\Program Files\dotnet\sdk\7.0.306\Extensions\Microsoft.VisualStudio.TestPlatform.Fakes.exe', returning.
TpTrace Information: 0 : 6492, 1, 2023/09/09, 00:13:25.426, 7871307820558, vstest.console.dll, AssemblyResolver.OnResolve: Microsoft.VisualStudio.TestPlatform.Fakes: Searching in: 'C:\Program Files\dotnet\sdk\7.0.306'.
TpTrace Information: 0 : 6492, 1, 2023/09/09, 00:13:25.426, 7871307820979, vstest.console.dll, AssemblyResolver.OnResolve: Microsoft.VisualStudio.TestPlatform.Fakes: Assembly path does not exist: 'C:\Program Files\dotnet\sdk\7.0.306\Microsoft.VisualStudio.TestPlatform.Fakes.dll', returning.
TpTrace Information: 0 : 6492, 1, 2023/09/09, 00:13:25.426, 7871307821398, vstest.console.dll, AssemblyResolver.OnResolve: Microsoft.VisualStudio.TestPlatform.Fakes: Assembly path does not exist: 'C:\Program Files\dotnet\sdk\7.0.306\Microsoft.VisualStudio.TestPlatform.Fakes.exe', returning.
TpTrace Information: 0 : 6492, 1, 2023/09/09, 00:13:25.426, 7871307821686, vstest.console.dll, AssemblyResolver.OnResolve: Microsoft.VisualStudio.TestPlatform.Fakes: Failed to load assembly.
TpTrace Information: 0 : 6492, 1, 2023/09/09, 00:13:25.426, 7871307823800, vstest.console.dll, Failed to load assembly Microsoft.VisualStudio.TestPlatform.Fakes, Version=17.0.0.0, Culture=neutral. Reason:System.IO.FileNotFoundException: Could not load file or assembly 'Microsoft.VisualStudio.TestPlatform.Fakes, Version=17.0.0.0, Culture=neutral, PublicKeyToken=null'. The system cannot find the file specified.
File name: 'Microsoft.VisualStudio.TestPlatform.Fakes, Version=17.0.0.0, Culture=neutral, PublicKeyToken=null'
   at System.Reflection.RuntimeAssembly.InternalLoad(AssemblyName assemblyName, StackCrawlMark& stackMark, AssemblyLoadContext assemblyLoadContext, RuntimeAssembly requestingAssembly, Boolean throwOnFileNotFound)
   at System.Reflection.Assembly.Load(AssemblyName assemblyRef)
   at Microsoft.VisualStudio.TestPlatform.Common.Utilities.FakesUtilities.LoadTestPlatformAssembly()
TpTrace Verbose: 0 : 6492, 1, 2023/09/09, 00:13:25.429, 7871307853123, vstest.console.dll, TestPluginCache.DiscoverTestExtensions: finding test extensions in assemblies ends with: TestLogger.dll TPluginInfo: Microsoft.VisualStudio.TestPlatform.Common.ExtensionFramework.Utilities.TestLoggerPluginInformation TExtension: Microsoft.VisualStudio.TestPlatform.ObjectModel.Client.ITestLogger
TpTrace Verbose: 0 : 6492, 1, 2023/09/09, 00:13:25.429, 7871307853910, vstest.console.dll, TestPluginCache.GetExtensionPaths: Filtered extension paths: 
TpTrace Verbose: 0 : 6492, 1, 2023/09/09, 00:13:25.429, 7871307854230, vstest.console.dll, TestPluginCache.GetExtensionPaths: Added default extension paths: C:\Program Files\dotnet\sdk\7.0.306\Extensions\Microsoft.Diagnostics.NETCore.Client.dll
C:\Program Files\dotnet\sdk\7.0.306\Extensions\Microsoft.TestPlatform.Extensions.BlameDataCollector.dll
C:\Program Files\dotnet\sdk\7.0.306\Extensions\Microsoft.TestPlatform.Extensions.EventLogCollector.dll
C:\Program Files\dotnet\sdk\7.0.306\Extensions\Microsoft.TestPlatform.TestHostRuntimeProvider.dll
C:\Program Files\dotnet\sdk\7.0.306\Extensions\Microsoft.VisualStudio.TestPlatform.Extensions.Html.TestLogger.dll
C:\Program Files\dotnet\sdk\7.0.306\Extensions\Microsoft.VisualStudio.TestPlatform.Extensions.Trx.TestLogger.dll
TpTrace Verbose: 0 : 6492, 1, 2023/09/09, 00:13:25.429, 7871307854510, vstest.console.dll, TestPluginCache.GetExtensionPaths: Added unfilterableExtensionPaths: 
TpTrace Information: 0 : 6492, 1, 2023/09/09, 00:13:25.429, 7871307855443, vstest.console.dll, AssemblyResolver.AddSearchDirectories: Adding more searchDirectories C:\Program Files\dotnet\sdk\7.0.306\Extensions,C:\Program Files\dotnet\sdk\7.0.306
TpTrace Verbose: 0 : 6492, 1, 2023/09/09, 00:13:25.429, 7871307855805, vstest.console.dll, TestPluginCache.DiscoverTestExtensions: Discovering the extensions using extension path.
TpTrace Verbose: 0 : 6492, 1, 2023/09/09, 00:13:25.429, 7871307856079, vstest.console.dll, TestPluginCache.GetExtensionPaths: Filtered extension paths: 
TpTrace Verbose: 0 : 6492, 1, 2023/09/09, 00:13:25.429, 7871307856341, vstest.console.dll, TestPluginCache.GetExtensionPaths: Added default extension paths: C:\Program Files\dotnet\sdk\7.0.306\Extensions\Microsoft.Diagnostics.NETCore.Client.dll
C:\Program Files\dotnet\sdk\7.0.306\Extensions\Microsoft.TestPlatform.Extensions.BlameDataCollector.dll
C:\Program Files\dotnet\sdk\7.0.306\Extensions\Microsoft.TestPlatform.Extensions.EventLogCollector.dll
C:\Program Files\dotnet\sdk\7.0.306\Extensions\Microsoft.TestPlatform.TestHostRuntimeProvider.dll
C:\Program Files\dotnet\sdk\7.0.306\Extensions\Microsoft.VisualStudio.TestPlatform.Extensions.Html.TestLogger.dll
C:\Program Files\dotnet\sdk\7.0.306\Extensions\Microsoft.VisualStudio.TestPlatform.Extensions.Trx.TestLogger.dll
TpTrace Verbose: 0 : 6492, 1, 2023/09/09, 00:13:25.429, 7871307856567, vstest.console.dll, TestPluginCache.GetExtensionPaths: Added unfilterableExtensionPaths: 
TpTrace Verbose: 0 : 6492, 1, 2023/09/09, 00:13:25.429, 7871307856824, vstest.console.dll, TestPluginCache.DiscoverTestExtensions: Discovering the extensions using allExtensionPaths: C:\Program Files\dotnet\sdk\7.0.306\Extensions\Microsoft.Diagnostics.NETCore.Client.dll
C:\Program Files\dotnet\sdk\7.0.306\Extensions\Microsoft.TestPlatform.Extensions.BlameDataCollector.dll
C:\Program Files\dotnet\sdk\7.0.306\Extensions\Microsoft.TestPlatform.Extensions.EventLogCollector.dll
C:\Program Files\dotnet\sdk\7.0.306\Extensions\Microsoft.TestPlatform.TestHostRuntimeProvider.dll
C:\Program Files\dotnet\sdk\7.0.306\Extensions\Microsoft.VisualStudio.TestPlatform.Extensions.Html.TestLogger.dll
C:\Program Files\dotnet\sdk\7.0.306\Extensions\Microsoft.VisualStudio.TestPlatform.Extensions.Trx.TestLogger.dll
TpTrace Information: 0 : 6492, 1, 2023/09/09, 00:13:25.430, 7871307857201, vstest.console.dll, AssemblyResolver.AddSearchDirectories: Adding more searchDirectories C:\Program Files\dotnet\sdk\7.0.306\Extensions,C:\Program Files\dotnet\sdk\7.0.306
TpTrace Information: 0 : 6492, 1, 2023/09/09, 00:13:25.430, 7871307857557, vstest.console.dll, AssemblyResolver.AddSearchDirectories: Adding more searchDirectories C:\Program Files\dotnet\sdk\7.0.306\Extensions,C:\Program Files\dotnet\sdk\7.0.306
TpTrace Information: 0 : 6492, 1, 2023/09/09, 00:13:25.430, 7871307857814, vstest.console.dll, AssemblyResolver.AddSearchDirectories: Adding more searchDirectories C:\Program Files\dotnet\sdk\7.0.306\Extensions,C:\Program Files\dotnet\sdk\7.0.306
TpTrace Information: 0 : 6492, 1, 2023/09/09, 00:13:25.430, 7871307858055, vstest.console.dll, AssemblyResolver.AddSearchDirectories: Adding more searchDirectories C:\Program Files\dotnet\sdk\7.0.306\Extensions,C:\Program Files\dotnet\sdk\7.0.306
TpTrace Information: 0 : 6492, 1, 2023/09/09, 00:13:25.430, 7871307858314, vstest.console.dll, AssemblyResolver.AddSearchDirectories: Adding more searchDirectories C:\Program Files\dotnet\sdk\7.0.306\Extensions,C:\Program Files\dotnet\sdk\7.0.306
TpTrace Information: 0 : 6492, 1, 2023/09/09, 00:13:25.430, 7871307858557, vstest.console.dll, AssemblyResolver.AddSearchDirectories: Adding more searchDirectories C:\Program Files\dotnet\sdk\7.0.306\Extensions,C:\Program Files\dotnet\sdk\7.0.306
TpTrace Verbose: 0 : 6492, 1, 2023/09/09, 00:13:25.430, 7871307859613, vstest.console.dll, MetadataReaderExtensionsHelper: Discovering extensions inside assembly 'Microsoft.Diagnostics.NETCore.Client, Version=0.2.6.42401, Culture=neutral, PublicKeyToken=31bf3856ad364e35' file path 'C:\Program Files\dotnet\sdk\7.0.306\Extensions\Microsoft.Diagnostics.NETCore.Client.dll'
TpTrace Information: 0 : 6492, 1, 2023/09/09, 00:13:25.430, 7871307864912, vstest.console.dll, AssemblyResolver.OnResolve: Microsoft.Bcl.AsyncInterfaces: Resolving assembly.
TpTrace Information: 0 : 6492, 1, 2023/09/09, 00:13:25.430, 7871307865327, vstest.console.dll, AssemblyResolver.OnResolve: Microsoft.Bcl.AsyncInterfaces: Resolved from cache.
TpTrace Verbose: 0 : 6492, 1, 2023/09/09, 00:13:25.430, 7871307865584, vstest.console.dll, CurrentDomainAssemblyResolve: Resolving assembly 'Microsoft.Bcl.AsyncInterfaces'.
TpTrace Information: 0 : 6492, 1, 2023/09/09, 00:13:25.430, 7871307865985, vstest.console.dll, AssemblyResolver.OnResolve: Microsoft.Bcl.AsyncInterfaces: Resolving assembly.
TpTrace Information: 0 : 6492, 1, 2023/09/09, 00:13:25.430, 7871307866224, vstest.console.dll, AssemblyResolver.OnResolve: Microsoft.Bcl.AsyncInterfaces: Resolved from cache.
TpTrace Verbose: 0 : 6492, 1, 2023/09/09, 00:13:25.430, 7871307866433, vstest.console.dll, CurrentDomainAssemblyResolve: Resolving assembly 'Microsoft.Bcl.AsyncInterfaces'.
TpTrace Verbose: 0 : 6492, 1, 2023/09/09, 00:13:25.430, 7871307866638, vstest.console.dll, CurrentDomainAssemblyResolve: Failed to resolve assembly 'Microsoft.Bcl.AsyncInterfaces'.
TpTrace Verbose: 0 : 6492, 1, 2023/09/09, 00:13:25.431, 7871307867974, vstest.console.dll, CurrentDomainAssemblyResolve: Failed to resolve assembly 'Microsoft.Bcl.AsyncInterfaces'.
TpTrace Warning: 0 : 6492, 1, 2023/09/09, 00:13:25.431, 7871307870811, vstest.console.dll, TestPluginDiscoverer: Failed to get types from assembly 'Microsoft.Diagnostics.NETCore.Client, Version=0.2.6.42401, Culture=neutral, PublicKeyToken=31bf3856ad364e35'. Error: System.Reflection.ReflectionTypeLoadException: Unable to load one or more of the requested types.
Could not load file or assembly 'Microsoft.Bcl.AsyncInterfaces, Version=1.0.0.0, Culture=neutral, PublicKeyToken=cc7b13ffcd2ddd51'. The system cannot find the file specified.
   at System.Reflection.RuntimeModule.GetTypes(RuntimeModule module)
   at System.Reflection.Assembly.GetTypes()
   at Microsoft.VisualStudio.TestPlatform.Common.ExtensionFramework.TestPluginDiscoverer.GetTestExtensionsFromAssembly[TPluginInfo,TExtension](Assembly assembly, Dictionary`2 pluginInfos, String filePath)
System.IO.FileNotFoundException: Could not load file or assembly 'Microsoft.Bcl.AsyncInterfaces, Version=1.0.0.0, Culture=neutral, PublicKeyToken=cc7b13ffcd2ddd51'. The system cannot find the file specified.
File name: 'Microsoft.Bcl.AsyncInterfaces, Version=1.0.0.0, Culture=neutral, PublicKeyToken=cc7b13ffcd2ddd51'
 ---> System.IO.FileNotFoundException: Could not load file or assembly 'Microsoft.Bcl.AsyncInterfaces, Culture=neutral, PublicKeyToken=null'. The system cannot find the file specified.
File name: 'Microsoft.Bcl.AsyncInterfaces, Culture=neutral, PublicKeyToken=null'
   at System.Reflection.RuntimeAssembly.InternalLoad(AssemblyName assemblyName, StackCrawlMark& stackMark, AssemblyLoadContext assemblyLoadContext, RuntimeAssembly requestingAssembly, Boolean throwOnFileNotFound)
   at System.Reflection.Assembly.Load(AssemblyName assemblyRef)
   at Microsoft.VisualStudio.TestPlatform.Common.ExtensionFramework.TestPluginCache.CurrentDomainAssemblyResolve(Object sender, AssemblyResolveEventArgs args)
   at System.Runtime.Loader.AssemblyLoadContext.GetFirstResolvedAssemblyFromResolvingEvent(AssemblyName assemblyName)
   at System.Runtime.Loader.AssemblyLoadContext.ResolveUsingEvent(AssemblyName assemblyName)
   at System.Runtime.Loader.AssemblyLoadContext.ResolveUsingResolvingEvent(IntPtr gchManagedAssemblyLoadContext, AssemblyName assemblyName)
TpTrace Warning: 0 : 6492, 1, 2023/09/09, 00:13:25.431, 7871307872059, vstest.console.dll, LoaderExceptions: System.IO.FileNotFoundException: Could not load file or assembly 'Microsoft.Bcl.AsyncInterfaces, Version=1.0.0.0, Culture=neutral, PublicKeyToken=cc7b13ffcd2ddd51'. The system cannot find the file specified.
File name: 'Microsoft.Bcl.AsyncInterfaces, Version=1.0.0.0, Culture=neutral, PublicKeyToken=cc7b13ffcd2ddd51'
 ---> System.IO.FileNotFoundException: Could not load file or assembly 'Microsoft.Bcl.AsyncInterfaces, Culture=neutral, PublicKeyToken=null'. The system cannot find the file specified.
File name: 'Microsoft.Bcl.AsyncInterfaces, Culture=neutral, PublicKeyToken=null'
   at System.Reflection.RuntimeAssembly.InternalLoad(AssemblyName assemblyName, StackCrawlMark& stackMark, AssemblyLoadContext assemblyLoadContext, RuntimeAssembly requestingAssembly, Boolean throwOnFileNotFound)
   at System.Reflection.Assembly.Load(AssemblyName assemblyRef)
   at Microsoft.VisualStudio.TestPlatform.Common.ExtensionFramework.TestPluginCache.CurrentDomainAssemblyResolve(Object sender, AssemblyResolveEventArgs args)
   at System.Runtime.Loader.AssemblyLoadContext.GetFirstResolvedAssemblyFromResolvingEvent(AssemblyName assemblyName)
   at System.Runtime.Loader.AssemblyLoadContext.ResolveUsingEvent(AssemblyName assemblyName)
   at System.Runtime.Loader.AssemblyLoadContext.ResolveUsingResolvingEvent(IntPtr gchManagedAssemblyLoadContext, AssemblyName assemblyName)
TpTrace Verbose: 0 : 6492, 1, 2023/09/09, 00:13:25.431, 7871307872797, vstest.console.dll, MetadataReaderExtensionsHelper: Discovering extensions inside assembly 'Microsoft.TestPlatform.Extensions.BlameDataCollector, Version=15.0.0.0, Culture=neutral, PublicKeyToken=b03f5f7f11d50a3a' file path 'C:\Program Files\dotnet\sdk\7.0.306\Extensions\Microsoft.TestPlatform.Extensions.BlameDataCollector.dll'
TpTrace Information: 0 : 6492, 1, 2023/09/09, 00:13:25.431, 7871307876180, vstest.console.dll, GetTestExtensionFromType: Register extension with identifier data 'logger://Microsoft/TestPlatform/Extensions/Blame/v1' and type 'Microsoft.TestPlatform.Extensions.BlameDataCollector.BlameLogger, Microsoft.TestPlatform.Extensions.BlameDataCollector, Version=15.0.0.0, Culture=neutral, PublicKeyToken=b03f5f7f11d50a3a' inside file 'C:\Program Files\dotnet\sdk\7.0.306\Extensions\Microsoft.TestPlatform.Extensions.BlameDataCollector.dll'
TpTrace Verbose: 0 : 6492, 1, 2023/09/09, 00:13:25.431, 7871307876674, vstest.console.dll, MetadataReaderExtensionsHelper: Discovering extensions inside assembly 'Microsoft.TestPlatform.Extensions.EventLogCollector, Version=15.0.0.0, Culture=neutral, PublicKeyToken=b03f5f7f11d50a3a' file path 'C:\Program Files\dotnet\sdk\7.0.306\Extensions\Microsoft.TestPlatform.Extensions.EventLogCollector.dll'
TpTrace Verbose: 0 : 6492, 1, 2023/09/09, 00:13:25.432, 7871307878603, vstest.console.dll, MetadataReaderExtensionsHelper: Discovering extensions inside assembly 'Microsoft.TestPlatform.TestHostRuntimeProvider, Version=15.0.0.0, Culture=neutral, PublicKeyToken=b03f5f7f11d50a3a' file path 'C:\Program Files\dotnet\sdk\7.0.306\Extensions\Microsoft.TestPlatform.TestHostRuntimeProvider.dll'
TpTrace Verbose: 0 : 6492, 1, 2023/09/09, 00:13:25.432, 7871307880676, vstest.console.dll, MetadataReaderExtensionsHelper: Discovering extensions inside assembly 'Microsoft.VisualStudio.TestPlatform.Extensions.Html.TestLogger, Version=15.0.0.0, Culture=neutral, PublicKeyToken=b03f5f7f11d50a3a' file path 'C:\Program Files\dotnet\sdk\7.0.306\Extensions\Microsoft.VisualStudio.TestPlatform.Extensions.Html.TestLogger.dll'
TpTrace Information: 0 : 6492, 1, 2023/09/09, 00:13:25.432, 7871307884020, vstest.console.dll, GetTestExtensionFromType: Register extension with identifier data 'logger://Microsoft/TestPlatform/HtmlLogger/v1' and type 'Microsoft.VisualStudio.TestPlatform.Extensions.HtmlLogger.HtmlLogger, Microsoft.VisualStudio.TestPlatform.Extensions.Html.TestLogger, Version=15.0.0.0, Culture=neutral, PublicKeyToken=b03f5f7f11d50a3a' inside file 'C:\Program Files\dotnet\sdk\7.0.306\Extensions\Microsoft.VisualStudio.TestPlatform.Extensions.Html.TestLogger.dll'
TpTrace Verbose: 0 : 6492, 1, 2023/09/09, 00:13:25.432, 7871307884515, vstest.console.dll, MetadataReaderExtensionsHelper: Discovering extensions inside assembly 'Microsoft.VisualStudio.TestPlatform.Extensions.Trx.TestLogger, Version=15.0.0.0, Culture=neutral, PublicKeyToken=b03f5f7f11d50a3a' file path 'C:\Program Files\dotnet\sdk\7.0.306\Extensions\Microsoft.VisualStudio.TestPlatform.Extensions.Trx.TestLogger.dll'
TpTrace Information: 0 : 6492, 1, 2023/09/09, 00:13:25.433, 7871307887114, vstest.console.dll, GetTestExtensionFromType: Register extension with identifier data 'logger://Microsoft/TestPlatform/TrxLogger/v1' and type 'Microsoft.VisualStudio.TestPlatform.Extensions.TrxLogger.TrxLogger, Microsoft.VisualStudio.TestPlatform.Extensions.Trx.TestLogger, Version=15.0.0.0, Culture=neutral, PublicKeyToken=b03f5f7f11d50a3a' inside file 'C:\Program Files\dotnet\sdk\7.0.306\Extensions\Microsoft.VisualStudio.TestPlatform.Extensions.Trx.TestLogger.dll'
TpTrace Verbose: 0 : 6492, 1, 2023/09/09, 00:13:25.433, 7871307887805, vstest.console.dll, TestPluginCache: Discovered the extensions using extension path ''.
TpTrace Verbose: 0 : 6492, 1, 2023/09/09, 00:13:25.433, 7871307888092, vstest.console.dll, TestPluginCache: Discoverers are ''.
TpTrace Verbose: 0 : 6492, 1, 2023/09/09, 00:13:25.433, 7871307888293, vstest.console.dll, TestPluginCache: Executors are ''.
TpTrace Verbose: 0 : 6492, 1, 2023/09/09, 00:13:25.433, 7871307888485, vstest.console.dll, TestPluginCache: Executors2 are ''.
TpTrace Verbose: 0 : 6492, 1, 2023/09/09, 00:13:25.433, 7871307888673, vstest.console.dll, TestPluginCache: Setting providers are ''.
TpTrace Verbose: 0 : 6492, 1, 2023/09/09, 00:13:25.433, 7871307889232, vstest.console.dll, TestPluginCache: Loggers are 'logger://Microsoft/TestPlatform/Extensions/Blame/v1,logger://Microsoft/TestPlatform/HtmlLogger/v1,logger://Microsoft/TestPlatform/TrxLogger/v1'.
TpTrace Verbose: 0 : 6492, 1, 2023/09/09, 00:13:25.433, 7871307889607, vstest.console.dll, TestPluginCache: TestHosts are 'HostProvider://DefaultTestHost,HostProvider://DotnetTestHost'.
TpTrace Verbose: 0 : 6492, 1, 2023/09/09, 00:13:25.433, 7871307889835, vstest.console.dll, TestPluginCache: DataCollectors are ''.
TpTrace Information: 0 : 6492, 1, 2023/09/09, 00:13:25.433, 7871307896977, vstest.console.dll, TestPluginManager.CreateTestExtension: Attempting to load test extension: Microsoft.TestPlatform.Extensions.BlameDataCollector.BlameLogger
TpTrace Verbose: 0 : 6492, 1, 2023/09/09, 00:13:25.440, 7871307964941, vstest.console.dll, TestEngine: Initializing Parallel Execution as MaxCpuCount is set to: 1
TpTrace Information: 0 : 6492, 1, 2023/09/09, 00:13:25.442, 7871307979723, vstest.console.dll, TestPluginManager.CreateTestExtension: Attempting to load test extension: Microsoft.VisualStudio.TestPlatform.CrossPlatEngine.Hosting.DefaultTestHostManager
TpTrace Information: 0 : 6492, 1, 2023/09/09, 00:13:25.442, 7871307986892, vstest.console.dll, TestPluginManager.CreateTestExtension: Attempting to load test extension: Microsoft.VisualStudio.TestPlatform.CrossPlatEngine.Hosting.DotnetTestHostManager
TpTrace Information: 0 : 6492, 1, 2023/09/09, 00:13:25.443, 7871307992558, vstest.console.dll, InferRunSettingsHelper.IsTestSettingsEnabled: Unable to navigate to RunSettings/MSTest. Current node: RunSettings
TpTrace Verbose: 0 : 6492, 1, 2023/09/09, 00:13:25.447, 7871308031727, vstest.console.dll, TestEngine.GetExecutionManager: Chosen execution manager 'Microsoft.VisualStudio.TestPlatform.CrossPlatEngine.Client.Parallel.ParallelProxyExecutionManager, Microsoft.TestPlatform.CrossPlatEngine, Version=15.0.0.0, Culture=neutral, PublicKeyToken=b03f5f7f11d50a3a' ParallelLevel '1'.
TpTrace Verbose: 0 : 6492, 1, 2023/09/09, 00:13:25.447, 7871308032874, vstest.console.dll, TestRunRequest.ExecuteAsync: Creating test run request.
TpTrace Verbose: 0 : 6492, 1, 2023/09/09, 00:13:25.447, 7871308034840, vstest.console.dll, TestRunRequest.ExecuteAsync: Starting.
TpTrace Information: 0 : 6492, 1, 2023/09/09, 00:13:25.448, 7871308037220, vstest.console.dll, TestRunRequest.ExecuteAsync: Starting run with settings:TestRunCriteria:
   KeepAlive=False,FrequencyOfRunStatsChangeEvent=10,RunStatsChangeEventTimeout=00:00:01.5000000,TestCaseFilter=,TestExecutorLauncher=
   Settingsxml=<RunSettings>
  <RunConfiguration>
    <ResultsDirectory>C:\Users\Deca\Desktop\week 3 innocent\week-3-task-Innocent\BrinelleBankApp\CustomerTest\bin\Debug\net6.0\fine-code-coverage\coverage-tool-output</ResultsDirectory>
    <TargetPlatform>X64</TargetPlatform>
    <TargetFrameworkVersion>.NETCoreApp,Version=v6.0</TargetFrameworkVersion>
    <DesignMode>False</DesignMode>
    <CollectSourceInformation>False</CollectSourceInformation>
  </RunConfiguration>
  <LoggerRunSettings>
    <Loggers>
      <Logger friendlyName="blame" enabled="True" />
      <Logger friendlyName="Console" uri="logger://microsoft/TestPlatform/ConsoleLogger/v1" assemblyQualifiedName="Microsoft.VisualStudio.TestPlatform.CommandLine.Internal.ConsoleLogger, vstest.console, Version=15.0.0.0, Culture=neutral, PublicKeyToken=b03f5f7f11d50a3a" codeBase="C:\Program Files\dotnet\sdk\7.0.306\vstest.console.dll" enabled="True" />
    </Loggers>
  </LoggerRunSettings>
  <DataCollectionRunSettings>
    <DataCollectors>
      <DataCollector friendlyName="blame" enabled="True">
        <Configuration>
          <ResultsDirectory>C:\Users\Deca\Desktop\week 3 innocent\week-3-task-Innocent\BrinelleBankApp\CustomerTest\bin\Debug\net6.0\fine-code-coverage\coverage-tool-output</ResultsDirectory>
        </Configuration>
      </DataCollector>
    </DataCollectors>
  </DataCollectionRunSettings>
</RunSettings>

TpTrace Verbose: 0 : 6492, 1, 2023/09/09, 00:13:25.448, 7871308037673, vstest.console.dll, TestRunRequest.ExecuteAsync: Wait for the first run request is over.
TpTrace Verbose: 0 : 6492, 1, 2023/09/09, 00:13:25.448, 7871308039891, vstest.console.dll, MulticastDelegateUtilities.SafeInvoke: TestRun.TestRunStart: Invoking callbacks was skipped because there are no subscribers.
TpTrace Verbose: 0 : 6492, 4, 2023/09/09, 00:13:25.448, 7871308041885, vstest.console.dll, MulticastDelegateUtilities.SafeInvoke: InternalTestLoggerEvents.SendTestRunStart: Invoking callback 1/1 for Microsoft.VisualStudio.TestPlatform.CommandLine.Internal.ConsoleLogger., took 0 ms.
TpTrace Verbose: 0 : 6492, 1, 2023/09/09, 00:13:25.449, 7871308050782, vstest.console.dll, ParallelProxyExecutionManager: Start execution. Total sources: 1
TpTrace Verbose: 0 : 6492, 1, 2023/09/09, 00:13:25.450, 7871308067027, vstest.console.dll, TestRequestSender is acting as server.
TpTrace Verbose: 0 : 6492, 1, 2023/09/09, 00:13:25.453, 7871308087534, vstest.console.dll, ParallelOperationManager.RunWorkInParallel: Started work on a host.
TpTrace Verbose: 0 : 6492, 1, 2023/09/09, 00:13:25.453, 7871308095899, vstest.console.dll, ProxyParallelExecutionManager: No sources available for execution.
TpTrace Information: 0 : 6492, 1, 2023/09/09, 00:13:25.453, 7871308096512, vstest.console.dll, TestRunRequest.ExecuteAsync: Started.
TpTrace Verbose: 0 : 6492, 1, 2023/09/09, 00:13:25.454, 7871308097233, vstest.console.dll, TestRunRequest.WaitForCompletion: Waiting with timeout -1.
TpTrace Verbose: 0 : 6492, 5, 2023/09/09, 00:13:25.454, 7871308098298, vstest.console.dll, DataCollectionRequestSender.InitializeCommunication : Initialize communication. 
TpTrace Information: 0 : 6492, 5, 2023/09/09, 00:13:25.458, 7871308139040, vstest.console.dll, Listening on Endpoint : 127.0.0.1:64756
TpTrace Verbose: 0 : 6492, 5, 2023/09/09, 00:13:25.464, 7871308197693, vstest.console.dll, DotnetDataCollectionLauncher: Adding  --runtimeconfig "C:\Program Files\dotnet\sdk\7.0.306\datacollector.runtimeconfig.json" in args
TpTrace Verbose: 0 : 6492, 5, 2023/09/09, 00:13:25.464, 7871308198727, vstest.console.dll, DotnetDataCollectionLauncher: Adding  --depsfile "C:\Program Files\dotnet\sdk\7.0.306\datacollector.deps.json" in args
TpTrace Verbose: 0 : 6492, 5, 2023/09/09, 00:13:25.464, 7871308200094, vstest.console.dll, DotnetDataCollectionLauncher: Full path of dotnet.exe is C:\Program Files\dotnet\dotnet.exe
TpTrace Information: 0 : 6492, 5, 2023/09/09, 00:13:25.470, 7871308257627, vstest.console.dll, ProxyDataCollectionManager.Initialize: Launched datacollector processId: 55848 port: 64756
TpTrace Information: 0 : 6492, 5, 2023/09/09, 00:13:25.470, 7871308258947, vstest.console.dll, ProxyDataCollectionManager.Initialize: waiting for connection with timeout: 90 seconds
TpTrace Verbose: 0 : 6492, 5, 2023/09/09, 00:13:25.470, 7871308259621, vstest.console.dll, DataCollectionRequestSender.WaitForRequestHandlerConnection : Waiting for connection with timeout: 90000
TpTrace Information: 0 : 6492, 7, 2023/09/09, 00:13:25.628, 7871309837346, vstest.console.dll, Using the buffer size of 16384 bytes
TpTrace Information: 0 : 6492, 7, 2023/09/09, 00:13:25.628, 7871309839159, vstest.console.dll, Accepted Client request and set the flag
TpTrace Verbose: 0 : 6492, 5, 2023/09/09, 00:13:25.628, 7871309838387, vstest.console.dll, SocketCommunicationManager.WaitForClientConnection took: 157 ms, with 90000 ms timeout, and finished with True.
TpTrace Verbose: 0 : 6492, 5, 2023/09/09, 00:13:25.628, 7871309841586, vstest.console.dll, ProxyDataCollectionManager.InvokeDataCollectionServiceAction: Starting.
TpTrace Information: 0 : 6492, 5, 2023/09/09, 00:13:25.628, 7871309842941, vstest.console.dll, ProxyDataCollectionManager.BeforeTestRunStart: Get environment variable and port for datacollector processId: 55848 port: 64756
TpTrace Verbose: 0 : 6492, 5, 2023/09/09, 00:13:25.628, 7871309844785, vstest.console.dll, DataCollectionRequestSender.SendBeforeTestRunStartAndGetResult: Send BeforeTestRunStart message with settingsXml <RunSettings><RunConfiguration><ResultsDirectory>C:\Users\Deca\Desktop\week 3 innocent\week-3-task-Innocent\BrinelleBankApp\CustomerTest\bin\Debug\net6.0\fine-code-coverage\coverage-tool-output</ResultsDirectory><TargetPlatform>X64</TargetPlatform><TargetFrameworkVersion>.NETCoreApp,Version=v6.0</TargetFrameworkVersion><DesignMode>False</DesignMode><CollectSourceInformation>False</CollectSourceInformation><TestAdaptersPaths>C:\Program Files\dotnet\sdk\7.0.306\Extensions</TestAdaptersPaths></RunConfiguration><LoggerRunSettings><Loggers><Logger friendlyName="blame" enabled="True" /><Logger friendlyName="Console" uri="logger://microsoft/TestPlatform/ConsoleLogger/v1" assemblyQualifiedName="Microsoft.VisualStudio.TestPlatform.CommandLine.Internal.ConsoleLogger, vstest.console, Version=15.0.0.0, Culture=neutral, PublicKeyToken=b03f5f7f11d50a3a" codeBase="C:\Program Files\dotnet\sdk\7.0.306\vstest.console.dll" enabled="True" /></Loggers></LoggerRunSettings><DataCollectionRunSettings><DataCollectors><DataCollector friendlyName="blame" enabled="True"><Configuration><ResultsDirectory>C:\Users\Deca\Desktop\week 3 innocent\week-3-task-Innocent\BrinelleBankApp\CustomerTest\bin\Debug\net6.0\fine-code-coverage\coverage-tool-output</ResultsDirectory></Configuration></DataCollector></DataCollectors></DataCollectionRunSettings></RunSettings> and sources System.Collections.Generic.List`1[System.String]: 
TpTrace Verbose: 0 : 6492, 5, 2023/09/09, 00:13:25.717, 7871310734621, vstest.console.dll, DataCollectionRequestSender.SendBeforeTestRunStartAndGetResult: Received message: (DataCollection.SendMessage) -> {"MessageType":"DataCollection.SendMessage","Payload":{"FriendlyName":null,"Uri":null,"TestCaseId":"00000000-0000-0000-0000-000000000000","Message":"Logging DataCollector Diagnostics in file: C:\\Users\\Deca\\Desktop\\week 3 innocent\\week-3-task-Innocent\\BrinelleBankApp\\CustomerTest\\bin\\Debug\\net6.0\\fine-code-coverage\\coverage-tool-output\\diagnostics.datacollector.23-09-09_00-13-25_46387_5.log","Level":0}}
TpTrace Verbose: 0 : 6492, 5, 2023/09/09, 00:13:25.811, 7871311671185, vstest.console.dll, DataCollectionRequestSender.SendBeforeTestRunStartAndGetResult: Received message: (DataCollection.BeforeTestRunStartResult) -> {"MessageType":"DataCollection.BeforeTestRunStartResult","Payload":{"EnvironmentVariables":{},"DataCollectionEventsPort":64758}}
TpTrace Information: 0 : 6492, 5, 2023/09/09, 00:13:25.817, 7871311735380, vstest.console.dll, ProxyDataCollectionManager.BeforeTestRunStart: SendBeforeTestRunStartAndGetResult successful, env variable from datacollector:   and testhost port: 64758
TpTrace Information: 0 : 6492, 5, 2023/09/09, 00:13:25.817, 7871311736417, vstest.console.dll, ProxyDataCollectionManager.InvokeDataCollectionServiceAction: Completed.
TpTrace Verbose: 0 : 6492, 5, 2023/09/09, 00:13:25.818, 7871311737494, vstest.console.dll, ProxyExecutionManager: Test host is always Lazy initialize.
TpTrace Verbose: 0 : 6492, 5, 2023/09/09, 00:13:25.818, 7871311740396, vstest.console.dll, TestRequestSender.InitializeCommunication: initialize communication. 
TpTrace Information: 0 : 6492, 5, 2023/09/09, 00:13:25.818, 7871311746150, vstest.console.dll, SocketServer.Start: Listening on endpoint : 127.0.0.1:64759
TpTrace Verbose: 0 : 6492, 5, 2023/09/09, 00:13:25.819, 7871311756794, vstest.console.dll, DotnetTestHostmanager.GetTestHostProcessStartInfo: Platform environment 'X64' target architecture 'X64' framework '.NETCoreApp,Version=v6.0' OS 'Windows'
TpTrace Verbose: 0 : 6492, 5, 2023/09/09, 00:13:25.820, 7871311759454, vstest.console.dll, DotnetTestHostmanager: Adding  --runtimeconfig "C:\Users\Deca\Desktop\week 3 innocent\week-3-task-Innocent\BrinelleBankApp\CustomerTest\bin\Debug\net6.0\fine-code-coverage\build-output\CustomerTest.runtimeconfig.json" in args
TpTrace Verbose: 0 : 6492, 5, 2023/09/09, 00:13:25.820, 7871311760604, vstest.console.dll, DotnetTestHostmanager: Adding  --depsfile "C:\Users\Deca\Desktop\week 3 innocent\week-3-task-Innocent\BrinelleBankApp\CustomerTest\bin\Debug\net6.0\fine-code-coverage\build-output\CustomerTest.deps.json" in args
TpTrace Verbose: 0 : 6492, 5, 2023/09/09, 00:13:25.820, 7871311763639, vstest.console.dll, DotnetTestHostmanager.IsWinOnArm: Current PROCESSOR_ARCHITECTURE from environment variable 'AMD64'
TpTrace Verbose: 0 : 6492, 5, 2023/09/09, 00:13:25.820, 7871311764376, vstest.console.dll, DotnetTestHostmanager.IsWinOnArm: Is Windows on ARM 'False'
TpTrace Verbose: 0 : 6492, 5, 2023/09/09, 00:13:25.820, 7871311765310, vstest.console.dll, DotnetTestHostManager: testhost.exe found at path: C:\Users\Deca\Desktop\week 3 innocent\week-3-task-Innocent\BrinelleBankApp\CustomerTest\bin\Debug\net6.0\fine-code-coverage\build-output\testhost.exe
TpTrace Verbose: 0 : 6492, 5, 2023/09/09, 00:13:25.820, 7871311765865, vstest.console.dll, DotnetTestHostmanager: Full path of host exe is C:\Users\Deca\Desktop\week 3 innocent\week-3-task-Innocent\BrinelleBankApp\CustomerTest\bin\Debug\net6.0\fine-code-coverage\build-output\testhost.exe
TpTrace Verbose: 0 : 6492, 5, 2023/09/09, 00:13:25.821, 7871311767566, vstest.console.dll, DotnetTestHostmanager.LaunchTestHostAsync: Found 'VSTEST_WINAPPHOST_DOTNET_ROOT' in env variables, value 'C:\Program Files\dotnet', forwarding to 'DOTNET_ROOT'
TpTrace Verbose: 0 : 6492, 5, 2023/09/09, 00:13:25.821, 7871311769552, vstest.console.dll, DotnetTestHostManager: Starting process 'C:\Users\Deca\Desktop\week 3 innocent\week-3-task-Innocent\BrinelleBankApp\CustomerTest\bin\Debug\net6.0\fine-code-coverage\build-output\testhost.exe' with command line ' --runtimeconfig "C:\Users\Deca\Desktop\week 3 innocent\week-3-task-Innocent\BrinelleBankApp\CustomerTest\bin\Debug\net6.0\fine-code-coverage\build-output\CustomerTest.runtimeconfig.json" --depsfile "C:\Users\Deca\Desktop\week 3 innocent\week-3-task-Innocent\BrinelleBankApp\CustomerTest\bin\Debug\net6.0\fine-code-coverage\build-output\CustomerTest.deps.json" --port 64759 --endpoint 127.0.0.1:064759 --role client --parentprocessid 6492 --diag "C:\Users\Deca\Desktop\week 3 innocent\week-3-task-Innocent\BrinelleBankApp\CustomerTest\bin\Debug\net6.0\fine-code-coverage\coverage-tool-output\diagnostics.host.23-09-09_00-13-25_81944_5.log" --tracelevel 4 --datacollectionport 64758 --telemetryoptedin false'
TpTrace Verbose: 0 : 6492, 5, 2023/09/09, 00:13:25.909, 7871312648105, vstest.console.dll, MulticastDelegateUtilities.SafeInvoke: HostProviderEvents.OnHostLaunched: Invoking callback 1/2 for Microsoft.VisualStudio.TestPlatform.CrossPlatEngine.Client.ProxyExecutionManagerWithDataCollection., took 2 ms.
TpTrace Verbose: 0 : 6492, 5, 2023/09/09, 00:13:25.909, 7871312653055, vstest.console.dll, Test Runtime launched
TpTrace Verbose: 0 : 6492, 5, 2023/09/09, 00:13:25.909, 7871312654329, vstest.console.dll, MulticastDelegateUtilities.SafeInvoke: HostProviderEvents.OnHostLaunched: Invoking callback 2/2 for Microsoft.VisualStudio.TestPlatform.CrossPlatEngine.Client.ProxyOperationManager., took 0 ms.
TpTrace Verbose: 0 : 6492, 5, 2023/09/09, 00:13:25.909, 7871312656686, vstest.console.dll, TestRequestSender.WaitForRequestHandlerConnection: waiting for connection with timeout: 90000.
TpTrace Verbose: 0 : 6492, 12, 2023/09/09, 00:13:26.542, 7871318977735, vstest.console.dll, MulticastDelegateUtilities.SafeInvoke: SocketServer: ClientConnected: Invoking callback 1/1 for Microsoft.VisualStudio.TestPlatform.CommunicationUtilities.TestRequestSender., took 0 ms.
TpTrace Verbose: 0 : 6492, 12, 2023/09/09, 00:13:26.542, 7871318979373, vstest.console.dll, SocketServer.OnClientConnected: Client connected for endPoint: 127.0.0.1:64759, starting MessageLoopAsync:
TpTrace Verbose: 0 : 6492, 5, 2023/09/09, 00:13:26.542, 7871318977737, vstest.console.dll, TestRequestSender.WaitForRequestHandlerConnection: waiting took 632 ms, with timeout 90000 ms, and result 0, which is success.
TpTrace Verbose: 0 : 6492, 13, 2023/09/09, 00:13:26.542, 7871318982638, vstest.console.dll, TcpClientExtensions.MessageLoopAsync: Polling on remoteEndPoint: 127.0.0.1:64760 localEndPoint: 127.0.0.1:64759
TpTrace Verbose: 0 : 6492, 5, 2023/09/09, 00:13:26.543, 7871318990607, vstest.console.dll, TestRequestSender.CheckVersionWithTestHost: Sending check version message: {"MessageType":"ProtocolVersion","Payload":7}
TpTrace Verbose: 0 : 6492, 13, 2023/09/09, 00:13:26.698, 7871320546131, vstest.console.dll, TcpClientExtensions.MessageLoopAsync: NotifyDataAvailable remoteEndPoint: 127.0.0.1:64760 localEndPoint: 127.0.0.1:64759
TpTrace Verbose: 0 : 6492, 13, 2023/09/09, 00:13:26.699, 7871320548828, vstest.console.dll, TestRequestSender.CheckVersionWithTestHost: onMessageReceived received message: (ProtocolVersion) -> {"MessageType":"ProtocolVersion","Payload":7}
TpTrace Verbose: 0 : 6492, 13, 2023/09/09, 00:13:26.700, 7871320557953, vstest.console.dll, MulticastDelegateUtilities.SafeInvoke: LengthPrefixCommunicationChannel: MessageReceived: Invoking callback 1/1 for Microsoft.VisualStudio.TestPlatform.CommunicationUtilities.TestRequestSender+<>c__DisplayClass29_0., took 0 ms.
TpTrace Verbose: 0 : 6492, 13, 2023/09/09, 00:13:26.700, 7871320559429, vstest.console.dll, TcpClientExtensions.MessageLoopAsync: Polling on remoteEndPoint: 127.0.0.1:64760 localEndPoint: 127.0.0.1:64759
TpTrace Verbose: 0 : 6492, 5, 2023/09/09, 00:13:26.700, 7871320559451, vstest.console.dll, TestPluginCache.GetExtensionPaths: Filtered extension paths: 
TpTrace Verbose: 0 : 6492, 5, 2023/09/09, 00:13:26.700, 7871320561026, vstest.console.dll, TestPluginCache.GetExtensionPaths: Added default extension paths: C:\Program Files\dotnet\sdk\7.0.306\Extensions\Microsoft.Diagnostics.NETCore.Client.dll
C:\Program Files\dotnet\sdk\7.0.306\Extensions\Microsoft.TestPlatform.Extensions.BlameDataCollector.dll
C:\Program Files\dotnet\sdk\7.0.306\Extensions\Microsoft.TestPlatform.Extensions.EventLogCollector.dll
C:\Program Files\dotnet\sdk\7.0.306\Extensions\Microsoft.TestPlatform.TestHostRuntimeProvider.dll
C:\Program Files\dotnet\sdk\7.0.306\Extensions\Microsoft.VisualStudio.TestPlatform.Extensions.Html.TestLogger.dll
C:\Program Files\dotnet\sdk\7.0.306\Extensions\Microsoft.VisualStudio.TestPlatform.Extensions.Trx.TestLogger.dll
TpTrace Verbose: 0 : 6492, 5, 2023/09/09, 00:13:26.700, 7871320561577, vstest.console.dll, TestPluginCache.GetExtensionPaths: Added unfilterableExtensionPaths: 
TpTrace Verbose: 0 : 6492, 5, 2023/09/09, 00:13:26.705, 7871320611465, vstest.console.dll, TestRequestSender.InitializeExecution: Sending initialize execution with message: {"Version":7,"MessageType":"TestExecution.Initialize","Payload":["C:\\Users\\Deca\\Desktop\\week 3 innocent\\week-3-task-Innocent\\BrinelleBankApp\\CustomerTest\\bin\\Debug\\net6.0\\fine-code-coverage\\build-output\\xunit.runner.visualstudio.dotnetcore.testadapter.dll"]}
TpTrace Verbose: 0 : 6492, 5, 2023/09/09, 00:13:26.705, 7871320615837, vstest.console.dll, ParallelProxyExecutionManager: Execution started. Started clients: 1
TpTrace Verbose: 0 : 6492, 5, 2023/09/09, 00:13:26.706, 7871320620885, vstest.console.dll, TestRunRequest:SendTestRunMessage: Starting.
TpTrace Verbose: 0 : 6492, 5, 2023/09/09, 00:13:26.706, 7871320623323, vstest.console.dll, MulticastDelegateUtilities.SafeInvoke: TestRun.LogMessages: Invoking callback 1/1 for Microsoft.VisualStudio.TestPlatform.CommandLine.TestRunResultAggregator., took 0 ms.
TpTrace Information: 0 : 6492, 5, 2023/09/09, 00:13:26.706, 7871320624009, vstest.console.dll, TestRunRequest:SendTestRunMessage: Completed.
TpTrace Verbose: 0 : 6492, 4, 2023/09/09, 00:13:26.706, 7871320626882, vstest.console.dll, MulticastDelegateUtilities.SafeInvoke: InternalTestLoggerEvents.SendTestRunMessage: Invoking callback 1/1 for Microsoft.VisualStudio.TestPlatform.CommandLine.Internal.ConsoleLogger., took 0 ms.
TpTrace Warning: 0 : 6492, 5, 2023/09/09, 00:13:26.707, 7871320629600, vstest.console.dll, InferRunSettingsHelper.MakeRunsettingsCompatible: Removing the following settings: TargetPlatform from RunSettings file. To use those settings please move to latest version of Microsoft.NET.Test.Sdk
TpTrace Verbose: 0 : 6492, 13, 2023/09/09, 00:13:26.708, 7871320642934, vstest.console.dll, TcpClientExtensions.MessageLoopAsync: NotifyDataAvailable remoteEndPoint: 127.0.0.1:64760 localEndPoint: 127.0.0.1:64759
TpTrace Verbose: 0 : 6492, 13, 2023/09/09, 00:13:26.709, 7871320647808, vstest.console.dll, TestRequestSender.OnExecutionMessageReceived: Received message: {"Version":7,"MessageType":"TestSession.Message","Payload":{"MessageLevel":0,"Message":"Logging TestHost Diagnostics in file: C:\\Users\\Deca\\Desktop\\week 3 innocent\\week-3-task-Innocent\\BrinelleBankApp\\CustomerTest\\bin\\Debug\\net6.0\\fine-code-coverage\\coverage-tool-output\\diagnostics.host.23-09-09_00-13-25_81944_5.log"}}
TpTrace Verbose: 0 : 6492, 13, 2023/09/09, 00:13:26.712, 7871320685943, vstest.console.dll, TestRunRequest:SendTestRunMessage: Starting.
TpTrace Verbose: 0 : 6492, 13, 2023/09/09, 00:13:26.713, 7871320688711, vstest.console.dll, MulticastDelegateUtilities.SafeInvoke: TestRun.LogMessages: Invoking callback 1/1 for Microsoft.VisualStudio.TestPlatform.CommandLine.TestRunResultAggregator., took 0 ms.
TpTrace Information: 0 : 6492, 13, 2023/09/09, 00:13:26.713, 7871320689402, vstest.console.dll, TestRunRequest:SendTestRunMessage: Completed.
TpTrace Verbose: 0 : 6492, 4, 2023/09/09, 00:13:26.713, 7871320689348, vstest.console.dll, MulticastDelegateUtilities.SafeInvoke: InternalTestLoggerEvents.SendTestRunMessage: Invoking callback 1/1 for Microsoft.VisualStudio.TestPlatform.CommandLine.Internal.ConsoleLogger., took 0 ms.
TpTrace Verbose: 0 : 6492, 13, 2023/09/09, 00:13:26.713, 7871320690094, vstest.console.dll, MulticastDelegateUtilities.SafeInvoke: LengthPrefixCommunicationChannel: MessageReceived: Invoking callback 1/1 for Microsoft.VisualStudio.TestPlatform.CommunicationUtilities.TestRequestSender+<>c__DisplayClass34_0., took 4 ms.
TpTrace Verbose: 0 : 6492, 13, 2023/09/09, 00:13:26.713, 7871320691325, vstest.console.dll, TcpClientExtensions.MessageLoopAsync: Polling on remoteEndPoint: 127.0.0.1:64760 localEndPoint: 127.0.0.1:64759
TpTrace Verbose: 0 : 6492, 5, 2023/09/09, 00:13:26.718, 7871320746625, vstest.console.dll, TestRequestSender.StartTestRun: Sending test run with message: {"Version":7,"MessageType":"TestExecution.StartWithSources","Payload":{"AdapterSourceMap":{"_none_":["C:\\Users\\Deca\\Desktop\\week 3 innocent\\week-3-task-Innocent\\BrinelleBankApp\\CustomerTest\\bin\\Debug\\net6.0\\fine-code-coverage\\build-output\\CustomerTest.dll"]},"RunSettings":"<RunSettings>\r\n  <RunConfiguration>\r\n    <ResultsDirectory>C:\\Users\\Deca\\Desktop\\week 3 innocent\\week-3-task-Innocent\\BrinelleBankApp\\CustomerTest\\bin\\Debug\\net6.0\\fine-code-coverage\\coverage-tool-output</ResultsDirectory>\r\n    <TargetFrameworkVersion>.NETCoreApp,Version=v6.0</TargetFrameworkVersion>\r\n    <DesignMode>False</DesignMode>\r\n    <CollectSourceInformation>False</CollectSourceInformation>\r\n  </RunConfiguration>\r\n  <LoggerRunSettings>\r\n    <Loggers>\r\n      <Logger friendlyName=\"blame\" enabled=\"True\" />\r\n      <Logger friendlyName=\"Console\" uri=\"logger://microsoft/TestPlatform/ConsoleLogger/v1\" assemblyQualifiedName=\"Microsoft.VisualStudio.TestPlatform.CommandLine.Internal.ConsoleLogger, vstest.console, Version=15.0.0.0, Culture=neutral, PublicKeyToken=b03f5f7f11d50a3a\" codeBase=\"C:\\Program Files\\dotnet\\sdk\\7.0.306\\vstest.console.dll\" enabled=\"True\" />\r\n    </Loggers>\r\n  </LoggerRunSettings>\r\n  <DataCollectionRunSettings>\r\n    <DataCollectors>\r\n      <DataCollector friendlyName=\"blame\" enabled=\"True\">\r\n        <Configuration>\r\n          <ResultsDirectory>C:\\Users\\Deca\\Desktop\\week 3 innocent\\week-3-task-Innocent\\BrinelleBankApp\\CustomerTest\\bin\\Debug\\net6.0\\fine-code-coverage\\coverage-tool-output</ResultsDirectory>\r\n        </Configuration>\r\n      </DataCollector>\r\n    </DataCollectors>\r\n  </DataCollectionRunSettings>\r\n</RunSettings>","TestExecutionContext":{"FrequencyOfRunStatsChangeEvent":10,"RunStatsChangeEventTimeout":"00:00:01.5000000","InIsolation":false,"KeepAlive":false,"AreTestCaseLevelEventsRequired":false,"IsDebug":false,"TestCaseFilter":null,"FilterOptions":null},"Package":null}}
TpTrace Verbose: 0 : 6492, 13, 2023/09/09, 00:13:27.220, 7871325764127, vstest.console.dll, TcpClientExtensions.MessageLoopAsync: NotifyDataAvailable remoteEndPoint: 127.0.0.1:64760 localEndPoint: 127.0.0.1:64759
TpTrace Verbose: 0 : 6492, 13, 2023/09/09, 00:13:27.220, 7871325765695, vstest.console.dll, TestRequestSender.OnExecutionMessageReceived: Received message: {"Version":7,"MessageType":"TestSession.Message","Payload":{"MessageLevel":0,"Message":"[xUnit.net 00:00:00.00] xUnit.net VSTest Adapter v2.4.5+1caef2f33e (64-bit .NET 6.0.21)"}}
TpTrace Verbose: 0 : 6492, 13, 2023/09/09, 00:13:27.221, 7871325768152, vstest.console.dll, TestRunRequest:SendTestRunMessage: Starting.
TpTrace Verbose: 0 : 6492, 13, 2023/09/09, 00:13:27.221, 7871325769147, vstest.console.dll, MulticastDelegateUtilities.SafeInvoke: TestRun.LogMessages: Invoking callback 1/1 for Microsoft.VisualStudio.TestPlatform.CommandLine.TestRunResultAggregator., took 0 ms.
TpTrace Verbose: 0 : 6492, 4, 2023/09/09, 00:13:27.221, 7871325769376, vstest.console.dll, MulticastDelegateUtilities.SafeInvoke: InternalTestLoggerEvents.SendTestRunMessage: Invoking callback 1/1 for Microsoft.VisualStudio.TestPlatform.CommandLine.Internal.ConsoleLogger., took 0 ms.
TpTrace Information: 0 : 6492, 13, 2023/09/09, 00:13:27.221, 7871325769459, vstest.console.dll, TestRunRequest:SendTestRunMessage: Completed.
TpTrace Verbose: 0 : 6492, 13, 2023/09/09, 00:13:27.221, 7871325770231, vstest.console.dll, MulticastDelegateUtilities.SafeInvoke: LengthPrefixCommunicationChannel: MessageReceived: Invoking callback 1/1 for Microsoft.VisualStudio.TestPlatform.CommunicationUtilities.TestRequestSender+<>c__DisplayClass34_0., took 0 ms.
TpTrace Verbose: 0 : 6492, 13, 2023/09/09, 00:13:27.221, 7871325770477, vstest.console.dll, TcpClientExtensions.MessageLoopAsync: Polling on remoteEndPoint: 127.0.0.1:64760 localEndPoint: 127.0.0.1:64759
TpTrace Verbose: 0 : 6492, 13, 2023/09/09, 00:13:28.235, 7871335915075, vstest.console.dll, TcpClientExtensions.MessageLoopAsync: Polling on remoteEndPoint: 127.0.0.1:64760 localEndPoint: 127.0.0.1:64759
TpTrace Verbose: 0 : 6492, 13, 2023/09/09, 00:13:29.250, 7871346064267, vstest.console.dll, TcpClientExtensions.MessageLoopAsync: Polling on remoteEndPoint: 127.0.0.1:64760 localEndPoint: 127.0.0.1:64759
TpTrace Verbose: 0 : 6492, 13, 2023/09/09, 00:13:30.264, 7871356198922, vstest.console.dll, TcpClientExtensions.MessageLoopAsync: Polling on remoteEndPoint: 127.0.0.1:64760 localEndPoint: 127.0.0.1:64759
TpTrace Verbose: 0 : 6492, 13, 2023/09/09, 00:13:31.276, 7871366322876, vstest.console.dll, TcpClientExtensions.MessageLoopAsync: Polling on remoteEndPoint: 127.0.0.1:64760 localEndPoint: 127.0.0.1:64759
TpTrace Verbose: 0 : 6492, 13, 2023/09/09, 00:13:31.304, 7871366601812, vstest.console.dll, TcpClientExtensions.MessageLoopAsync: NotifyDataAvailable remoteEndPoint: 127.0.0.1:64760 localEndPoint: 127.0.0.1:64759
TpTrace Verbose: 0 : 6492, 13, 2023/09/09, 00:13:31.304, 7871366602992, vstest.console.dll, TestRequestSender.OnExecutionMessageReceived: Received message: {"Version":7,"MessageType":"TestSession.Message","Payload":{"MessageLevel":0,"Message":"[xUnit.net 00:00:04.08]   Discovering: CustomerTest"}}
TpTrace Verbose: 0 : 6492, 13, 2023/09/09, 00:13:31.304, 7871366604113, vstest.console.dll, TestRunRequest:SendTestRunMessage: Starting.
TpTrace Verbose: 0 : 6492, 13, 2023/09/09, 00:13:31.304, 7871366604597, vstest.console.dll, MulticastDelegateUtilities.SafeInvoke: TestRun.LogMessages: Invoking callback 1/1 for Microsoft.VisualStudio.TestPlatform.CommandLine.TestRunResultAggregator., took 0 ms.
TpTrace Information: 0 : 6492, 13, 2023/09/09, 00:13:31.304, 7871366604827, vstest.console.dll, TestRunRequest:SendTestRunMessage: Completed.
TpTrace Verbose: 0 : 6492, 13, 2023/09/09, 00:13:31.304, 7871366605044, vstest.console.dll, MulticastDelegateUtilities.SafeInvoke: LengthPrefixCommunicationChannel: MessageReceived: Invoking callback 1/1 for Microsoft.VisualStudio.TestPlatform.CommunicationUtilities.TestRequestSender+<>c__DisplayClass34_0., took 0 ms.
TpTrace Verbose: 0 : 6492, 4, 2023/09/09, 00:13:31.304, 7871366605163, vstest.console.dll, MulticastDelegateUtilities.SafeInvoke: InternalTestLoggerEvents.SendTestRunMessage: Invoking callback 1/1 for Microsoft.VisualStudio.TestPlatform.CommandLine.Internal.ConsoleLogger., took 0 ms.
TpTrace Verbose: 0 : 6492, 13, 2023/09/09, 00:13:31.304, 7871366605291, vstest.console.dll, TcpClientExtensions.MessageLoopAsync: Polling on remoteEndPoint: 127.0.0.1:64760 localEndPoint: 127.0.0.1:64759
TpTrace Verbose: 0 : 6492, 13, 2023/09/09, 00:13:31.350, 7871367060013, vstest.console.dll, TcpClientExtensions.MessageLoopAsync: NotifyDataAvailable remoteEndPoint: 127.0.0.1:64760 localEndPoint: 127.0.0.1:64759
TpTrace Verbose: 0 : 6492, 13, 2023/09/09, 00:13:31.350, 7871367061299, vstest.console.dll, TestRequestSender.OnExecutionMessageReceived: Received message: {"Version":7,"MessageType":"TestSession.Message","Payload":{"MessageLevel":0,"Message":"[xUnit.net 00:00:04.13]   Discovered:  CustomerTest"}}
TpTrace Verbose: 0 : 6492, 13, 2023/09/09, 00:13:31.350, 7871367062469, vstest.console.dll, TestRunRequest:SendTestRunMessage: Starting.
TpTrace Verbose: 0 : 6492, 13, 2023/09/09, 00:13:31.350, 7871367063014, vstest.console.dll, MulticastDelegateUtilities.SafeInvoke: TestRun.LogMessages: Invoking callback 1/1 for Microsoft.VisualStudio.TestPlatform.CommandLine.TestRunResultAggregator., took 0 ms.
TpTrace Information: 0 : 6492, 13, 2023/09/09, 00:13:31.350, 7871367063285, vstest.console.dll, TestRunRequest:SendTestRunMessage: Completed.
TpTrace Verbose: 0 : 6492, 13, 2023/09/09, 00:13:31.350, 7871367063528, vstest.console.dll, MulticastDelegateUtilities.SafeInvoke: LengthPrefixCommunicationChannel: MessageReceived: Invoking callback 1/1 for Microsoft.VisualStudio.TestPlatform.CommunicationUtilities.TestRequestSender+<>c__DisplayClass34_0., took 0 ms.
TpTrace Verbose: 0 : 6492, 4, 2023/09/09, 00:13:31.350, 7871367063625, vstest.console.dll, MulticastDelegateUtilities.SafeInvoke: InternalTestLoggerEvents.SendTestRunMessage: Invoking callback 1/1 for Microsoft.VisualStudio.TestPlatform.CommandLine.Internal.ConsoleLogger., took 0 ms.
TpTrace Verbose: 0 : 6492, 13, 2023/09/09, 00:13:31.350, 7871367063811, vstest.console.dll, TcpClientExtensions.MessageLoopAsync: Polling on remoteEndPoint: 127.0.0.1:64760 localEndPoint: 127.0.0.1:64759
TpTrace Verbose: 0 : 6492, 13, 2023/09/09, 00:13:31.352, 7871367083919, vstest.console.dll, TcpClientExtensions.MessageLoopAsync: NotifyDataAvailable remoteEndPoint: 127.0.0.1:64760 localEndPoint: 127.0.0.1:64759
TpTrace Verbose: 0 : 6492, 13, 2023/09/09, 00:13:31.352, 7871367084741, vstest.console.dll, TestRequestSender.OnExecutionMessageReceived: Received message: {"Version":7,"MessageType":"TestSession.Message","Payload":{"MessageLevel":0,"Message":"[xUnit.net 00:00:04.13]   Starting:    CustomerTest"}}
TpTrace Verbose: 0 : 6492, 13, 2023/09/09, 00:13:31.352, 7871367085597, vstest.console.dll, TestRunRequest:SendTestRunMessage: Starting.
TpTrace Verbose: 0 : 6492, 13, 2023/09/09, 00:13:31.352, 7871367086035, vstest.console.dll, MulticastDelegateUtilities.SafeInvoke: TestRun.LogMessages: Invoking callback 1/1 for Microsoft.VisualStudio.TestPlatform.CommandLine.TestRunResultAggregator., took 0 ms.
TpTrace Information: 0 : 6492, 13, 2023/09/09, 00:13:31.352, 7871367086260, vstest.console.dll, TestRunRequest:SendTestRunMessage: Completed.
TpTrace Verbose: 0 : 6492, 13, 2023/09/09, 00:13:31.352, 7871367086468, vstest.console.dll, MulticastDelegateUtilities.SafeInvoke: LengthPrefixCommunicationChannel: MessageReceived: Invoking callback 1/1 for Microsoft.VisualStudio.TestPlatform.CommunicationUtilities.TestRequestSender+<>c__DisplayClass34_0., took 0 ms.
TpTrace Verbose: 0 : 6492, 4, 2023/09/09, 00:13:31.352, 7871367086582, vstest.console.dll, MulticastDelegateUtilities.SafeInvoke: InternalTestLoggerEvents.SendTestRunMessage: Invoking callback 1/1 for Microsoft.VisualStudio.TestPlatform.CommandLine.Internal.ConsoleLogger., took 0 ms.
TpTrace Verbose: 0 : 6492, 13, 2023/09/09, 00:13:31.352, 7871367086705, vstest.console.dll, TcpClientExtensions.MessageLoopAsync: Polling on remoteEndPoint: 127.0.0.1:64760 localEndPoint: 127.0.0.1:64759
TpTrace Verbose: 0 : 6492, 13, 2023/09/09, 00:13:31.426, 7871367819841, vstest.console.dll, TcpClientExtensions.MessageLoopAsync: NotifyDataAvailable remoteEndPoint: 127.0.0.1:64760 localEndPoint: 127.0.0.1:64759
TpTrace Verbose: 0 : 6492, 13, 2023/09/09, 00:13:31.426, 7871367821351, vstest.console.dll, TestRequestSender.OnExecutionMessageReceived: Received message: {"Version":7,"MessageType":"TestExecution.StatsChange","Payload":{"NewTestResults":[],"TestRunStatistics":{"ExecutedTests":0,"Stats":{}},"ActiveTests":[{"Id":"c5abc261-1ffc-5868-c5da-f41bab632cc8","FullyQualifiedName":"CustomerTest.AccountManagerTests.RecordDepositTransaction_ShouldAddTransactionToStatementsList","DisplayName":"CustomerTest.AccountManagerTests.RecordDepositTransaction_ShouldAddTransactionToStatementsList","ExecutorUri":"executor://xunit/VsTestRunner2/netcoreapp","Source":"C:\\Users\\Deca\\Desktop\\week 3 innocent\\week-3-task-Innocent\\BrinelleBankApp\\CustomerTest\\bin\\Debug\\net6.0\\fine-code-coverage\\build-output\\CustomerTest.dll","CodeFilePath":null,"LineNumber":0,"Properties":[]}]}}
TpTrace Verbose: 0 : 6492, 13, 2023/09/09, 00:13:31.439, 7871367947898, vstest.console.dll, TestRunRequest:SendTestRunStatsChange: Starting.
TpTrace Verbose: 0 : 6492, 13, 2023/09/09, 00:13:31.439, 7871367951054, vstest.console.dll, InProgress is CustomerTest.AccountManagerTests.RecordDepositTransaction_ShouldAddTransactionToStatementsList
TpTrace Verbose: 0 : 6492, 13, 2023/09/09, 00:13:31.439, 7871367952997, vstest.console.dll, MulticastDelegateUtilities.SafeInvoke: TestRun.RunStatsChanged: Invoking callbacks was skipped because there are no subscribers.
TpTrace Information: 0 : 6492, 13, 2023/09/09, 00:13:31.439, 7871367953341, vstest.console.dll, TestRunRequest:SendTestRunStatsChange: Completed.
TpTrace Verbose: 0 : 6492, 13, 2023/09/09, 00:13:31.439, 7871367953597, vstest.console.dll, MulticastDelegateUtilities.SafeInvoke: LengthPrefixCommunicationChannel: MessageReceived: Invoking callback 1/1 for Microsoft.VisualStudio.TestPlatform.CommunicationUtilities.TestRequestSender+<>c__DisplayClass34_0., took 13 ms.
TpTrace Verbose: 0 : 6492, 13, 2023/09/09, 00:13:31.439, 7871367953855, vstest.console.dll, TcpClientExtensions.MessageLoopAsync: Polling on remoteEndPoint: 127.0.0.1:64760 localEndPoint: 127.0.0.1:64759
TpTrace Verbose: 0 : 6492, 13, 2023/09/09, 00:13:31.495, 7871368510644, vstest.console.dll, TcpClientExtensions.MessageLoopAsync: NotifyDataAvailable remoteEndPoint: 127.0.0.1:64760 localEndPoint: 127.0.0.1:64759
TpTrace Verbose: 0 : 6492, 13, 2023/09/09, 00:13:31.495, 7871368512349, vstest.console.dll, TestRequestSender.OnExecutionMessageReceived: Received message: {"Version":7,"MessageType":"TestExecution.StatsChange","Payload":{"NewTestResults":[{"TestCase":{"Id":"0128d607-8995-f193-4136-fad6346ed85c","FullyQualifiedName":"CustomerTest.CustomerInfoTest.GetEmail_ReturnsEmail","DisplayName":"CustomerTest.CustomerInfoTest.GetEmail_ReturnsEmail","ExecutorUri":"executor://xunit/VsTestRunner2/netcoreapp","Source":"C:\\Users\\Deca\\Desktop\\week 3 innocent\\week-3-task-Innocent\\BrinelleBankApp\\CustomerTest\\bin\\Debug\\net6.0\\fine-code-coverage\\build-output\\CustomerTest.dll","CodeFilePath":null,"LineNumber":0,"Properties":[]},"Attachments":[],"Outcome":1,"ErrorMessage":null,"ErrorStackTrace":null,"DisplayName":"CustomerTest.CustomerInfoTest.GetEmail_ReturnsEmail","Messages":[],"ComputerName":"DECAGON-INNOCHU","Duration":"00:00:00.0045313","StartTime":"2023-09-08T23:13:31.4543733+00:00","EndTime":"2023-09-08T23:13:31.4543952+00:00","Properties":[]},{"TestCase":{"Id":"c5abc261-1ffc-5868-c5da-f41bab632cc8","FullyQualifiedName":"CustomerTest.AccountManagerTests.RecordDepositTransaction_ShouldAddTransactionToStatementsList","DisplayName":"CustomerTest.AccountManagerTests.RecordDepositTransaction_ShouldAddTransactionToStatementsList","ExecutorUri":"executor://xunit/VsTestRunner2/netcoreapp","Source":"C:\\Users\\Deca\\Desktop\\week 3 innocent\\week-3-task-Innocent\\BrinelleBankApp\\CustomerTest\\bin\\Debug\\net6.0\\fine-code-coverage\\build-output\\CustomerTest.dll","CodeFilePath":null,"LineNumber":0,"Properties":[]},"Attachments":[],"Outcome":1,"ErrorMessage":null,"ErrorStackTrace":null,"DisplayName":"CustomerTest.AccountManagerTests.RecordDepositTransaction_ShouldAddTransactionToStatementsList","Messages":[],"ComputerName":"DECAGON-INNOCHU","Duration":"00:00:00.0047439","StartTime":"2023-09-08T23:13:31.4708082+00:00","EndTime":"2023-09-08T23:13:31.4708083+00:00","Properties":[]},{"TestCase":{"Id":"682debfb-d6b7-d15c-20a2-c8cb2dcb4962","FullyQualifiedName":"CustomerTest.CustomerInfoTest.GetAccountType_ReturnsAccountType","DisplayName":"CustomerTest.CustomerInfoTest.GetAccountType_ReturnsAccountType","ExecutorUri":"executor://xunit/VsTestRunner2/netcoreapp","Source":"C:\\Users\\Deca\\Desktop\\week 3 innocent\\week-3-task-Innocent\\BrinelleBankApp\\CustomerTest\\bin\\Debug\\net6.0\\fine-code-coverage\\build-output\\CustomerTest.dll","CodeFilePath":null,"LineNumber":0,"Properties":[]},"Attachments":[],"Outcome":1,"ErrorMessage":null,"ErrorStackTrace":null,"DisplayName":"CustomerTest.CustomerInfoTest.GetAccountType_ReturnsAccountType","Messages":[],"ComputerName":"DECAGON-INNOCHU","Duration":"00:00:00.0001224","StartTime":"2023-09-08T23:13:31.4750049+00:00","EndTime":"2023-09-08T23:13:31.475005+00:00","Properties":[]},{"TestCase":{"Id":"96d45993-efb9-c6d1-8c44-c58bab20b439","FullyQualifiedName":"CustomerTest.CustomerInfoTest.GetFullName_ReturnsFullName","DisplayName":"CustomerTest.CustomerInfoTest.GetFullName_ReturnsFullName","ExecutorUri":"executor://xunit/VsTestRunner2/netcoreapp","Source":"C:\\Users\\Deca\\Desktop\\week 3 innocent\\week-3-task-Innocent\\BrinelleBankApp\\CustomerTest\\bin\\Debug\\net6.0\\fine-code-coverage\\build-output\\CustomerTest.dll","CodeFilePath":null,"LineNumber":0,"Properties":[]},"Attachments":[],"Outcome":1,"ErrorMessage":null,"ErrorStackTrace":null,"DisplayName":"CustomerTest.CustomerInfoTest.GetFullName_ReturnsFullName","Messages":[],"ComputerName":"DECAGON-INNOCHU","Duration":"00:00:00.0000956","StartTime":"2023-09-08T23:13:31.4769523+00:00","EndTime":"2023-09-08T23:13:31.4769523+00:00","Properties":[]},{"TestCase":{"Id":"1f8921a0-d17c-d04c-68f4-693ca2ee07cc","FullyQualifiedName":"CustomerTest.CustomerInfoTest.GetFirstName_ReturnsFirstName","DisplayName":"CustomerTest.CustomerInfoTest.GetFirstName_ReturnsFirstName","ExecutorUri":"executor://xunit/VsTestRunner2/netcoreapp","Source":"C:\\Users\\Deca\\Desktop\\week 3 innocent\\week-3-task-Innocent\\BrinelleBankApp\\CustomerTest\\bin\\Debug\\net6.0\\fine-code-coverage\\build-output\\CustomerTest.dll","CodeFilePath":null,"LineNumber":0,"Properties":[]},"Attachments":[],"Outcome":1,"ErrorMessage":null,"ErrorStackTrace":null,"DisplayName":"CustomerTest.CustomerInfoTest.GetFirstName_ReturnsFirstName","Messages":[],"ComputerName":"DECAGON-INNOCHU","Duration":"00:00:00.0000891","StartTime":"2023-09-08T23:13:31.4814262+00:00","EndTime":"2023-09-08T23:13:31.4814263+00:00","Properties":[]},{"TestCase":{"Id":"f895cb0f-7fae-da43-8961-a142db218352","FullyQualifiedName":"CustomerTest.AccountManagerTests.UpdateCustomerBalance_ValidAmount_UpdatesBalance","DisplayName":"CustomerTest.AccountManagerTests.UpdateCustomerBalance_ValidAmount_UpdatesBalance","ExecutorUri":"executor://xunit/VsTestRunner2/netcoreapp","Source":"C:\\Users\\Deca\\Desktop\\week 3 innocent\\week-3-task-Innocent\\BrinelleBankApp\\CustomerTest\\bin\\Debug\\net6.0\\fine-code-coverage\\build-output\\CustomerTest.dll","CodeFilePath":null,"LineNumber":0,"Properties":[]},"Attachments":[],"Outcome":1,"ErrorMessage":null,"ErrorStackTrace":null,"DisplayName":"CustomerTest.AccountManagerTests.UpdateCustomerBalance_ValidAmount_UpdatesBalance","Messages":[],"ComputerName":"DECAGON-INNOCHU","Duration":"00:00:00.0024876","StartTime":"2023-09-08T23:13:31.4830404+00:00","EndTime":"2023-09-08T23:13:31.4830404+00:00","Properties":[]},{"TestCase":{"Id":"a6164226-e9c4-3d18-9758-04b67ff5d2b6","FullyQualifiedName":"CustomerTest.CustomerInfoTest.SetBalance_SetsBalance","DisplayName":"CustomerTest.CustomerInfoTest.SetBalance_SetsBalance","ExecutorUri":"executor://xunit/VsTestRunner2/netcoreapp","Source":"C:\\Users\\Deca\\Desktop\\week 3 innocent\\week-3-task-Innocent\\BrinelleBankApp\\CustomerTest\\bin\\Debug\\net6.0\\fine-code-coverage\\build-output\\CustomerTest.dll","CodeFilePath":null,"LineNumber":0,"Properties":[]},"Attachments":[],"Outcome":1,"ErrorMessage":null,"ErrorStackTrace":null,"DisplayName":"CustomerTest.CustomerInfoTest.SetBalance_SetsBalance","Messages":[],"ComputerName":"DECAGON-INNOCHU","Duration":"00:00:00.0021205","StartTime":"2023-09-08T23:13:31.4846004+00:00","EndTime":"2023-09-08T23:13:31.4846005+00:00","Properties":[]},{"TestCase":{"Id":"f8fed598-2b86-9a59-40ae-93d6a3d35fc2","FullyQualifiedName":"CustomerTest.CustomerInfoTest.GetLastName_ReturnsLastName","DisplayName":"CustomerTest.CustomerInfoTest.GetLastName_ReturnsLastName","ExecutorUri":"executor://xunit/VsTestRunner2/netcoreapp","Source":"C:\\Users\\Deca\\Desktop\\week 3 innocent\\week-3-task-Innocent\\BrinelleBankApp\\CustomerTest\\bin\\Debug\\net6.0\\fine-code-coverage\\build-output\\CustomerTest.dll","CodeFilePath":null,"LineNumber":0,"Properties":[]},"Attachments":[],"Outcome":1,"ErrorMessage":null,"ErrorStackTrace":null,"DisplayName":"CustomerTest.CustomerInfoTest.GetLastName_ReturnsLastName","Messages":[],"ComputerName":"DECAGON-INNOCHU","Duration":"00:00:00.0001349","StartTime":"2023-09-08T23:13:31.486213+00:00","EndTime":"2023-09-08T23:13:31.4862131+00:00","Properties":[]}],"TestRunStatistics":{"ExecutedTests":8,"Stats":{"Passed":8}},"ActiveTests":[{"Id":"5be3454f-0ae2-a5fe-8eea-895466193a8d","FullyQualifiedName":"CustomerTest.AccountManagerTests.FindCustomerByAccountNumber_NonExistentCustomer_ReturnsNull","DisplayName":"CustomerTest.AccountManagerTests.FindCustomerByAccountNumber_NonExistentCustomer_ReturnsNull","ExecutorUri":"executor://xunit/VsTestRunner2/netcoreapp","Source":"C:\\Users\\Deca\\Desktop\\week 3 innocent\\week-3-task-Innocent\\BrinelleBankApp\\CustomerTest\\bin\\Debug\\net6.0\\fine-code-coverage\\build-output\\CustomerTest.dll","CodeFilePath":null,"LineNumber":0,"Properties":[]},{"Id":"fa35d9c4-5c8d-d029-4816-991cdac1fe6e","FullyQualifiedName":"CustomerTest.CustomerInfoTest.WithdrawNow_ValidAmount","DisplayName":"CustomerTest.CustomerInfoTest.WithdrawNow_ValidAmount","ExecutorUri":"executor://xunit/VsTestRunner2/netcoreapp","Source":"C:\\Users\\Deca\\Desktop\\week 3 innocent\\week-3-task-Innocent\\BrinelleBankApp\\CustomerTest\\bin\\Debug\\net6.0\\fine-code-coverage\\build-output\\CustomerTest.dll","CodeFilePath":null,"LineNumber":0,"Properties":[]}]}}
TpTrace Verbose: 0 : 6492, 13, 2023/09/09, 00:13:31.502, 7871368582055, vstest.console.dll, TestRunRequest:SendTestRunStatsChange: Starting.
TpTrace Verbose: 0 : 6492, 13, 2023/09/09, 00:13:31.502, 7871368582798, vstest.console.dll, InProgress is CustomerTest.AccountManagerTests.FindCustomerByAccountNumber_NonExistentCustomer_ReturnsNull
TpTrace Verbose: 0 : 6492, 13, 2023/09/09, 00:13:31.502, 7871368583014, vstest.console.dll, InProgress is CustomerTest.CustomerInfoTest.WithdrawNow_ValidAmount
TpTrace Verbose: 0 : 6492, 13, 2023/09/09, 00:13:31.502, 7871368584857, vstest.console.dll, MulticastDelegateUtilities.SafeInvoke: TestRun.RunStatsChanged: Invoking callbacks was skipped because there are no subscribers.
TpTrace Information: 0 : 6492, 13, 2023/09/09, 00:13:31.502, 7871368585134, vstest.console.dll, TestRunRequest:SendTestRunStatsChange: Completed.
TpTrace Verbose: 0 : 6492, 13, 2023/09/09, 00:13:31.502, 7871368585359, vstest.console.dll, MulticastDelegateUtilities.SafeInvoke: LengthPrefixCommunicationChannel: MessageReceived: Invoking callback 1/1 for Microsoft.VisualStudio.TestPlatform.CommunicationUtilities.TestRequestSender+<>c__DisplayClass34_0., took 7 ms.
TpTrace Verbose: 0 : 6492, 13, 2023/09/09, 00:13:31.502, 7871368585598, vstest.console.dll, TcpClientExtensions.MessageLoopAsync: Polling on remoteEndPoint: 127.0.0.1:64760 localEndPoint: 127.0.0.1:64759
TpTrace Verbose: 0 : 6492, 13, 2023/09/09, 00:13:31.504, 7871368599885, vstest.console.dll, TcpClientExtensions.MessageLoopAsync: NotifyDataAvailable remoteEndPoint: 127.0.0.1:64760 localEndPoint: 127.0.0.1:64759
TpTrace Verbose: 0 : 6492, 13, 2023/09/09, 00:13:31.504, 7871368600711, vstest.console.dll, TestRequestSender.OnExecutionMessageReceived: Received message: {"Version":7,"MessageType":"TestSession.Message","Payload":{"MessageLevel":2,"Message":"[xUnit.net 00:00:04.28]     CustomerTest.CustomerInfoTest.WithdrawNow_ValidAmount [FAIL]"}}
TpTrace Verbose: 0 : 6492, 13, 2023/09/09, 00:13:31.504, 7871368601573, vstest.console.dll, TestRunRequest:SendTestRunMessage: Starting.
TpTrace Verbose: 0 : 6492, 13, 2023/09/09, 00:13:31.504, 7871368601979, vstest.console.dll, MulticastDelegateUtilities.SafeInvoke: TestRun.LogMessages: Invoking callback 1/1 for Microsoft.VisualStudio.TestPlatform.CommandLine.TestRunResultAggregator., took 0 ms.
TpTrace Information: 0 : 6492, 13, 2023/09/09, 00:13:31.504, 7871368602197, vstest.console.dll, TestRunRequest:SendTestRunMessage: Completed.
TpTrace Verbose: 0 : 6492, 13, 2023/09/09, 00:13:31.504, 7871368602394, vstest.console.dll, MulticastDelegateUtilities.SafeInvoke: LengthPrefixCommunicationChannel: MessageReceived: Invoking callback 1/1 for Microsoft.VisualStudio.TestPlatform.CommunicationUtilities.TestRequestSender+<>c__DisplayClass34_0., took 0 ms.
TpTrace Verbose: 0 : 6492, 13, 2023/09/09, 00:13:31.504, 7871368602598, vstest.console.dll, TcpClientExtensions.MessageLoopAsync: Polling on remoteEndPoint: 127.0.0.1:64760 localEndPoint: 127.0.0.1:64759
TpTrace Verbose: 0 : 6492, 13, 2023/09/09, 00:13:31.505, 7871368608725, vstest.console.dll, TcpClientExtensions.MessageLoopAsync: NotifyDataAvailable remoteEndPoint: 127.0.0.1:64760 localEndPoint: 127.0.0.1:64759
TpTrace Verbose: 0 : 6492, 13, 2023/09/09, 00:13:31.505, 7871368609457, vstest.console.dll, TestRequestSender.OnExecutionMessageReceived: Received message: {"Version":7,"MessageType":"TestSession.Message","Payload":{"MessageLevel":0,"Message":"[xUnit.net 00:00:04.28]       Assert.Equal() Failure"}}
TpTrace Verbose: 0 : 6492, 13, 2023/09/09, 00:13:31.505, 7871368610154, vstest.console.dll, TestRunRequest:SendTestRunMessage: Starting.
TpTrace Verbose: 0 : 6492, 13, 2023/09/09, 00:13:31.505, 7871368610514, vstest.console.dll, MulticastDelegateUtilities.SafeInvoke: TestRun.LogMessages: Invoking callback 1/1 for Microsoft.VisualStudio.TestPlatform.CommandLine.TestRunResultAggregator., took 0 ms.
TpTrace Information: 0 : 6492, 13, 2023/09/09, 00:13:31.505, 7871368610710, vstest.console.dll, TestRunRequest:SendTestRunMessage: Completed.
TpTrace Verbose: 0 : 6492, 13, 2023/09/09, 00:13:31.505, 7871368610951, vstest.console.dll, MulticastDelegateUtilities.SafeInvoke: LengthPrefixCommunicationChannel: MessageReceived: Invoking callback 1/1 for Microsoft.VisualStudio.TestPlatform.CommunicationUtilities.TestRequestSender+<>c__DisplayClass34_0., took 0 ms.
TpTrace Verbose: 0 : 6492, 13, 2023/09/09, 00:13:31.505, 7871368611147, vstest.console.dll, TcpClientExtensions.MessageLoopAsync: Polling on remoteEndPoint: 127.0.0.1:64760 localEndPoint: 127.0.0.1:64759
TpTrace Verbose: 0 : 6492, 13, 2023/09/09, 00:13:31.505, 7871368611383, vstest.console.dll, TcpClientExtensions.MessageLoopAsync: NotifyDataAvailable remoteEndPoint: 127.0.0.1:64760 localEndPoint: 127.0.0.1:64759
TpTrace Verbose: 0 : 6492, 13, 2023/09/09, 00:13:31.505, 7871368611682, vstest.console.dll, TestRequestSender.OnExecutionMessageReceived: Received message: {"Version":7,"MessageType":"TestSession.Message","Payload":{"MessageLevel":0,"Message":"[xUnit.net 00:00:04.28]       Expected: 500"}}
TpTrace Verbose: 0 : 6492, 13, 2023/09/09, 00:13:31.505, 7871368612105, vstest.console.dll, TestRunRequest:SendTestRunMessage: Starting.
TpTrace Verbose: 0 : 6492, 13, 2023/09/09, 00:13:31.505, 7871368612427, vstest.console.dll, MulticastDelegateUtilities.SafeInvoke: TestRun.LogMessages: Invoking callback 1/1 for Microsoft.VisualStudio.TestPlatform.CommandLine.TestRunResultAggregator., took 0 ms.
TpTrace Information: 0 : 6492, 13, 2023/09/09, 00:13:31.505, 7871368612618, vstest.console.dll, TestRunRequest:SendTestRunMessage: Completed.
TpTrace Verbose: 0 : 6492, 13, 2023/09/09, 00:13:31.505, 7871368612794, vstest.console.dll, MulticastDelegateUtilities.SafeInvoke: LengthPrefixCommunicationChannel: MessageReceived: Invoking callback 1/1 for Microsoft.VisualStudio.TestPlatform.CommunicationUtilities.TestRequestSender+<>c__DisplayClass34_0., took 0 ms.
TpTrace Verbose: 0 : 6492, 13, 2023/09/09, 00:13:31.505, 7871368613034, vstest.console.dll, TcpClientExtensions.MessageLoopAsync: Polling on remoteEndPoint: 127.0.0.1:64760 localEndPoint: 127.0.0.1:64759
TpTrace Verbose: 0 : 6492, 13, 2023/09/09, 00:13:31.505, 7871368613275, vstest.console.dll, TcpClientExtensions.MessageLoopAsync: NotifyDataAvailable remoteEndPoint: 127.0.0.1:64760 localEndPoint: 127.0.0.1:64759
TpTrace Verbose: 0 : 6492, 13, 2023/09/09, 00:13:31.505, 7871368613572, vstest.console.dll, TestRequestSender.OnExecutionMessageReceived: Received message: {"Version":7,"MessageType":"TestSession.Message","Payload":{"MessageLevel":0,"Message":"[xUnit.net 00:00:04.28]       Actual:   1000"}}
TpTrace Verbose: 0 : 6492, 13, 2023/09/09, 00:13:31.505, 7871368613977, vstest.console.dll, TestRunRequest:SendTestRunMessage: Starting.
TpTrace Verbose: 0 : 6492, 13, 2023/09/09, 00:13:31.505, 7871368614426, vstest.console.dll, MulticastDelegateUtilities.SafeInvoke: TestRun.LogMessages: Invoking callback 1/1 for Microsoft.VisualStudio.TestPlatform.CommandLine.TestRunResultAggregator., took 0 ms.
TpTrace Information: 0 : 6492, 13, 2023/09/09, 00:13:31.505, 7871368614643, vstest.console.dll, TestRunRequest:SendTestRunMessage: Completed.
TpTrace Verbose: 0 : 6492, 4, 2023/09/09, 00:13:31.505, 7871368614924, vstest.console.dll, MulticastDelegateUtilities.SafeInvoke: InternalTestLoggerEvents.SendTestResult: Invoking callback 1/1 for Microsoft.VisualStudio.TestPlatform.CommandLine.Internal.ConsoleLogger., took 2 ms.
TpTrace Verbose: 0 : 6492, 13, 2023/09/09, 00:13:31.505, 7871368614992, vstest.console.dll, MulticastDelegateUtilities.SafeInvoke: LengthPrefixCommunicationChannel: MessageReceived: Invoking callback 1/1 for Microsoft.VisualStudio.TestPlatform.CommunicationUtilities.TestRequestSender+<>c__DisplayClass34_0., took 0 ms.
TpTrace Verbose: 0 : 6492, 13, 2023/09/09, 00:13:31.505, 7871368615867, vstest.console.dll, TcpClientExtensions.MessageLoopAsync: Polling on remoteEndPoint: 127.0.0.1:64760 localEndPoint: 127.0.0.1:64759
TpTrace Verbose: 0 : 6492, 13, 2023/09/09, 00:13:31.506, 7871368618148, vstest.console.dll, TcpClientExtensions.MessageLoopAsync: NotifyDataAvailable remoteEndPoint: 127.0.0.1:64760 localEndPoint: 127.0.0.1:64759
TpTrace Verbose: 0 : 6492, 4, 2023/09/09, 00:13:31.506, 7871368618871, vstest.console.dll, MulticastDelegateUtilities.SafeInvoke: InternalTestLoggerEvents.SendTestResult: Invoking callback 1/1 for Microsoft.VisualStudio.TestPlatform.CommandLine.Internal.ConsoleLogger., took 0 ms.
TpTrace Verbose: 0 : 6492, 13, 2023/09/09, 00:13:31.506, 7871368619204, vstest.console.dll, TestRequestSender.OnExecutionMessageReceived: Received message: {"Version":7,"MessageType":"TestSession.Message","Payload":{"MessageLevel":0,"Message":"[xUnit.net 00:00:04.29]       Stack Trace:"}}
TpTrace Verbose: 0 : 6492, 4, 2023/09/09, 00:13:31.506, 7871368619580, vstest.console.dll, MulticastDelegateUtilities.SafeInvoke: InternalTestLoggerEvents.SendTestResult: Invoking callback 1/1 for Microsoft.VisualStudio.TestPlatform.CommandLine.Internal.ConsoleLogger., took 0 ms.
TpTrace Verbose: 0 : 6492, 4, 2023/09/09, 00:13:31.506, 7871368620043, vstest.console.dll, MulticastDelegateUtilities.SafeInvoke: InternalTestLoggerEvents.SendTestResult: Invoking callback 1/1 for Microsoft.VisualStudio.TestPlatform.CommandLine.Internal.ConsoleLogger., took 0 ms.
TpTrace Verbose: 0 : 6492, 13, 2023/09/09, 00:13:31.506, 7871368620319, vstest.console.dll, TestRunRequest:SendTestRunMessage: Starting.
TpTrace Verbose: 0 : 6492, 13, 2023/09/09, 00:13:31.506, 7871368620758, vstest.console.dll, MulticastDelegateUtilities.SafeInvoke: TestRun.LogMessages: Invoking callback 1/1 for Microsoft.VisualStudio.TestPlatform.CommandLine.TestRunResultAggregator., took 0 ms.
TpTrace Verbose: 0 : 6492, 4, 2023/09/09, 00:13:31.506, 7871368620420, vstest.console.dll, MulticastDelegateUtilities.SafeInvoke: InternalTestLoggerEvents.SendTestResult: Invoking callback 1/1 for Microsoft.VisualStudio.TestPlatform.CommandLine.Internal.ConsoleLogger., took 0 ms.
TpTrace Information: 0 : 6492, 13, 2023/09/09, 00:13:31.506, 7871368620966, vstest.console.dll, TestRunRequest:SendTestRunMessage: Completed.
TpTrace Verbose: 0 : 6492, 13, 2023/09/09, 00:13:31.506, 7871368622014, vstest.console.dll, MulticastDelegateUtilities.SafeInvoke: LengthPrefixCommunicationChannel: MessageReceived: Invoking callback 1/1 for Microsoft.VisualStudio.TestPlatform.CommunicationUtilities.TestRequestSender+<>c__DisplayClass34_0., took 0 ms.
TpTrace Verbose: 0 : 6492, 4, 2023/09/09, 00:13:31.506, 7871368621605, vstest.console.dll, MulticastDelegateUtilities.SafeInvoke: InternalTestLoggerEvents.SendTestResult: Invoking callback 1/1 for Microsoft.VisualStudio.TestPlatform.CommandLine.Internal.ConsoleLogger., took 0 ms.
TpTrace Verbose: 0 : 6492, 4, 2023/09/09, 00:13:31.506, 7871368622917, vstest.console.dll, MulticastDelegateUtilities.SafeInvoke: InternalTestLoggerEvents.SendTestResult: Invoking callback 1/1 for Microsoft.VisualStudio.TestPlatform.CommandLine.Internal.ConsoleLogger., took 0 ms.
TpTrace Verbose: 0 : 6492, 13, 2023/09/09, 00:13:31.506, 7871368622317, vstest.console.dll, TcpClientExtensions.MessageLoopAsync: Polling on remoteEndPoint: 127.0.0.1:64760 localEndPoint: 127.0.0.1:64759
TpTrace Verbose: 0 : 6492, 4, 2023/09/09, 00:13:31.506, 7871368623294, vstest.console.dll, MulticastDelegateUtilities.SafeInvoke: InternalTestLoggerEvents.SendTestResult: Invoking callback 1/1 for Microsoft.VisualStudio.TestPlatform.CommandLine.Internal.ConsoleLogger., took 0 ms.
TpTrace Verbose: 0 : 6492, 4, 2023/09/09, 00:13:31.506, 7871368625618, vstest.console.dll, MulticastDelegateUtilities.SafeInvoke: InternalTestLoggerEvents.SendTestRunMessage: Invoking callback 1/1 for Microsoft.VisualStudio.TestPlatform.CommandLine.Internal.ConsoleLogger., took 0 ms.
TpTrace Verbose: 0 : 6492, 4, 2023/09/09, 00:13:31.506, 7871368625981, vstest.console.dll, MulticastDelegateUtilities.SafeInvoke: InternalTestLoggerEvents.SendTestRunMessage: Invoking callback 1/1 for Microsoft.VisualStudio.TestPlatform.CommandLine.Internal.ConsoleLogger., took 0 ms.
TpTrace Verbose: 0 : 6492, 4, 2023/09/09, 00:13:31.506, 7871368626230, vstest.console.dll, MulticastDelegateUtilities.SafeInvoke: InternalTestLoggerEvents.SendTestRunMessage: Invoking callback 1/1 for Microsoft.VisualStudio.TestPlatform.CommandLine.Internal.ConsoleLogger., took 0 ms.
TpTrace Verbose: 0 : 6492, 4, 2023/09/09, 00:13:31.506, 7871368626484, vstest.console.dll, MulticastDelegateUtilities.SafeInvoke: InternalTestLoggerEvents.SendTestRunMessage: Invoking callback 1/1 for Microsoft.VisualStudio.TestPlatform.CommandLine.Internal.ConsoleLogger., took 0 ms.
TpTrace Verbose: 0 : 6492, 4, 2023/09/09, 00:13:31.506, 7871368626708, vstest.console.dll, MulticastDelegateUtilities.SafeInvoke: InternalTestLoggerEvents.SendTestRunMessage: Invoking callback 1/1 for Microsoft.VisualStudio.TestPlatform.CommandLine.Internal.ConsoleLogger., took 0 ms.
TpTrace Verbose: 0 : 6492, 13, 2023/09/09, 00:13:31.508, 7871368640418, vstest.console.dll, TcpClientExtensions.MessageLoopAsync: NotifyDataAvailable remoteEndPoint: 127.0.0.1:64760 localEndPoint: 127.0.0.1:64759
TpTrace Verbose: 0 : 6492, 13, 2023/09/09, 00:13:31.508, 7871368641371, vstest.console.dll, TestRequestSender.OnExecutionMessageReceived: Received message: {"Version":7,"MessageType":"TestSession.Message","Payload":{"MessageLevel":0,"Message":"[xUnit.net 00:00:04.29]         C:\\Users\\Deca\\Desktop\\week 3 innocent\\week-3-task-Innocent\\BrinelleBankApp\\CustomerTest\\CustomerInfoTest.cs(162,0): at CustomerTest.CustomerInfoTest.WithdrawNow_ValidAmount()"}}
TpTrace Verbose: 0 : 6492, 13, 2023/09/09, 00:13:31.508, 7871368642264, vstest.console.dll, TestRunRequest:SendTestRunMessage: Starting.
TpTrace Verbose: 0 : 6492, 13, 2023/09/09, 00:13:31.508, 7871368642682, vstest.console.dll, MulticastDelegateUtilities.SafeInvoke: TestRun.LogMessages: Invoking callback 1/1 for Microsoft.VisualStudio.TestPlatform.CommandLine.TestRunResultAggregator., took 0 ms.
TpTrace Information: 0 : 6492, 13, 2023/09/09, 00:13:31.508, 7871368642882, vstest.console.dll, TestRunRequest:SendTestRunMessage: Completed.
TpTrace Verbose: 0 : 6492, 13, 2023/09/09, 00:13:31.508, 7871368643068, vstest.console.dll, MulticastDelegateUtilities.SafeInvoke: LengthPrefixCommunicationChannel: MessageReceived: Invoking callback 1/1 for Microsoft.VisualStudio.TestPlatform.CommunicationUtilities.TestRequestSender+<>c__DisplayClass34_0., took 0 ms.
TpTrace Verbose: 0 : 6492, 4, 2023/09/09, 00:13:31.508, 7871368643232, vstest.console.dll, MulticastDelegateUtilities.SafeInvoke: InternalTestLoggerEvents.SendTestRunMessage: Invoking callback 1/1 for Microsoft.VisualStudio.TestPlatform.CommandLine.Internal.ConsoleLogger., took 0 ms.
TpTrace Verbose: 0 : 6492, 13, 2023/09/09, 00:13:31.508, 7871368643287, vstest.console.dll, TcpClientExtensions.MessageLoopAsync: Polling on remoteEndPoint: 127.0.0.1:64760 localEndPoint: 127.0.0.1:64759
TpTrace Verbose: 0 : 6492, 13, 2023/09/09, 00:13:31.510, 7871368662550, vstest.console.dll, TcpClientExtensions.MessageLoopAsync: NotifyDataAvailable remoteEndPoint: 127.0.0.1:64760 localEndPoint: 127.0.0.1:64759
TpTrace Verbose: 0 : 6492, 13, 2023/09/09, 00:13:31.510, 7871368663570, vstest.console.dll, TestRequestSender.OnExecutionMessageReceived: Received message: {"Version":7,"MessageType":"TestSession.Message","Payload":{"MessageLevel":2,"Message":"[xUnit.net 00:00:04.29]     CustomerTest.AccountManagerTests.CheckBalance_CustomerExists_ReturnsBalance [FAIL]"}}
TpTrace Verbose: 0 : 6492, 13, 2023/09/09, 00:13:31.510, 7871368664385, vstest.console.dll, TestRunRequest:SendTestRunMessage: Starting.
TpTrace Verbose: 0 : 6492, 13, 2023/09/09, 00:13:31.510, 7871368664814, vstest.console.dll, MulticastDelegateUtilities.SafeInvoke: TestRun.LogMessages: Invoking callback 1/1 for Microsoft.VisualStudio.TestPlatform.CommandLine.TestRunResultAggregator., took 0 ms.
TpTrace Information: 0 : 6492, 13, 2023/09/09, 00:13:31.510, 7871368665053, vstest.console.dll, TestRunRequest:SendTestRunMessage: Completed.
TpTrace Verbose: 0 : 6492, 13, 2023/09/09, 00:13:31.510, 7871368665250, vstest.console.dll, MulticastDelegateUtilities.SafeInvoke: LengthPrefixCommunicationChannel: MessageReceived: Invoking callback 1/1 for Microsoft.VisualStudio.TestPlatform.CommunicationUtilities.TestRequestSender+<>c__DisplayClass34_0., took 0 ms.
TpTrace Verbose: 0 : 6492, 13, 2023/09/09, 00:13:31.510, 7871368666236, vstest.console.dll, TcpClientExtensions.MessageLoopAsync: Polling on remoteEndPoint: 127.0.0.1:64760 localEndPoint: 127.0.0.1:64759
TpTrace Verbose: 0 : 6492, 4, 2023/09/09, 00:13:31.510, 7871368665757, vstest.console.dll, MulticastDelegateUtilities.SafeInvoke: InternalTestLoggerEvents.SendTestRunMessage: Invoking callback 1/1 for Microsoft.VisualStudio.TestPlatform.CommandLine.Internal.ConsoleLogger., took 0 ms.
TpTrace Verbose: 0 : 6492, 13, 2023/09/09, 00:13:31.510, 7871368666605, vstest.console.dll, TcpClientExtensions.MessageLoopAsync: NotifyDataAvailable remoteEndPoint: 127.0.0.1:64760 localEndPoint: 127.0.0.1:64759
TpTrace Verbose: 0 : 6492, 13, 2023/09/09, 00:13:31.511, 7871368667971, vstest.console.dll, TestRequestSender.OnExecutionMessageReceived: Received message: {"Version":7,"MessageType":"TestSession.Message","Payload":{"MessageLevel":0,"Message":"[xUnit.net 00:00:04.29]       Assert.Equal() Failure"}}
TpTrace Verbose: 0 : 6492, 13, 2023/09/09, 00:13:31.511, 7871368668732, vstest.console.dll, TestRunRequest:SendTestRunMessage: Starting.
TpTrace Verbose: 0 : 6492, 13, 2023/09/09, 00:13:31.511, 7871368669663, vstest.console.dll, MulticastDelegateUtilities.SafeInvoke: TestRun.LogMessages: Invoking callback 1/1 for Microsoft.VisualStudio.TestPlatform.CommandLine.TestRunResultAggregator., took 0 ms.
TpTrace Information: 0 : 6492, 13, 2023/09/09, 00:13:31.511, 7871368669901, vstest.console.dll, TestRunRequest:SendTestRunMessage: Completed.
TpTrace Verbose: 0 : 6492, 4, 2023/09/09, 00:13:31.511, 7871368670089, vstest.console.dll, MulticastDelegateUtilities.SafeInvoke: InternalTestLoggerEvents.SendTestRunMessage: Invoking callback 1/1 for Microsoft.VisualStudio.TestPlatform.CommandLine.Internal.ConsoleLogger., took 0 ms.
TpTrace Verbose: 0 : 6492, 13, 2023/09/09, 00:13:31.511, 7871368670244, vstest.console.dll, MulticastDelegateUtilities.SafeInvoke: LengthPrefixCommunicationChannel: MessageReceived: Invoking callback 1/1 for Microsoft.VisualStudio.TestPlatform.CommunicationUtilities.TestRequestSender+<>c__DisplayClass34_0., took 0 ms.
TpTrace Verbose: 0 : 6492, 13, 2023/09/09, 00:13:31.511, 7871368671285, vstest.console.dll, TcpClientExtensions.MessageLoopAsync: Polling on remoteEndPoint: 127.0.0.1:64760 localEndPoint: 127.0.0.1:64759
TpTrace Verbose: 0 : 6492, 13, 2023/09/09, 00:13:31.511, 7871368671599, vstest.console.dll, TcpClientExtensions.MessageLoopAsync: NotifyDataAvailable remoteEndPoint: 127.0.0.1:64760 localEndPoint: 127.0.0.1:64759
TpTrace Verbose: 0 : 6492, 13, 2023/09/09, 00:13:31.511, 7871368671986, vstest.console.dll, TestRequestSender.OnExecutionMessageReceived: Received message: {"Version":7,"MessageType":"TestSession.Message","Payload":{"MessageLevel":0,"Message":"[xUnit.net 00:00:04.29]       Expected: 1000"}}
TpTrace Verbose: 0 : 6492, 13, 2023/09/09, 00:13:31.511, 7871368672533, vstest.console.dll, TestRunRequest:SendTestRunMessage: Starting.
TpTrace Verbose: 0 : 6492, 13, 2023/09/09, 00:13:31.511, 7871368672865, vstest.console.dll, MulticastDelegateUtilities.SafeInvoke: TestRun.LogMessages: Invoking callback 1/1 for Microsoft.VisualStudio.TestPlatform.CommandLine.TestRunResultAggregator., took 0 ms.
TpTrace Information: 0 : 6492, 13, 2023/09/09, 00:13:31.511, 7871368673075, vstest.console.dll, TestRunRequest:SendTestRunMessage: Completed.
TpTrace Verbose: 0 : 6492, 13, 2023/09/09, 00:13:31.511, 7871368673259, vstest.console.dll, MulticastDelegateUtilities.SafeInvoke: LengthPrefixCommunicationChannel: MessageReceived: Invoking callback 1/1 for Microsoft.VisualStudio.TestPlatform.CommunicationUtilities.TestRequestSender+<>c__DisplayClass34_0., took 0 ms.
TpTrace Verbose: 0 : 6492, 4, 2023/09/09, 00:13:31.511, 7871368673358, vstest.console.dll, MulticastDelegateUtilities.SafeInvoke: InternalTestLoggerEvents.SendTestRunMessage: Invoking callback 1/1 for Microsoft.VisualStudio.TestPlatform.CommandLine.Internal.ConsoleLogger., took 0 ms.
TpTrace Verbose: 0 : 6492, 13, 2023/09/09, 00:13:31.511, 7871368673450, vstest.console.dll, TcpClientExtensions.MessageLoopAsync: Polling on remoteEndPoint: 127.0.0.1:64760 localEndPoint: 127.0.0.1:64759
TpTrace Verbose: 0 : 6492, 13, 2023/09/09, 00:13:31.511, 7871368674047, vstest.console.dll, TcpClientExtensions.MessageLoopAsync: NotifyDataAvailable remoteEndPoint: 127.0.0.1:64760 localEndPoint: 127.0.0.1:64759
TpTrace Verbose: 0 : 6492, 13, 2023/09/09, 00:13:31.511, 7871368674390, vstest.console.dll, TestRequestSender.OnExecutionMessageReceived: Received message: {"Version":7,"MessageType":"TestSession.Message","Payload":{"MessageLevel":0,"Message":"[xUnit.net 00:00:04.29]       Actual:   0"}}
TpTrace Verbose: 0 : 6492, 13, 2023/09/09, 00:13:31.511, 7871368674827, vstest.console.dll, TestRunRequest:SendTestRunMessage: Starting.
TpTrace Verbose: 0 : 6492, 13, 2023/09/09, 00:13:31.511, 7871368675180, vstest.console.dll, MulticastDelegateUtilities.SafeInvoke: TestRun.LogMessages: Invoking callback 1/1 for Microsoft.VisualStudio.TestPlatform.CommandLine.TestRunResultAggregator., took 0 ms.
TpTrace Information: 0 : 6492, 13, 2023/09/09, 00:13:31.511, 7871368675386, vstest.console.dll, TestRunRequest:SendTestRunMessage: Completed.
TpTrace Verbose: 0 : 6492, 13, 2023/09/09, 00:13:31.511, 7871368675566, vstest.console.dll, MulticastDelegateUtilities.SafeInvoke: LengthPrefixCommunicationChannel: MessageReceived: Invoking callback 1/1 for Microsoft.VisualStudio.TestPlatform.CommunicationUtilities.TestRequestSender+<>c__DisplayClass34_0., took 0 ms.
TpTrace Verbose: 0 : 6492, 4, 2023/09/09, 00:13:31.511, 7871368675672, vstest.console.dll, MulticastDelegateUtilities.SafeInvoke: InternalTestLoggerEvents.SendTestRunMessage: Invoking callback 1/1 for Microsoft.VisualStudio.TestPlatform.CommandLine.Internal.ConsoleLogger., took 0 ms.
TpTrace Verbose: 0 : 6492, 13, 2023/09/09, 00:13:31.511, 7871368675754, vstest.console.dll, TcpClientExtensions.MessageLoopAsync: Polling on remoteEndPoint: 127.0.0.1:64760 localEndPoint: 127.0.0.1:64759
TpTrace Verbose: 0 : 6492, 13, 2023/09/09, 00:13:31.512, 7871368677316, vstest.console.dll, TcpClientExtensions.MessageLoopAsync: NotifyDataAvailable remoteEndPoint: 127.0.0.1:64760 localEndPoint: 127.0.0.1:64759
TpTrace Verbose: 0 : 6492, 13, 2023/09/09, 00:13:31.512, 7871368677801, vstest.console.dll, TestRequestSender.OnExecutionMessageReceived: Received message: {"Version":7,"MessageType":"TestSession.Message","Payload":{"MessageLevel":0,"Message":"[xUnit.net 00:00:04.29]       Stack Trace:"}}
TpTrace Verbose: 0 : 6492, 13, 2023/09/09, 00:13:31.512, 7871368678361, vstest.console.dll, TestRunRequest:SendTestRunMessage: Starting.
TpTrace Verbose: 0 : 6492, 13, 2023/09/09, 00:13:31.512, 7871368678700, vstest.console.dll, MulticastDelegateUtilities.SafeInvoke: TestRun.LogMessages: Invoking callback 1/1 for Microsoft.VisualStudio.TestPlatform.CommandLine.TestRunResultAggregator., took 0 ms.
TpTrace Information: 0 : 6492, 13, 2023/09/09, 00:13:31.512, 7871368678911, vstest.console.dll, TestRunRequest:SendTestRunMessage: Completed.
TpTrace Verbose: 0 : 6492, 13, 2023/09/09, 00:13:31.512, 7871368679151, vstest.console.dll, MulticastDelegateUtilities.SafeInvoke: LengthPrefixCommunicationChannel: MessageReceived: Invoking callback 1/1 for Microsoft.VisualStudio.TestPlatform.CommunicationUtilities.TestRequestSender+<>c__DisplayClass34_0., took 0 ms.
TpTrace Verbose: 0 : 6492, 4, 2023/09/09, 00:13:31.512, 7871368679175, vstest.console.dll, MulticastDelegateUtilities.SafeInvoke: InternalTestLoggerEvents.SendTestRunMessage: Invoking callback 1/1 for Microsoft.VisualStudio.TestPlatform.CommandLine.Internal.ConsoleLogger., took 0 ms.
TpTrace Verbose: 0 : 6492, 13, 2023/09/09, 00:13:31.512, 7871368679369, vstest.console.dll, TcpClientExtensions.MessageLoopAsync: Polling on remoteEndPoint: 127.0.0.1:64760 localEndPoint: 127.0.0.1:64759
TpTrace Verbose: 0 : 6492, 13, 2023/09/09, 00:13:31.512, 7871368680432, vstest.console.dll, TcpClientExtensions.MessageLoopAsync: NotifyDataAvailable remoteEndPoint: 127.0.0.1:64760 localEndPoint: 127.0.0.1:64759
TpTrace Verbose: 0 : 6492, 13, 2023/09/09, 00:13:31.512, 7871368680859, vstest.console.dll, TestRequestSender.OnExecutionMessageReceived: Received message: {"Version":7,"MessageType":"TestSession.Message","Payload":{"MessageLevel":0,"Message":"[xUnit.net 00:00:04.29]         C:\\Users\\Deca\\Desktop\\week 3 innocent\\week-3-task-Innocent\\BrinelleBankApp\\CustomerTest\\CustomerInfoTest.cs(273,0): at CustomerTest.AccountManagerTests.CheckBalance_CustomerExists_ReturnsBalance()"}}
TpTrace Verbose: 0 : 6492, 13, 2023/09/09, 00:13:31.512, 7871368681380, vstest.console.dll, TestRunRequest:SendTestRunMessage: Starting.
TpTrace Verbose: 0 : 6492, 13, 2023/09/09, 00:13:31.512, 7871368681713, vstest.console.dll, MulticastDelegateUtilities.SafeInvoke: TestRun.LogMessages: Invoking callback 1/1 for Microsoft.VisualStudio.TestPlatform.CommandLine.TestRunResultAggregator., took 0 ms.
TpTrace Information: 0 : 6492, 13, 2023/09/09, 00:13:31.512, 7871368681911, vstest.console.dll, TestRunRequest:SendTestRunMessage: Completed.
TpTrace Verbose: 0 : 6492, 13, 2023/09/09, 00:13:31.512, 7871368682094, vstest.console.dll, MulticastDelegateUtilities.SafeInvoke: LengthPrefixCommunicationChannel: MessageReceived: Invoking callback 1/1 for Microsoft.VisualStudio.TestPlatform.CommunicationUtilities.TestRequestSender+<>c__DisplayClass34_0., took 0 ms.
TpTrace Verbose: 0 : 6492, 4, 2023/09/09, 00:13:31.512, 7871368682177, vstest.console.dll, MulticastDelegateUtilities.SafeInvoke: InternalTestLoggerEvents.SendTestRunMessage: Invoking callback 1/1 for Microsoft.VisualStudio.TestPlatform.CommandLine.Internal.ConsoleLogger., took 0 ms.
TpTrace Verbose: 0 : 6492, 13, 2023/09/09, 00:13:31.512, 7871368682283, vstest.console.dll, TcpClientExtensions.MessageLoopAsync: Polling on remoteEndPoint: 127.0.0.1:64760 localEndPoint: 127.0.0.1:64759
TpTrace Verbose: 0 : 6492, 13, 2023/09/09, 00:13:31.521, 7871368774578, vstest.console.dll, TcpClientExtensions.MessageLoopAsync: NotifyDataAvailable remoteEndPoint: 127.0.0.1:64760 localEndPoint: 127.0.0.1:64759
TpTrace Verbose: 0 : 6492, 13, 2023/09/09, 00:13:31.521, 7871368776145, vstest.console.dll, TestRequestSender.OnExecutionMessageReceived: Received message: {"Version":7,"MessageType":"TestExecution.StatsChange","Payload":{"NewTestResults":[{"TestCase":{"Id":"5be3454f-0ae2-a5fe-8eea-895466193a8d","FullyQualifiedName":"CustomerTest.AccountManagerTests.FindCustomerByAccountNumber_NonExistentCustomer_ReturnsNull","DisplayName":"CustomerTest.AccountManagerTests.FindCustomerByAccountNumber_NonExistentCustomer_ReturnsNull","ExecutorUri":"executor://xunit/VsTestRunner2/netcoreapp","Source":"C:\\Users\\Deca\\Desktop\\week 3 innocent\\week-3-task-Innocent\\BrinelleBankApp\\CustomerTest\\bin\\Debug\\net6.0\\fine-code-coverage\\build-output\\CustomerTest.dll","CodeFilePath":null,"LineNumber":0,"Properties":[]},"Attachments":[],"Outcome":1,"ErrorMessage":null,"ErrorStackTrace":null,"DisplayName":"CustomerTest.AccountManagerTests.FindCustomerByAccountNumber_NonExistentCustomer_ReturnsNull","Messages":[],"ComputerName":"DECAGON-INNOCHU","Duration":"00:00:00.0004061","StartTime":"2023-09-08T23:13:31.4962804+00:00","EndTime":"2023-09-08T23:13:31.4962805+00:00","Properties":[]},{"TestCase":{"Id":"4a9bad2a-291e-db69-749b-0f811fb32c2e","FullyQualifiedName":"CustomerTest.AccountManagerTests.CheckBalance_CustomerNotExists_ReturnsDefault","DisplayName":"CustomerTest.AccountManagerTests.CheckBalance_CustomerNotExists_ReturnsDefault","ExecutorUri":"executor://xunit/VsTestRunner2/netcoreapp","Source":"C:\\Users\\Deca\\Desktop\\week 3 innocent\\week-3-task-Innocent\\BrinelleBankApp\\CustomerTest\\bin\\Debug\\net6.0\\fine-code-coverage\\build-output\\CustomerTest.dll","CodeFilePath":null,"LineNumber":0,"Properties":[]},"Attachments":[],"Outcome":1,"ErrorMessage":null,"ErrorStackTrace":null,"DisplayName":"CustomerTest.AccountManagerTests.CheckBalance_CustomerNotExists_ReturnsDefault","Messages":[],"ComputerName":"DECAGON-INNOCHU","Duration":"00:00:00.0003546","StartTime":"2023-09-08T23:13:31.4981222+00:00","EndTime":"2023-09-08T23:13:31.4981222+00:00","Properties":[]},{"TestCase":{"Id":"fa35d9c4-5c8d-d029-4816-991cdac1fe6e","FullyQualifiedName":"CustomerTest.CustomerInfoTest.WithdrawNow_ValidAmount","DisplayName":"CustomerTest.CustomerInfoTest.WithdrawNow_ValidAmount","ExecutorUri":"executor://xunit/VsTestRunner2/netcoreapp","Source":"C:\\Users\\Deca\\Desktop\\week 3 innocent\\week-3-task-Innocent\\BrinelleBankApp\\CustomerTest\\bin\\Debug\\net6.0\\fine-code-coverage\\build-output\\CustomerTest.dll","CodeFilePath":null,"LineNumber":0,"Properties":[]},"Attachments":[],"Outcome":2,"ErrorMessage":"Assert.Equal() Failure\r\nExpected: 500\r\nActual:   1000","ErrorStackTrace":"   at CustomerTest.CustomerInfoTest.WithdrawNow_ValidAmount() in C:\\Users\\Deca\\Desktop\\week 3 innocent\\week-3-task-Innocent\\BrinelleBankApp\\CustomerTest\\CustomerInfoTest.cs:line 162","DisplayName":"CustomerTest.CustomerInfoTest.WithdrawNow_ValidAmount","Messages":[],"ComputerName":"DECAGON-INNOCHU","Duration":"00:00:00.0032881","StartTime":"2023-09-08T23:13:31.5090528+00:00","EndTime":"2023-09-08T23:13:31.509053+00:00","Properties":[]},{"TestCase":{"Id":"c724f523-8584-c58e-47e5-4a9eb7be313d","FullyQualifiedName":"CustomerTest.AccountManagerTests.CheckBalance_CustomerExists_ReturnsBalance","DisplayName":"CustomerTest.AccountManagerTests.CheckBalance_CustomerExists_ReturnsBalance","ExecutorUri":"executor://xunit/VsTestRunner2/netcoreapp","Source":"C:\\Users\\Deca\\Desktop\\week 3 innocent\\week-3-task-Innocent\\BrinelleBankApp\\CustomerTest\\bin\\Debug\\net6.0\\fine-code-coverage\\build-output\\CustomerTest.dll","CodeFilePath":null,"LineNumber":0,"Properties":[]},"Attachments":[],"Outcome":2,"ErrorMessage":"Assert.Equal() Failure\r\nExpected: 1000\r\nActual:   0","ErrorStackTrace":"   at CustomerTest.AccountManagerTests.CheckBalance_CustomerExists_ReturnsBalance() in C:\\Users\\Deca\\Desktop\\week 3 innocent\\week-3-task-Innocent\\BrinelleBankApp\\CustomerTest\\CustomerInfoTest.cs:line 273","DisplayName":"CustomerTest.AccountManagerTests.CheckBalance_CustomerExists_ReturnsBalance","Messages":[],"ComputerName":"DECAGON-INNOCHU","Duration":"00:00:00.0026510","StartTime":"2023-09-08T23:13:31.5112687+00:00","EndTime":"2023-09-08T23:13:31.5112688+00:00","Properties":[]},{"TestCase":{"Id":"8930ef7e-1b9f-d030-e253-aeb854933436","FullyQualifiedName":"CustomerTest.CustomerInfoTest.GetPassword_ReturnsPassword","DisplayName":"CustomerTest.CustomerInfoTest.GetPassword_ReturnsPassword","ExecutorUri":"executor://xunit/VsTestRunner2/netcoreapp","Source":"C:\\Users\\Deca\\Desktop\\week 3 innocent\\week-3-task-Innocent\\BrinelleBankApp\\CustomerTest\\bin\\Debug\\net6.0\\fine-code-coverage\\build-output\\CustomerTest.dll","CodeFilePath":null,"LineNumber":0,"Properties":[]},"Attachments":[],"Outcome":1,"ErrorMessage":null,"ErrorStackTrace":null,"DisplayName":"CustomerTest.CustomerInfoTest.GetPassword_ReturnsPassword","Messages":[],"ComputerName":"DECAGON-INNOCHU","Duration":"00:00:00.0002224","StartTime":"2023-09-08T23:13:31.5132298+00:00","EndTime":"2023-09-08T23:13:31.5132299+00:00","Properties":[]},{"TestCase":{"Id":"3a1315bf-f3b1-c401-a008-cfc9343be698","FullyQualifiedName":"CustomerTest.CustomerInfoTest.IsDepositValid_InvalidAmount_ReturnsFalse","DisplayName":"CustomerTest.CustomerInfoTest.IsDepositValid_InvalidAmount_ReturnsFalse","ExecutorUri":"executor://xunit/VsTestRunner2/netcoreapp","Source":"C:\\Users\\Deca\\Desktop\\week 3 innocent\\week-3-task-Innocent\\BrinelleBankApp\\CustomerTest\\bin\\Debug\\net6.0\\fine-code-coverage\\build-output\\CustomerTest.dll","CodeFilePath":null,"LineNumber":0,"Properties":[]},"Attachments":[],"Outcome":1,"ErrorMessage":null,"ErrorStackTrace":null,"DisplayName":"CustomerTest.CustomerInfoTest.IsDepositValid_InvalidAmount_ReturnsFalse","Messages":[],"ComputerName":"DECAGON-INNOCHU","Duration":"00:00:00.0002301","StartTime":"2023-09-08T23:13:31.5148803+00:00","EndTime":"2023-09-08T23:13:31.5148803+00:00","Properties":[]},{"TestCase":{"Id":"91e9ba6a-5a31-c95b-f2d1-81dedfc2bac9","FullyQualifiedName":"CustomerTest.CustomerInfoTest.SetsBalance","DisplayName":"CustomerTest.CustomerInfoTest.SetsBalance","ExecutorUri":"executor://xunit/VsTestRunner2/netcoreapp","Source":"C:\\Users\\Deca\\Desktop\\week 3 innocent\\week-3-task-Innocent\\BrinelleBankApp\\CustomerTest\\bin\\Debug\\net6.0\\fine-code-coverage\\build-output\\CustomerTest.dll","CodeFilePath":null,"LineNumber":0,"Properties":[]},"Attachments":[],"Outcome":1,"ErrorMessage":null,"ErrorStackTrace":null,"DisplayName":"CustomerTest.CustomerInfoTest.SetsBalance","Messages":[],"ComputerName":"DECAGON-INNOCHU","Duration":"00:00:00.0001232","StartTime":"2023-09-08T23:13:31.5163626+00:00","EndTime":"2023-09-08T23:13:31.5163627+00:00","Properties":[]},{"TestCase":{"Id":"243b9b29-2806-045b-99d2-16071ffa72a0","FullyQualifiedName":"CustomerTest.CustomerInfoTest.GetBvn_ReturnsBvn","DisplayName":"CustomerTest.CustomerInfoTest.GetBvn_ReturnsBvn","ExecutorUri":"executor://xunit/VsTestRunner2/netcoreapp","Source":"C:\\Users\\Deca\\Desktop\\week 3 innocent\\week-3-task-Innocent\\BrinelleBankApp\\CustomerTest\\bin\\Debug\\net6.0\\fine-code-coverage\\build-output\\CustomerTest.dll","CodeFilePath":null,"LineNumber":0,"Properties":[]},"Attachments":[],"Outcome":1,"ErrorMessage":null,"ErrorStackTrace":null,"DisplayName":"CustomerTest.CustomerInfoTest.GetBvn_ReturnsBvn","Messages":[],"ComputerName":"DECAGON-INNOCHU","Duration":"00:00:00.0001841","StartTime":"2023-09-08T23:13:31.5178924+00:00","EndTime":"2023-09-08T23:13:31.5178924+00:00","Properties":[]},{"TestCase":{"Id":"53b84ddb-49a4-2a1b-298e-4c500c4011eb","FullyQualifiedName":"CustomerTest.CustomerInfoTest.IsDepositValid_ValidAmount_ReturnsTrue","DisplayName":"CustomerTest.CustomerInfoTest.IsDepositValid_ValidAmount_ReturnsTrue","ExecutorUri":"executor://xunit/VsTestRunner2/netcoreapp","Source":"C:\\Users\\Deca\\Desktop\\week 3 innocent\\week-3-task-Innocent\\BrinelleBankApp\\CustomerTest\\bin\\Debug\\net6.0\\fine-code-coverage\\build-output\\CustomerTest.dll","CodeFilePath":null,"LineNumber":0,"Properties":[]},"Attachments":[],"Outcome":1,"ErrorMessage":null,"ErrorStackTrace":null,"DisplayName":"CustomerTest.CustomerInfoTest.IsDepositValid_ValidAmount_ReturnsTrue","Messages":[],"ComputerName":"DECAGON-INNOCHU","Duration":"00:00:00.0001629","StartTime":"2023-09-08T23:13:31.5193647+00:00","EndTime":"2023-09-08T23:13:31.5193648+00:00","Properties":[]}],"TestRunStatistics":{"ExecutedTests":17,"Stats":{"Passed":15,"Failed":2}},"ActiveTests":[{"Id":"210fd57c-986a-0c1c-21b4-662cfaceda5b","FullyQualifiedName":"CustomerTest.CustomerInfoTest.GetPhoneNumber_ReturnsPhoneNumber","DisplayName":"CustomerTest.CustomerInfoTest.GetPhoneNumber_ReturnsPhoneNumber","ExecutorUri":"executor://xunit/VsTestRunner2/netcoreapp","Source":"C:\\Users\\Deca\\Desktop\\week 3 innocent\\week-3-task-Innocent\\BrinelleBankApp\\CustomerTest\\bin\\Debug\\net6.0\\fine-code-coverage\\build-output\\CustomerTest.dll","CodeFilePath":null,"LineNumber":0,"Properties":[]}]}}
TpTrace Verbose: 0 : 6492, 13, 2023/09/09, 00:13:31.522, 7871368785479, vstest.console.dll, TestRunRequest:SendTestRunStatsChange: Starting.
TpTrace Verbose: 0 : 6492, 13, 2023/09/09, 00:13:31.522, 7871368786080, vstest.console.dll, InProgress is CustomerTest.CustomerInfoTest.GetPhoneNumber_ReturnsPhoneNumber
TpTrace Verbose: 0 : 6492, 13, 2023/09/09, 00:13:31.522, 7871368786665, vstest.console.dll, MulticastDelegateUtilities.SafeInvoke: TestRun.RunStatsChanged: Invoking callbacks was skipped because there are no subscribers.
TpTrace Information: 0 : 6492, 13, 2023/09/09, 00:13:31.522, 7871368786953, vstest.console.dll, TestRunRequest:SendTestRunStatsChange: Completed.
TpTrace Verbose: 0 : 6492, 13, 2023/09/09, 00:13:31.523, 7871368787245, vstest.console.dll, MulticastDelegateUtilities.SafeInvoke: LengthPrefixCommunicationChannel: MessageReceived: Invoking callback 1/1 for Microsoft.VisualStudio.TestPlatform.CommunicationUtilities.TestRequestSender+<>c__DisplayClass34_0., took 1 ms.
TpTrace Verbose: 0 : 6492, 13, 2023/09/09, 00:13:31.523, 7871368787994, vstest.console.dll, TcpClientExtensions.MessageLoopAsync: Polling on remoteEndPoint: 127.0.0.1:64760 localEndPoint: 127.0.0.1:64759
TpTrace Verbose: 0 : 6492, 4, 2023/09/09, 00:13:31.523, 7871368788632, vstest.console.dll, MulticastDelegateUtilities.SafeInvoke: InternalTestLoggerEvents.SendTestResult: Invoking callback 1/1 for Microsoft.VisualStudio.TestPlatform.CommandLine.Internal.ConsoleLogger., took 0 ms.
TpTrace Verbose: 0 : 6492, 4, 2023/09/09, 00:13:31.523, 7871368789434, vstest.console.dll, MulticastDelegateUtilities.SafeInvoke: InternalTestLoggerEvents.SendTestResult: Invoking callback 1/1 for Microsoft.VisualStudio.TestPlatform.CommandLine.Internal.ConsoleLogger., took 0 ms.
TpTrace Verbose: 0 : 6492, 4, 2023/09/09, 00:13:31.523, 7871368796918, vstest.console.dll, MulticastDelegateUtilities.SafeInvoke: InternalTestLoggerEvents.SendTestResult: Invoking callback 1/1 for Microsoft.VisualStudio.TestPlatform.CommandLine.Internal.ConsoleLogger., took 0 ms.
TpTrace Verbose: 0 : 6492, 4, 2023/09/09, 00:13:31.524, 7871368799280, vstest.console.dll, MulticastDelegateUtilities.SafeInvoke: InternalTestLoggerEvents.SendTestResult: Invoking callback 1/1 for Microsoft.VisualStudio.TestPlatform.CommandLine.Internal.ConsoleLogger., took 0 ms.
TpTrace Verbose: 0 : 6492, 4, 2023/09/09, 00:13:31.524, 7871368800078, vstest.console.dll, MulticastDelegateUtilities.SafeInvoke: InternalTestLoggerEvents.SendTestResult: Invoking callback 1/1 for Microsoft.VisualStudio.TestPlatform.CommandLine.Internal.ConsoleLogger., took 0 ms.
TpTrace Verbose: 0 : 6492, 4, 2023/09/09, 00:13:31.524, 7871368800568, vstest.console.dll, MulticastDelegateUtilities.SafeInvoke: InternalTestLoggerEvents.SendTestResult: Invoking callback 1/1 for Microsoft.VisualStudio.TestPlatform.CommandLine.Internal.ConsoleLogger., took 0 ms.
TpTrace Verbose: 0 : 6492, 4, 2023/09/09, 00:13:31.524, 7871368801015, vstest.console.dll, MulticastDelegateUtilities.SafeInvoke: InternalTestLoggerEvents.SendTestResult: Invoking callback 1/1 for Microsoft.VisualStudio.TestPlatform.CommandLine.Internal.ConsoleLogger., took 0 ms.
TpTrace Verbose: 0 : 6492, 4, 2023/09/09, 00:13:31.524, 7871368801764, vstest.console.dll, MulticastDelegateUtilities.SafeInvoke: InternalTestLoggerEvents.SendTestResult: Invoking callback 1/1 for Microsoft.VisualStudio.TestPlatform.CommandLine.Internal.ConsoleLogger., took 0 ms.
TpTrace Verbose: 0 : 6492, 4, 2023/09/09, 00:13:31.524, 7871368802073, vstest.console.dll, MulticastDelegateUtilities.SafeInvoke: InternalTestLoggerEvents.SendTestResult: Invoking callback 1/1 for Microsoft.VisualStudio.TestPlatform.CommandLine.Internal.ConsoleLogger., took 0 ms.
TpTrace Verbose: 0 : 6492, 13, 2023/09/09, 00:13:31.525, 7871368809924, vstest.console.dll, TcpClientExtensions.MessageLoopAsync: NotifyDataAvailable remoteEndPoint: 127.0.0.1:64760 localEndPoint: 127.0.0.1:64759
TpTrace Verbose: 0 : 6492, 13, 2023/09/09, 00:13:31.525, 7871368810851, vstest.console.dll, TestRequestSender.OnExecutionMessageReceived: Received message: {"Version":7,"MessageType":"TestSession.Message","Payload":{"MessageLevel":0,"Message":"[xUnit.net 00:00:04.30]   Finished:    CustomerTest"}}
TpTrace Verbose: 0 : 6492, 13, 2023/09/09, 00:13:31.525, 7871368811780, vstest.console.dll, TestRunRequest:SendTestRunMessage: Starting.
TpTrace Verbose: 0 : 6492, 13, 2023/09/09, 00:13:31.525, 7871368812191, vstest.console.dll, MulticastDelegateUtilities.SafeInvoke: TestRun.LogMessages: Invoking callback 1/1 for Microsoft.VisualStudio.TestPlatform.CommandLine.TestRunResultAggregator., took 0 ms.
TpTrace Information: 0 : 6492, 13, 2023/09/09, 00:13:31.525, 7871368812392, vstest.console.dll, TestRunRequest:SendTestRunMessage: Completed.
TpTrace Verbose: 0 : 6492, 13, 2023/09/09, 00:13:31.525, 7871368812575, vstest.console.dll, MulticastDelegateUtilities.SafeInvoke: LengthPrefixCommunicationChannel: MessageReceived: Invoking callback 1/1 for Microsoft.VisualStudio.TestPlatform.CommunicationUtilities.TestRequestSender+<>c__DisplayClass34_0., took 0 ms.
TpTrace Verbose: 0 : 6492, 13, 2023/09/09, 00:13:31.531, 7871368872799, vstest.console.dll, TcpClientExtensions.MessageLoopAsync: Polling on remoteEndPoint: 127.0.0.1:64760 localEndPoint: 127.0.0.1:64759
TpTrace Verbose: 0 : 6492, 4, 2023/09/09, 00:13:31.531, 7871368872378, vstest.console.dll, MulticastDelegateUtilities.SafeInvoke: InternalTestLoggerEvents.SendTestRunMessage: Invoking callback 1/1 for Microsoft.VisualStudio.TestPlatform.CommandLine.Internal.ConsoleLogger., took 0 ms.
TpTrace Verbose: 0 : 6492, 13, 2023/09/09, 00:13:31.541, 7871368969160, vstest.console.dll, TcpClientExtensions.MessageLoopAsync: NotifyDataAvailable remoteEndPoint: 127.0.0.1:64760 localEndPoint: 127.0.0.1:64759
TpTrace Verbose: 0 : 6492, 13, 2023/09/09, 00:13:31.541, 7871368970400, vstest.console.dll, TestRequestSender.OnExecutionMessageReceived: Received message: {"Version":7,"MessageType":"TestExecution.Completed","Payload":{"TestRunCompleteArgs":{"TestRunStatistics":{"ExecutedTests":18,"Stats":{"Passed":16,"Failed":2}},"IsCanceled":false,"IsAborted":false,"Error":null,"AttachmentSets":[],"InvokedDataCollectors":[],"ElapsedTimeInRunningTests":"00:00:04.3202270","Metrics":{},"DiscoveredExtensions":{"TestDiscoverers":["Xunit.Runner.VisualStudio.VsTestRunner, xunit.runner.visualstudio.dotnetcore.testadapter, Version=2.4.0.0, Culture=neutral, PublicKeyToken=8d05b1bb7a6fdb6c"],"TestExecutors":["executor://xunit/VsTestRunner2/netcoreapp"],"TestExecutors2":[],"TestSettingsProviders":[]}},"LastRunTests":{"NewTestResults":[{"TestCase":{"Id":"210fd57c-986a-0c1c-21b4-662cfaceda5b","FullyQualifiedName":"CustomerTest.CustomerInfoTest.GetPhoneNumber_ReturnsPhoneNumber","DisplayName":"CustomerTest.CustomerInfoTest.GetPhoneNumber_ReturnsPhoneNumber","ExecutorUri":"executor://xunit/VsTestRunner2/netcoreapp","Source":"C:\\Users\\Deca\\Desktop\\week 3 innocent\\week-3-task-Innocent\\BrinelleBankApp\\CustomerTest\\bin\\Debug\\net6.0\\fine-code-coverage\\build-output\\CustomerTest.dll","CodeFilePath":null,"LineNumber":0,"Properties":[]},"Attachments":[],"Outcome":1,"ErrorMessage":null,"ErrorStackTrace":null,"DisplayName":"CustomerTest.CustomerInfoTest.GetPhoneNumber_ReturnsPhoneNumber","Messages":[],"ComputerName":"DECAGON-INNOCHU","Duration":"00:00:00.0001749","StartTime":"2023-09-08T23:13:31.5225693+00:00","EndTime":"2023-09-08T23:13:31.5225694+00:00","Properties":[]}],"TestRunStatistics":{"ExecutedTests":18,"Stats":{"Passed":16,"Failed":2}},"ActiveTests":[]},"RunAttachments":[],"ExecutorUris":["executor://xunit/VsTestRunner2/netcoreapp"]}}
TpTrace Verbose: 0 : 6492, 13, 2023/09/09, 00:13:31.541, 7871368971133, vstest.console.dll, TestRequestSender.EndSession: Sending end session.
TpTrace Verbose: 0 : 6492, 13, 2023/09/09, 00:13:31.541, 7871368972463, vstest.console.dll, ProxyOperationManager.Close: waiting for test host to exit for 100 ms
TpTrace Warning: 0 : 6492, 11, 2023/09/09, 00:13:31.574, 7871369304733, vstest.console.dll, TestHostManagerCallbacks.ErrorReceivedCallback Test host standard error line: 
TpTrace Verbose: 0 : 6492, 11, 2023/09/09, 00:13:31.595, 7871369507196, vstest.console.dll, TestHostProvider.ExitCallBack: Host exited starting callback.
TpTrace Information: 0 : 6492, 11, 2023/09/09, 00:13:31.595, 7871369509033, vstest.console.dll, TestHostManagerCallbacks.ExitCallBack: Testhost processId: 41288 exited with exitcode: 0 error: ''
TpTrace Verbose: 0 : 6492, 11, 2023/09/09, 00:13:31.595, 7871369509499, vstest.console.dll, DotnetTestHostManager.OnHostExited: invoking OnHostExited callback
TpTrace Verbose: 0 : 6492, 11, 2023/09/09, 00:13:31.595, 7871369510037, vstest.console.dll, CrossPlatEngine.TestHostManagerHostExited: calling on client process exit callback.
TpTrace Information: 0 : 6492, 11, 2023/09/09, 00:13:31.595, 7871369510569, vstest.console.dll, TestRequestSender.OnClientProcessExit: Test host process exited. Standard error: 
TpTrace Information: 0 : 6492, 11, 2023/09/09, 00:13:31.595, 7871369510958, vstest.console.dll, SocketServer.Stop: Stop server endPoint: 127.0.0.1:64759
TpTrace Information: 0 : 6492, 11, 2023/09/09, 00:13:31.595, 7871369511222, vstest.console.dll, SocketServer.Stop: Cancellation requested. Stopping message loop.
TpTrace Information: 0 : 6492, 13, 2023/09/09, 00:13:31.595, 7871369511849, vstest.console.dll, SocketServer.Stop: Stop server endPoint: 127.0.0.1:64759
TpTrace Verbose: 0 : 6492, 11, 2023/09/09, 00:13:31.595, 7871369512185, vstest.console.dll, MulticastDelegateUtilities.SafeInvoke: HostProviderEvents.OnHostExited: Invoking callback 1/1 for Microsoft.VisualStudio.TestPlatform.CrossPlatEngine.Client.ProxyOperationManager., took 0 ms.
TpTrace Information: 0 : 6492, 13, 2023/09/09, 00:13:31.595, 7871369512435, vstest.console.dll, SocketServer.Stop: Cancellation requested. Stopping message loop.
TpTrace Information: 0 : 6492, 13, 2023/09/09, 00:13:31.595, 7871369513435, vstest.console.dll, Closing the connection
TpTrace Verbose: 0 : 6492, 13, 2023/09/09, 00:13:31.595, 7871369516558, vstest.console.dll, ProxyDataCollectionManager.InvokeDataCollectionServiceAction: Starting.
TpTrace Information: 0 : 6492, 13, 2023/09/09, 00:13:31.596, 7871369517200, vstest.console.dll, ProxyDataCollectionManager.AfterTestRunEnd: Get attachment set and invoked data collectors processId: 55848 port: 64756
TpTrace Verbose: 0 : 6492, 13, 2023/09/09, 00:13:31.596, 7871369517797, vstest.console.dll, DataCollectionRequestSender.SendAfterTestRunStartAndGetResult: Send AfterTestRunEnd message with isCancelled: False
TpTrace Verbose: 0 : 6492, 13, 2023/09/09, 00:13:31.606, 7871369620187, vstest.console.dll, DataCollectionRequestSender.SendAfterTestRunStartAndGetResult: Received message: (DataCollection.AfterTestRunEndResult) -> {"MessageType":"DataCollection.AfterTestRunEndResult","Payload":{"AttachmentSets":[],"InvokedDataCollectors":[{"Uri":"datacollector://Microsoft/TestPlatform/Extensions/Blame/v1","FriendlyName":"Blame","AssemblyQualifiedName":"Microsoft.TestPlatform.Extensions.BlameDataCollector.BlameCollector, Microsoft.TestPlatform.Extensions.BlameDataCollector, Version=15.0.0.0, Culture=neutral, PublicKeyToken=b03f5f7f11d50a3a","FilePath":"C:\\Program Files\\dotnet\\sdk\\7.0.306\\Extensions\\Microsoft.TestPlatform.Extensions.BlameDataCollector.dll","HasAttachmentProcessor":false}],"Metrics":{}}}
TpTrace Warning: 0 : 6492, 10, 2023/09/09, 00:13:31.611, 7871369669529, vstest.console.dll, DataCollectionLauncher.ErrorReceivedCallback datacollector standard error line: 
TpTrace Information: 0 : 6492, 13, 2023/09/09, 00:13:31.613, 7871369694678, vstest.console.dll, ProxyDataCollectionManager.InvokeDataCollectionServiceAction: Completed.
TpTrace Information: 0 : 6492, 10, 2023/09/09, 00:13:31.618, 7871369742529, vstest.console.dll, DataCollectionLauncher.ExitCallBack: Data collector exited with exitcode: 0 error: ''
TpTrace Verbose: 0 : 6492, 13, 2023/09/09, 00:13:31.647, 7871370034603, vstest.console.dll, TestRunRequest:SendTestRunStatsChange: Starting.
TpTrace Verbose: 0 : 6492, 13, 2023/09/09, 00:13:31.647, 7871370035492, vstest.console.dll, MulticastDelegateUtilities.SafeInvoke: TestRun.RunStatsChanged: Invoking callbacks was skipped because there are no subscribers.
TpTrace Information: 0 : 6492, 13, 2023/09/09, 00:13:31.647, 7871370035713, vstest.console.dll, TestRunRequest:SendTestRunStatsChange: Completed.
TpTrace Verbose: 0 : 6492, 4, 2023/09/09, 00:13:31.647, 7871370036337, vstest.console.dll, MulticastDelegateUtilities.SafeInvoke: InternalTestLoggerEvents.SendTestResult: Invoking callback 1/1 for Microsoft.VisualStudio.TestPlatform.CommandLine.Internal.ConsoleLogger., took 0 ms.
TpTrace Verbose: 0 : 6492, 13, 2023/09/09, 00:13:31.648, 7871370038798, vstest.console.dll, ParallelProxyExecutionManager: HandlePartialRunComplete: Total completed clients = 1, Run complete = True, Run canceled: False.
TpTrace Verbose: 0 : 6492, 4, 2023/09/09, 00:13:31.656, 7871370121331, vstest.console.dll, MulticastDelegateUtilities.SafeInvoke: InternalTestLoggerEvents.SendTestRunComplete: Invoking callback 1/2 for Microsoft.TestPlatform.Extensions.BlameDataCollector.BlameLogger., took 0 ms.
TpTrace Verbose: 0 : 6492, 4, 2023/09/09, 00:13:31.661, 7871370170452, vstest.console.dll, MulticastDelegateUtilities.SafeInvoke: InternalTestLoggerEvents.SendTestRunComplete: Invoking callback 2/2 for Microsoft.VisualStudio.TestPlatform.CommandLine.Internal.ConsoleLogger., took 4 ms.
TpTrace Verbose: 0 : 6492, 13, 2023/09/09, 00:13:31.661, 7871370174585, vstest.console.dll, TestRunRequest:TestRunComplete: Starting. IsAborted:False IsCanceled:False.
TpTrace Verbose: 0 : 6492, 13, 2023/09/09, 00:13:31.662, 7871370185164, vstest.console.dll, TestLoggerManager.HandleTestRunComplete: Ignoring as the object is disposed.
TpTrace Verbose: 0 : 6492, 13, 2023/09/09, 00:13:31.662, 7871370186835, vstest.console.dll, MulticastDelegateUtilities.SafeInvoke: TestRun.TestRunComplete: Invoking callback 1/2 for Microsoft.VisualStudio.TestPlatform.CommandLine.TestRunResultAggregator., took 0 ms.
TpTrace Verbose: 0 : 6492, 13, 2023/09/09, 00:13:31.663, 7871370187863, vstest.console.dll, MulticastDelegateUtilities.SafeInvoke: TestRun.TestRunComplete: Invoking callback 2/2 for Microsoft.VisualStudio.TestPlatform.CommandLine.Processors.RunTestsArgumentExecutor+TestRunRequestEventsRegistrar., took 0 ms.
TpTrace Information: 0 : 6492, 13, 2023/09/09, 00:13:31.663, 7871370188575, vstest.console.dll, TestRunRequest:TestRunComplete: Completed.
TpTrace Verbose: 0 : 6492, 13, 2023/09/09, 00:13:31.663, 7871370188859, vstest.console.dll, TestRequestSender.SetOperationComplete: Setting operation complete.
TpTrace Information: 0 : 6492, 13, 2023/09/09, 00:13:31.663, 7871370189061, vstest.console.dll, SocketServer.Stop: Stop server endPoint: 127.0.0.1:64759
TpTrace Information: 0 : 6492, 13, 2023/09/09, 00:13:31.663, 7871370189251, vstest.console.dll, SocketServer.Stop: Cancellation requested. Stopping message loop.
TpTrace Verbose: 0 : 6492, 1, 2023/09/09, 00:13:31.663, 7871370189316, vstest.console.dll, TestRunRequest.Dispose: Starting.
TpTrace Verbose: 0 : 6492, 13, 2023/09/09, 00:13:31.663, 7871370189486, vstest.console.dll, MulticastDelegateUtilities.SafeInvoke: LengthPrefixCommunicationChannel: MessageReceived: Invoking callback 1/1 for Microsoft.VisualStudio.TestPlatform.CommunicationUtilities.TestRequestSender+<>c__DisplayClass34_0., took 121 ms.
TpTrace Information: 0 : 6492, 1, 2023/09/09, 00:13:31.663, 7871370189867, vstest.console.dll, TestRunRequest.Dispose: Completed.
TpTrace Information: 0 : 6492, 1, 2023/09/09, 00:13:31.663, 7871370190261, vstest.console.dll, TestRequestManager.RunTests: run tests completed.
TpTrace Information: 0 : 6492, 13, 2023/09/09, 00:13:31.663, 7871370190269, vstest.console.dll, SocketServer.PrivateStop: Stopping server endPoint: 127.0.0.1:64759 error: 
TpTrace Information: 0 : 6492, 1, 2023/09/09, 00:13:31.663, 7871370191076, vstest.console.dll, RunTestsArgumentProcessor:Execute: Test run is completed.
TpTrace Verbose: 0 : 6492, 1, 2023/09/09, 00:13:31.663, 7871370192690, vstest.console.dll, Executor.Execute: Exiting with exit code of 1
TpTrace Verbose: 0 : 6492, 13, 2023/09/09, 00:13:31.663, 7871370193600, vstest.console.dll, LengthPrefixCommunicationChannel.Dispose: Dispose reader and writer.
TpTrace Information: 0 : 6492, 13, 2023/09/09, 00:13:31.663, 7871370194318, vstest.console.dll, SocketServer.Stop: Raise disconnected event endPoint: 127.0.0.1:64759 error: 
TpTrace Verbose: 0 : 6492, 13, 2023/09/09, 00:13:31.663, 7871370195228, vstest.console.dll, TestRequestSender: OnTestRunAbort: Operation is already complete. Skip error message.
TpTrace Verbose: 0 : 6492, 13, 2023/09/09, 00:13:31.663, 7871370195654, vstest.console.dll, MulticastDelegateUtilities.SafeInvoke: SocketServer: ClientDisconnected: Invoking callback 1/1 for Microsoft.VisualStudio.TestPlatform.CommunicationUtilities.TestRequestSender., took 0 ms.
TpTrace Verbose: 0 : 6492, 13, 2023/09/09, 00:13:31.663, 7871370196043, vstest.console.dll, TcpClientExtensions.MessageLoopAsync: exiting MessageLoopAsync remoteEndPoint: 127.0.0.1:64760 localEndPoint: 127.0.0.1:64759
